0.01 13149.9 13689.2 12368.5 13711.5 18120.1 13943.6 14043 13036.4 14265.5 13173.8 12299.4 15322.9 14603.1 14677.5 13967.7 14926.2 13343.4 13494.4 13679.6 13309.6 12931.3 18359.3 13138.1 14834.6 14928.7 11333 14484 13597.7 13813.3 12309.2 14590.3 14965.7 14070.2 14529.8 9782.93 10032 10425.8 8890.1
0.02 26299.9 27378.4 24737.1 27423 36240.4 27887.2 28086.1 26072.9 28531 26347.5 24598.9 30645.9 29206.1 29355 27935.4 29852.4 26686.8 26988.9 27359.3 26619.3 25862.9 36718.6 26276.2 29669.3 29857.4 22666.1 28968 27195.3 27626.7 24618.4 29180.6 29931.3 28140.5 29059.6 19565.8 20064.3 20851.5 17780.2
0.03 39284.4 41297.9 37251.7 41245.5 54013.7 41905 42075.6 39169.2 42829.1 39658 36965.3 45945.8 43741 44084.3 42080.8 44860.7 39890.9 40008.2 40860.3 39787.2 38785.3 54749.3 39394.7 44508.6 44846 33614.9 43587.9 40904.9 41428.5 37044.3 43816.9 44930.2 42208.4 43449.1 28699.6 29699.8 30534.3 25475.6
0.04 50904.2 55173.6 47515.5 54748.5 72189.6 55526.4 56451.5 50646 57175.8 51804.9 48337.8 60966.8 58601.2 59157.3 57390.1 60423.6 51295.8 51307.8 53745.9 51500 50096.9 72669.5 51889 59122.2 60610 40259 58418.4 54032.2 52965.6 48816.4 58752.5 60034.3 55912.3 57412 35685.6 38889.7 38787.5 30022.2
0.045 56290.2 61772.2 50879.5 60981.8 81814.8 61843.7 63861.6 54285.6 64366 57063.6 51837.7 69188.6 66445.2 66643.2 65450.3 68778.9 56270.4 56417.3 60259 57200.2 54219.1 81883.9 57837.2 66329.3 69180.3 41943.2 65608.2 60687.5 58188.8 52954.5 66211.6 68263.1 62468.5 64149.1 38714.6 43793.7 42584 31305.6
0.05 61567.7 67806.6 53332.2 66910.2 91763.9 67570 71190.6 56871.5 71537 61765.8 53687.7 78121.7 73719.9 74203.8 73404.2 77363.1 60757.6 61336.4 66901.8 62862.9 57235.5 91307.8 63021.6 73757.3 78098 42923.5 72861.6 67736.6 63313.1 55852.9 73836.1 77165.7 69536.9 70829.8 41766.8 49262.1 46235.1 32229.4
0.06 71574.4 78313.1 58281.6 78725.4 111018 77198.2 84649.3 60119.6 86342.9 69100.5 54180 97534.6 85809.9 90359.9 88144.1 93161.3 69648.7 71096.4 80856.2 73995.6 60965.8 108522 70680.7 90539.7 96367.9 42680 88963.7 81428.8 71796.5 59251.3 89889 96260.6 85189.9 83363 47390.1 61205.4 52931.4 33173.2
0.07 79428 87678.3 60866 90882.4 128154 86199.1 96608.3 62397.5 100919 74771.3 51884.5 118565 95892 107763 101147 107177 78850.7 81579.3 96042.2 84163.4 62635 124062 74261.6 108123 113949 40239.4 106051 94183.6 78811 59908.7 107566 116668 101880 95536.2 51325.2 74465.3 58410.8 32378.4
0.0700698 79478 87743.9 60876.9 90969.7 128279 86259.8 96693.5 62402.1 101022 74805.6 51859.4 118713 95959 107885 101241 107273 78923.3 81654.5 96156.4 84215.7 62636 124165 74280.2 108248 114069 40214.4 106175 94248.6 78856.3 59905.2 107690 116811 102001 95605.3 51348 74562.1 58444.3 32365.9
0.0701406 79528.6 87810.6 60888 91058.5 128406 86321.5 96780.1 62406.8 101127 74840 51834 118864 96026.9 108010 101337 107370 78996.8 81730.9 96272.3 84268.6 62637.1 124270 74298.9 108374 114190 40189.1 106301 94314.5 78902.3 59901.5 107817 116956 102123 95674.8 51371.2 74660.6 58478.3 32353.3
0.0702092 79577.8 87875.2 60898.6 91144.6 128528 86381.2 96863.9 62411.6 101229 74872 51809.3 119010 96092.7 108131 101430 107464 79068 81804.8 96382.2 84320.1 62638.1 124371 74317 108497 114307 40164.4 106424 94378.9 78946.8 59897.8 107939 117096 102241 95742.4 51393.7 74756.1 58511.3 32340.9
0.0702778 79627.2 87939.8 60908.1 91230.6 128651 86440.9 96947.7 62416.3 101331 74904 51784.6 119156 96158.3 108251 101521 107558 79139.3 81878.9 96490.5 84371.6 62639 124473 74332.8 108619 114425 40139.8 106547 94443.9 78990.8 59894.2 108062 117237 102360 95810.1 51416.3 74851.6 58544.3 32328.1
0.0703474 79677.2 88005.4 60917.6 91318 128775 86501.5 97032.9 62421 101434 74936.5 51759.5 119305 96224.9 108374 101612 107653 79211.6 81954.1 96600.6 84424 62639.2 124576 74348.6 108744 114544 40114.8 106672 94510.2 79035.2 59890.5 108186 117380 102480 95878.8 51439.2 74948.7 58577.8 32315
0.0704178 79727.7 88071.7 60927.2 91406.2 128900 86562.6 97118.7 62425.8 101538 74969.3 51734.2 119455 96291.9 108497 101702 107750 79284.7 82030.8 96711.9 84477.1 62639.4 124682 74364.8 108869 114664 40089.5 106799 94577.5 79079.8 59887.7 108312 117525 102601 95948.4 51462.3 75047.1 58612.2 32301.8
0.0704896 79779.7 88139.1 60937.2 91496.5 129027 86624.9 97206.1 62430.4 101644 75002.6 51707.8 119607 96360.2 108624 101794 107849 79359.3 82109.4 96825.8 84531.3 62639.5 124789 74382.4 108998 114787 40063.9 106928 94645.9 79125.1 59889.1 108440 117671 102725 96019.5 51486 75147.7 58647.5 32288.4
0.0705603 79829.4 88205.4 60947.1 91585.2 129151 86686.3 97291.9 62434.8 101748 75035.3 51681.9 119756 96427.5 108747 101885 107946 79432.7 82186.9 96937.9 84584.7 62639.1 124895 74399.5 109123 114908 40038.7 107055 94713.3 79169.7 59890.3 108566 117815 102847 96089.3 51509.2 75246.6 58682.1 32275.3
0.0706305 79878.6 88271.3 60955.8 91673.6 129276 86747.3 97377.5 62439.2 101852 75068 51656 119905 96494.3 108871 101974 108043 79505.8 82264 97049.6 84637.9 62638.4 125000 74416.4 109249 115028 40013.7 107181 94780.3 79213.9 59891.5 108691 117958 102969 96158.9 51532.3 75345.2 58716.6 32262.4
0.0706996 79927 88336.1 60964.4 91760.3 129398 86807.3 97461.7 62443.3 101954 75100.1 51630.4 120052 96559.8 108993 102063 108138 79577.8 82339.8 97159.6 84689.9 62637.8 125104 74433 109372 115147 39989.1 107305 94845.9 79257.2 59892.6 108814 118099 103088 96227.4 51555.1 75442.1 58750.5 32250
0.0707714 79977.3 88403.6 60973.7 91850.3 129525 86869.7 97549.3 62447.4 102060 75133.6 51603.9 120204 96628.1 109119 102154 108237 79653.5 82418.6 97273.8 84741.9 62637 125211 74450.1 109500 115269 39963.4 107433 94914 79301.9 59893.7 108942 118246 103212 96299.3 51579.1 75542.8 58785.6 32236.8
0.0708451 80029.1 88473.2 60983.2 91942 129658 86933.8 97639.4 62451.6 102169 75167.8 51576.7 120360 96698.3 109249 102248 108339 79733.7 82499.3 97391 84789 62636.3 125321 74467.3 109631 115395 39936.9 107566 94984.2 79347.4 59894.9 109073 118396 103339 96372.8 51603.9 75646.1 58821.6 32223.1
0.070917 80079.8 88540.9 60992.6 92031.7 129787 86996.4 97727.5 62455.8 102276 75201 51550.2 120512 96766.3 109375 102341 108438 79812.1 82578 97505.5 84835 62635.5 125428 74483.7 109759 115518 39910.8 107695 95052.7 79391.9 59896 109200 118543 103463 96444.8 51628.1 75747 58857 32209.8
0.0709866 80129 88606.6 61001.4 92118.5 129912 87056.8 97812.6 62459.7 102379 75233.1 51524.6 120659 96832.1 109498 102429 108533 79887.9 82653.9 97616.3 84879.4 62634.8 125532 74499.4 109883 115636 39885.4 107819 95118.9 79434.9 59897 109324 118684 103583 96514.4 51651.3 75844.5 58891.2 32196.8
0.0710536 80176.3 88670.1 61010 92202.2 130031 87114.9 97894.6 62463.4 102479 75264 51499.8 120801 96895.5 109616 102515 108625 79961.3 82727.1 97722.6 84923.1 62633.9 125633 74514.4 110002 115751 39860.8 107939 95182.9 79476.8 59897.9 109443 118821 103698 96582.3 51672.4 75938.7 58924.3 32184.3
0.0711235 80225.5 88736.6 61018.4 92289.5 130155 87175.3 97980.1 62467.2 102583 75296.5 51474 120948 96962.9 109740 102604 108721 80037.7 82803.3 97833.1 84968.6 62633 125739 74529.7 110127 115870 39834.6 108064 95249.5 79520.6 59898.6 109567 118963 103819 96652.8 51694.4 76036.8 58958.8 32171.1
0.0711903 80272.5 88800.8 61026.9 92373.3 130274 87233 98061.8 62470.5 102683 75328 51449.4 121089 97030.1 109861 102690 108813 80110.7 82876 97938.9 85012.1 62632.1 125839 74544.3 110245 115974 39809.1 108184 95313.2 79562.6 59899 109689 119098 103934 96720.1 51715.4 76131 58991.6 32158.5
0.0712562 80319.1 88864.2 61035.3 92455.9 130390 87290.1 98142.3 62473.5 102782 75359.1 51425.1 121228 97096.5 109980 102774 108903 80182.9 82947.7 98043.3 85054.9 62631.2 125938 74558.5 110362 116075 39783.9 108302 95376.2 79604 59898.5 109809 119232 104047 96786.6 51736.1 76224.2 59023.8 32146.1
0.0713213 80365.1 88926.4 61043.6 92537.6 130506 87346.4 98219.8 62476.4 102878 75389.9 51401.1 121365 97161.9 110098 102858 108992 80253.1 83018.4 98146.5 85096.2 62629.8 126036 74572.4 110478 116174 39758.9 108418 95438.3 79645 59898 109927 119364 104159 96859.6 51756.6 76316.3 59055.6 32134.3
0.071387 80411.6 88989.1 61051.9 92620.1 130622 87403.3 98297.6 62479.5 102972 75421 51377 121504 97228 110217 102942 109083 80323.8 83090.1 98251.4 85137.7 62628.2 126134 74586.4 110595 116275 39733.2 108536 95501.2 79686.8 59897.3 110047 119498 104273 96935.1 51777.4 76409.5 59087.8 32122.4
0.0714522 80457.9 89050.5 61060 92702 130737 87459.7 98374.7 62482.4 103065 75451.9 51353.1 121642 97293.6 110335 103025 109172 80393.5 83161.1 98355.3 85178.9 62626.7 126231 74600.3 110710 116375 39707.7 108652 95563.5 79728.1 59896.6 110165 119630 104385 97010 51798 76502 59119.6 32110.8
0.0715167 80504.3 89110.9 61067.9 92783.1 130851 87515.9 98449.9 62485.4 103158 75482.3 51329.5 121778 97358.6 110452 103108 109261 80462.4 83231.8 98458.1 85219.9 62625.3 126327 74614 110826 116474 39682.7 108767 95625.4 79769 59895.8 110283 119761 104497 97084.4 51818.4 76593.5 59151.1 32099.1
0.0715803 80550.1 89170.4 61075.7 92862.9 130964 87571.2 98522.5 62488.3 103249 75511.8 51306.2 121913 97422.6 110567 103189 109348 80530.3 83301.7 98559.4 85260.2 62624 126422 74627.3 110939 116572 39658.4 108881 95686.3 79809.4 59895.2 110399 119890 104606 97157.9 51838.6 76683.7 59182.2 32087.3
0.0716439 80595.8 89229.9 61083.5 92942.8 131076 87626.5 98595.3 62491.1 103340 75541.5 51282.1 122048 97485.7 110683 103271 109436 80598.2 83371.7 98660.7 85300.5 62622.7 126517 74640.6 111053 116669 39634 108994 95747.4 79849.7 59894.6 110514 120019 104716 97231.4 51858.8 76774.1 59213.5 32075.4
0.0717061 80640.7 89288.1 61091.1 93020.8 131186 87680.3 98666.5 62493.9 103429 75570.6 51258.4 122180 97547.2 110795 103350 109522 80664.6 83440.2 98759.9 85340.1 62620.8 126610 74653.6 111164 116765 39610.1 109105 95807 79888.5 59893.9 110628 120146 104823 97303.4 51878.5 76862.6 59244.1 32063.8
0.0717681 80685.4 89346 61098.7 93098.3 131296 87733 98737.3 62496.4 103518 75599.5 51234.8 122311 97608.2 110908 103430 109605 80730.8 83508.5 98858.9 85379.5 62618.8 126703 74666.4 111275 116860 39586.4 109216 95866.5 79927 59893.2 110741 120272 104930 97375 51897.9 76950.8 59274.5 32051.9
0.0718284 80729 89402.5 61106 93173.9 131402 87784.3 98806.2 62498.8 103603 75628.2 51218.9 122439 97667.2 111017 103507 109686 80795.1 83574.9 98955.3 85417.8 62616.8 126793 74677.9 111383 116952 39563.4 109324 95924.4 79964.5 59892.4 110850 120393 105034 97444.8 51916.9 77036.8 59304.2 32040.2
0.0718891 80772.9 89459.3 61113.4 93249.8 131509 87835.8 98875.5 62501.1 103690 75657 51204.6 122566 97726.6 111127 103584 109766 80859.9 83641.8 99052.1 85456.4 62614.9 126884 74689.1 111492 117045 39540.2 109433 95982.4 80002.1 59891.5 110961 120516 105139 97515 51936.1 77123.3 59333.9 32028.3
0.0719501 80817.2 89516.4 61120.7 93326.3 131617 87887.6 98945.2 62503.3 103777 75685.7 51190.1 122694 97786.3 111237 103662 109847 80925.2 83709.1 99149.8 85495.2 62612.9 126976 74700.3 111601 117139 39516.9 109542 96040.6 80039.8 59890.3 111071 120639 105244 97585.6 51955.5 77210.4 59363.7 32016.2
0.0720116 80861.8 89574 61127.6 93403.2 131726 87939.7 99015.6 62505.3 103865 75714.1 51175.6 122824 97846.4 111348 103741 109929 80990.8 83776.8 99248.3 85534.3 62611.1 127068 74711.5 111711 117233 39493.5 109652 96099.3 80077.7 59889.1 111183 120762 105350 97656.7 51974.9 77298 59393.6 32004.1
0.0720711 80905 89629.8 61134.2 93477.7 131831 87990.2 99083.8 62507.3 103950 75741.4 51161.3 122949 97904.6 111456 103817 110008 81054.4 83842.3 99343.6 85572.3 62610.1 127157 74722.3 111818 117324 39470.7 109759 96156.1 80114.5 59887.2 111291 120882 105452 97725.6 51993.6 77380.8 59422.6 31992.2
0.0721291 80947 89684.2 61140.5 93550.5 131933 88039.4 99150.3 62509.2 104033 75768 51146.9 123071 97961.5 111561 103891 110085 81116.4 83906.2 99436.6 85609.3 62609 127244 74732.7 111922 117414 39448.4 109863 96211.7 80150.2 59885.2 111396 120999 105552 97792.8 52011.8 77461.7 59450.8 31980.7
0.0721875 80989 89738.6 61146.9 93623.7 132037 88088.9 99215.9 62511.2 104116 75794.6 51132.2 123194 98019 111666 103966 110162 81178.7 83970.6 99530.1 85646.5 62615.2 127332 74743.2 112027 117503 39426.1 109967 96267.6 80186.2 59883.1 111502 121117 105652 97859.5 52030.3 77542.2 59479.1 31969.1
0.0722454 81030.6 89792.5 61153.3 93696.4 132141 88137.9 99280.6 62512.8 104199 75821.1 51118.8 123316 98076 111770 104040 110239 81240.3 84034.5 99622.7 85683.4 62625.1 127419 74752.7 112131 117592 39404.2 110070 96323.1 80222 59881 111607 121233 105750 97925 52048.6 77621.6 59507.3 31957.6
0.0723024 81071.6 89845.7 61159.4 93768.2 132244 88186.1 99344.2 62513.8 104281 75847.7 51111.5 123435 98131.9 111872 104114 110315 81300.9 84097.4 99714.5 85719.7 62634.8 127504 74760.8 112234 117679 39381.9 110173 96373.5 80257.3 59879.1 111710 121347 105847 97989.3 52066.7 77699.7 59535 31946.4
0.0723578 81111.6 89897.6 61165.4 93838.2 132345 88233 99407.9 62514.5 104360 75873.5 51103.9 123551 98186.3 111972 104186 110388 81360.4 84158.7 99804 85755.8 62642.2 127587 74768.6 112333 117764 39360 110273 96420.6 80291.7 59877 111810 121457 105942 98046.3 52083.2 77775.4 59561.6 31935.4
0.0724137 81152.2 89950.4 61171.4 93908.9 132449 88280.3 99474.4 62515 104440 75899.5 51096.1 123668 98241.1 112073 104259 110462 81421 84220.4 99894.4 85793.1 62647.1 127672 74776.4 112434 117850 39337.4 110374 96467.9 80326.3 59874.8 111911 121569 106039 98096.8 52098.7 77851.3 59588.2 31924.2
0.0724699 81192.9 90003 61177.4 93979.8 132553 88327.7 99541.1 62515.3 104521 75925.5 51088.4 123786 98296 112175 104332 110536 81481.7 84282.3 99985.2 85830.5 62651.9 127756 74784.1 112535 117936 39314.8 110475 96515.4 80360.8 59872.6 112013 121681 106136 98147.4 52114.5 77927.4 59614.4 31912.9
0.0725271 81234.5 90056.6 61183.5 94052.2 132659 88376.1 99609 62515.7 104603 75952.2 51080.3 123906 98351.8 112278 104407 110612 81543.5 84345.6 100078 85868.8 62656.9 127843 74792 112638 118023 39291.8 110578 96563.8 80395.8 59870.2 112116 121796 106236 98199 52130.5 78005 59641 31901.1
0.0725836 81275.4 90109.5 61189.4 94123.7 132763 88424 99676.2 62516 104684 75978.6 51072.4 124024 98407.1 112380 104480 110687 81604.2 84408.2 100169 85906.7 62661.8 127928 74799.9 112740 118110 39269 110680 96611.6 80430.2 59867.7 112219 121909 106334 98250 52146.3 78081.9 59667.2 31888.8
0.0726401 81315.8 90162.4 61195.3 94195.1 132867 88471.7 99743.3 62516.3 104765 76004.9 51064.2 124143 98462.2 112482 104554 110762 81664.8 84470.7 100261 85944.4 62666.6 128013 74807.5 112841 118197 39246 110782 96659.4 80464.5 59865.1 112321 122022 106432 98300.9 52162 78158.7 59693.4 31876.7
0.0726963 81355.7 90215 61201.2 94266.2 132970 88518.8 99810.1 62516.6 104846 76031 51056.1 124261 98517.1 112584 104627 110836 81725.2 84532.9 100352 85982.1 62671.4 128098 74815.2 112943 118283 39223.2 110883 96707 80498.7 59862.4 112423 122134 106530 98351.6 52177.8 78235.3 59719.4 31864.6
0.0727512 81394.8 90265.9 61206.9 94335.7 133071 88564.8 99874.8 62516.7 104925 76056.5 51048 124376 98570.9 112683 104698 110909 81784.3 84593.8 100441 86018.7 62675.7 128181 74822.6 113041 118368 39200.7 110981 96753.6 80532.1 59859.7 112523 122244 106625 98401.2 52192.9 78310.1 59744.8 31852.9
0.0728054 81433.5 90316.2 61212.6 94404.4 133171 88610.2 99938.4 62516.9 105003 76081.6 51040 124490 98624 112781 104769 110981 81842.7 84653.8 100530 86054.9 62679.5 128262 74829.8 113139 118451 39178.4 111079 96799.3 80564.9 59857.1 112621 122352 106720 98450.4 52208 78384 59769.9 31841.4
0.0728586 81471.5 90365.6 61218.1 94471.9 133269 88654.7 100001 62517 105079 76106.2 51032.2 124601 98676 112877 104838 111051 81899.8 84712.9 100616 86090.4 62683.2 128342 74836.9 113235 118533 39156.5 111174 96844 80597.1 59854.5 112717 122459 106812 98498.7 52222.8 78456.5 59794.5 31830.2
0.0729123 81509.8 90415.5 61223.6 94540 133368 88699.6 100064 62517.1 105157 76131 51024.2 124713 98728.4 112974 104908 111122 81957.4 84772.6 100703 86126.1 62686.5 128422 74843.9 113331 118615 39134.4 111271 96888.9 80629.6 59851.9 112814 122566 106905 98547.4 52237.7 78529.6 59819.4 31818.9
0.0729656 81547.9 90465.1 61229.1 94607.8 133467 88744.2 100126 62517.1 105234 76155.6 51016.3 124825 98780.6 113070 104977 111193 82016 84832 100790 86158.6 62689.6 128502 74850.9 113427 118697 39112.4 111366 96933.6 80661.8 59849.2 112911 122672 106998 98595.5 52252.6 78602.4 59844.1 31807.7
0.0730188 81586.1 90514.8 61234.6 94675.6 133566 88788.7 100189 62517 105310 76180 51008.4 124936 98832.7 113166 105046 111263 82074.5 84891.1 100877 86190.8 62692.7 128581 74857.6 113522 118779 39090.3 111462 96977.9 80693.4 59846.6 113007 122778 107091 98643.5 52267.5 78675.2 59868.9 31796.5
0.0730712 81623.7 90563.7 61240 94742.4 133664 88832.5 100250 62516.9 105386 76204.1 51000.6 125046 98883.9 113261 105114 111333 82132.1 84949.4 100962 86222.5 62695.7 128659 74864.1 113616 118860 39068.7 111555 97021.3 80724.4 59844 113102 122883 107182 98690.8 52282.3 78747 59893.4 31785.5
0.0731235 81661.3 90612.6 61245.3 94809.1 133761 88876.2 100312 62516.7 105461 76228.1 50992.7 125155 98935.1 113355 105182 111402 82189.5 85007.6 101048 86254.2 62698.7 128738 74870.4 113710 118940 39047.3 111649 97064.7 80755.1 59841.4 113196 122987 107273 98738 52297.1 78818.8 59917.8 31774.5
0.0731776 81700.1 90663.1 61250.9 94877.9 133862 88921.4 100375 62516.6 105539 76252.9 50984.5 125268 98987.8 113453 105252 111474 82248.9 85067.8 101136 86287 62701.7 128818 74877 113806 119023 39025.1 111746 97109.5 80786.9 59838.7 113294 123095 107367 98786.8 52312.3 78893.2 59942.9 31762.9
0.0732324 81739.5 90714.4 61256.4 94947.7 133963 88967.4 100439 62516.4 105619 76278 50976.2 125383 99041.3 113552 105323 111546 82309.2 85129 101225 86320.2 62704.7 128900 74883.7 113905 119107 39002.7 111844 97155 80819.1 59835.8 113393 123204 107462 98836.4 52327.6 78968.7 59968.5 31751.1
0.0732862 81778.2 90764.8 61261.8 95016.3 134063 89012.3 100502 62516.2 105696 76302.5 50968.2 125495 99094.1 113649 105393 111617 82368.2 85188.9 101313 86352.8 62707.8 128981 74890.2 114001 119190 38980.6 111940 97199.5 80850.7 59832.9 113491 123311 107556 98885.1 52342.7 79042.5 59993.4 31739.5
0.0733399 81816.9 90815.2 61267 95084.6 134163 89057.3 100565 62515.8 105774 76327 50960 125608 99146.7 113746 105463 111689 82427.1 85248.6 101401 86385.4 62710.9 129061 74896.7 114097 119273 38958.6 112037 97244 80882.3 59830 113588 123418 107649 98933.7 52357.6 79116.3 60018.3 31727.8
0.0733929 81855.2 90864.9 61272.2 95151.9 134261 89101.7 100626 62515.5 105851 76351.1 50951.8 125719 99198.6 113841 105532 111759 82485.1 85307.3 101487 86417.6 62713.8 129141 74903.1 114192 119355 38936.9 112131 97287.8 80913.5 59827.2 113684 123524 107742 98981.6 52372.4 79189.1 60042.8 31716.5
0.0734448 81892.7 90913.4 61277.3 95216.2 134357 89145.1 100687 62515 105926 76374.7 50943.9 125827 99249.2 113935 105599 111828 82541.8 85364.6 101571 86449 62716.7 129218 74909.3 114285 119435 38915.6 112223 97332.8 80949.2 59824.4 113777 123627 107832 99028.5 52386.9 79260.2 60066.8 31705.5
0.0734957 81929.8 90961.1 61282.3 95278.5 134452 89187.7 100746 62514.7 106000 76397.9 50936.1 125933 99298.8 114027 105665 111895 82597.6 85420.7 101651 86480 62719.6 129294 74915.2 114376 119513 38894.7 112314 97379.1 80987.8 59821.5 113869 123728 107920 99074.5 52401.2 79330.3 60090.4 31694.9
0.0735455 81966.3 91007.7 61287.2 95338.9 134544 89229.4 100805 62515.7 106072 76420.5 50928.5 126037 99347.2 114116 105729 111960 82652.1 85475.6 101729 86510.2 62722.2 129367 74920.7 114464 119590 38874.2 112402 97425.1 81026.6 59818.6 113960 123827 108007 99119.4 52415.3 79398.8 60113.6 31684.6
0.0735963 82003.5 91055.3 61291.4 95400.7 134639 89271.8 100864 62516.7 106145 76443.8 50920.6 126144 99396.4 114208 105795 112027 82707.7 85531.6 101808 86540.9 62724.8 129443 74925.1 114554 119669 38853.1 112493 97472.1 81066.4 59815.7 114052 123929 108096 99165.1 52429.8 79468.8 60137.3 31674.1
