0.01 -0.0307061
0.02 -0.0307061
0.03 -0.0307061
0.04 -0.0307061
0.05 -0.0307061
0.06 -0.0307061
0.07 -0.0307061
0.08 -0.0307061
0.09 -0.0307061
0.1 -0.0307061
0.11 -0.0307061
0.12 -0.0307061
0.13 -0.0307061
0.14 -0.0307061
0.15 -0.0307061
0.16 -0.0307061
0.17 -0.0307061
0.18 -0.0307061
0.19 -0.0307061
0.2 -0.0307061
0.21 -0.0307061
0.22 -0.0307061
0.23 -0.0307061
0.24 -0.0307061
0.25 -0.0307061
0.26 -0.0307061
0.27 -0.0307061
0.28 -0.0307061
0.29 -0.0307061
0.3 -0.0307061
0.31 -0.0307061
0.32 -0.0307061
0.33 -0.0307061
0.34 -0.0307061
0.35 -0.0307061
0.36 -0.0307061
0.37 -0.0307061
0.38 -0.0307061
0.39 -0.0307061
0.4 -0.0307061
0.41 -0.0307061
0.42 -0.0307061
0.43 -0.0307061
0.44 -0.0307061
0.45 -0.0307061
0.46 -0.0307061
0.47 -0.0307061
0.48 -0.0307061
0.49 -0.0307061
0.5 -0.0307061
0.51 -0.0307061
0.52 -0.0307061
0.53 -0.0307061
0.54 -0.0307061
0.55 -0.0307061
0.56 -0.0307061
0.57 -0.0307061
0.58 -0.0307061
0.59 -0.0307061
0.6 -0.0307061
0.61 -0.0307061
0.62 -0.0307061
0.63 -0.0307061
0.64 -0.0307061
0.65 -0.0307061
0.66 -0.0307061
0.67 -0.0307061
0.68 -0.0307061
0.69 -0.0307061
0.7 -0.0307061
0.71 -0.0307061
0.72 -0.0307061
0.73 -0.0307061
0.74 -0.0307061
0.75 -0.0307061
0.76 -0.0307061
0.77 -0.0307061
0.78 -0.0307061
0.79 -0.0307061
0.8 -0.0307061
0.81 -0.0307061
0.82 -0.0307061
0.83 -0.0307061
0.84 -0.0307061
0.85 -0.0307061
0.86 -0.0307061
0.87 -0.0307061
0.88 -0.0307061
0.89 -0.0307061
0.9 -0.0307061
0.91 -0.0307061
0.92 -0.0307061
0.93 -0.0307061
0.94 -0.0307061
0.95 -0.0307061
0.96 -0.0307061
0.97 -0.0307061
0.98 -0.0307061
0.99 -0.0307061
1 -0.0307061
1.002 -9.57551e-11
1.004 -9.57512e-11
1.006 -9.57446e-11
1.008 -9.5742e-11
1.01 -9.57405e-11
1.012 -9.57397e-11
1.014 -9.57392e-11
1.016 -9.57389e-11
1.018 -9.57387e-11
1.02 -9.57386e-11
1.022 -9.57386e-11
1.024 -9.57385e-11
1.026 -9.57385e-11
1.028 -9.57385e-11
1.03 -9.57385e-11
1.032 -9.57385e-11
1.034 -9.57385e-11
1.036 -9.57385e-11
1.038 -9.57385e-11
1.04 -9.57385e-11
1.042 -9.57385e-11
1.044 -9.57385e-11
1.046 -9.57385e-11
1.048 -9.57385e-11
1.05 -9.57385e-11
1.052 -9.57385e-11
1.054 -9.57385e-11
1.056 -9.57385e-11
1.058 -9.57385e-11
1.06 -9.57385e-11
1.062 -9.57385e-11
1.064 -9.57385e-11
1.066 -9.57385e-11
1.068 -9.57385e-11
1.07 -9.57385e-11
1.072 -9.57385e-11
1.074 -9.57385e-11
1.076 -9.57385e-11
1.078 -9.57385e-11
1.08 -9.57385e-11
1.082 -9.57385e-11
1.084 -9.57385e-11
1.086 -9.57385e-11
1.088 -9.57385e-11
1.09 -9.57385e-11
1.092 -9.57385e-11
1.094 -9.57385e-11
1.096 -9.57385e-11
1.098 -9.57385e-11
1.1 -9.57385e-11
1.102 -9.57385e-11
1.104 -9.57385e-11
1.106 -9.57385e-11
1.108 -9.57385e-11
1.11 -9.57385e-11
1.112 -9.57385e-11
1.114 -9.57385e-11
1.116 -9.57385e-11
1.118 -9.57385e-11
1.12 -9.57385e-11
1.122 -9.57385e-11
1.124 -9.57385e-11
1.126 -9.57385e-11
1.128 -9.57385e-11
1.13 -9.57385e-11
1.132 -9.57385e-11
1.134 -9.57385e-11
1.136 -9.57385e-11
1.138 -9.57385e-11
1.14 -9.57385e-11
1.142 -9.57385e-11
1.144 -9.57385e-11
1.146 -9.57385e-11
1.148 -9.57385e-11
1.15 -9.57385e-11
1.152 -9.57385e-11
1.154 -9.57385e-11
1.156 -9.57385e-11
1.158 -9.57385e-11
1.16 -9.57385e-11
1.162 -9.57385e-11
1.164 -9.57385e-11
1.166 -9.57385e-11
1.168 -9.57385e-11
1.17 -9.57385e-11
1.172 -9.57385e-11
1.174 -9.57385e-11
1.176 -9.57385e-11
1.178 -9.57385e-11
1.18 -9.57385e-11
1.182 -9.57385e-11
1.184 -9.57385e-11
1.186 -9.57385e-11
1.188 -9.57385e-11
1.19 -9.57385e-11
1.192 -9.57385e-11
1.194 -9.57385e-11
1.196 -9.57385e-11
1.198 -9.57385e-11
1.2 -9.57385e-11
1.202 -9.57385e-11
1.204 -9.57385e-11
1.206 -9.57385e-11
1.208 -9.57385e-11
1.21 -9.57385e-11
1.212 -9.57385e-11
1.214 -9.57385e-11
1.216 -9.57385e-11
1.218 -9.57385e-11
1.22 -9.57385e-11
1.222 -9.57385e-11
1.224 -9.57385e-11
1.226 -9.57385e-11
1.228 -9.57385e-11
1.23 -9.57385e-11
1.232 -9.57385e-11
1.234 -9.57385e-11
1.236 -9.57385e-11
1.238 -9.57385e-11
1.24 -9.57385e-11
1.242 -9.57385e-11
1.244 -9.57385e-11
1.246 -9.57385e-11
1.248 -9.57385e-11
1.25 -9.57385e-11
1.252 -9.57385e-11
1.254 -9.57385e-11
1.256 -9.57385e-11
1.258 -9.57385e-11
1.26 -9.57385e-11
1.262 -9.57385e-11
1.264 -9.57385e-11
1.266 -9.57385e-11
1.268 -9.57385e-11
1.27 -9.57385e-11
1.272 -9.57385e-11
1.274 -9.57385e-11
1.276 -9.57385e-11
1.278 -9.57385e-11
1.28 -9.57385e-11
1.282 -9.57385e-11
1.284 -9.57385e-11
1.286 -9.57385e-11
1.288 -9.57385e-11
1.29 -9.57385e-11
1.292 -9.57385e-11
1.294 -9.57385e-11
1.296 -9.57385e-11
1.298 -9.57385e-11
1.3 -9.57385e-11
1.302 -9.57385e-11
1.304 -9.57385e-11
1.306 -9.57385e-11
1.308 -9.57385e-11
1.31 -9.57385e-11
1.312 -9.57385e-11
1.314 -9.57385e-11
1.316 -9.57385e-11
1.318 -9.57385e-11
1.32 -9.57385e-11
1.322 -9.57385e-11
1.324 -9.57385e-11
1.326 -9.57385e-11
1.328 -9.57385e-11
1.33 -9.57385e-11
1.332 -9.57385e-11
1.334 -9.57385e-11
1.336 -9.57385e-11
1.338 -9.57385e-11
1.34 -9.57385e-11
1.342 -9.57385e-11
1.344 -9.57385e-11
1.346 -9.57385e-11
1.348 -9.57385e-11
1.35 -9.57385e-11
1.352 -9.57385e-11
1.354 -9.57385e-11
1.356 -9.57385e-11
1.358 -9.57385e-11
1.36 -9.57385e-11
1.362 -9.57385e-11
1.364 -9.57385e-11
1.366 -9.57385e-11
1.368 -9.57385e-11
1.37 -9.57385e-11
1.372 -9.57385e-11
1.374 -9.57385e-11
1.376 -9.57385e-11
1.378 -9.57385e-11
1.38 -9.57385e-11
1.382 -9.57385e-11
1.384 -9.57385e-11
1.386 -9.57385e-11
1.388 -9.57385e-11
1.39 -9.57385e-11
1.392 -9.57385e-11
1.394 -9.57385e-11
1.396 -9.57385e-11
1.398 -9.57385e-11
1.4 -9.57385e-11
1.402 -9.57385e-11
1.404 -9.57385e-11
1.406 -9.57385e-11
1.408 -9.57385e-11
1.41 -9.57385e-11
1.412 -9.57385e-11
1.414 -9.57385e-11
1.416 -9.57385e-11
1.418 -9.57385e-11
1.42 -9.57385e-11
1.422 -9.57385e-11
1.424 -9.57385e-11
1.426 -9.57385e-11
1.428 -9.57385e-11
1.43 -9.57385e-11
1.432 -9.57385e-11
1.434 -9.57385e-11
