0.01 -0.0307061
0.02 -0.0307061
0.03 -0.0307061
0.04 -0.0307061
0.05 -0.0307061
0.06 -0.0307061
0.07 -0.0307061
0.08 -0.0307061
0.09 -0.0307061
0.1 -0.0307061
0.11 -0.0307061
0.12 -0.0307061
0.13 -0.0307061
0.14 -0.0307061
0.15 -0.0307061
0.16 -0.0307061
0.17 -0.0307061
0.18 -0.0307061
0.19 -0.0307061
0.2 -0.0307061
0.21 -0.0307061
0.22 -0.0307061
0.23 -0.0307061
0.24 -0.0307061
0.25 -0.0307061
0.26 -0.0307061
0.27 -0.0307061
0.28 -0.0307061
0.29 -0.0307061
0.3 -0.0307061
0.31 -0.0307061
0.32 -0.0307061
0.33 -0.0307061
0.34 -0.0307061
0.35 -0.0307061
0.36 -0.0307061
0.37 -0.0307061
0.38 -0.0307061
0.39 -0.0307061
0.4 -0.0307061
0.41 -0.0307061
0.42 -0.0307061
0.43 -0.0307061
0.44 -0.0307061
0.45 -0.0307061
0.46 -0.0307061
0.47 -0.0307061
0.48 -0.0307061
0.49 -0.0307061
0.5 -0.0307061
0.51 -0.0307061
0.52 -0.0307061
0.53 -0.0307061
0.54 -0.0307061
0.55 -0.0307061
0.56 -0.0307061
0.57 -0.0307061
0.58 -0.0307061
0.59 -0.0307061
0.6 -0.0307061
0.61 -0.0307061
0.62 -0.0307061
0.63 -0.0307061
0.64 -0.0307061
0.65 -0.0307061
0.66 -0.0307061
0.67 -0.0307061
0.68 -0.0307061
0.69 -0.0307061
0.7 -0.0307061
0.71 -0.0307061
0.72 -0.0307061
0.73 -0.0307061
0.74 -0.0307061
0.75 -0.0307061
0.76 -0.0307061
0.77 -0.0307061
0.78 -0.0307061
0.79 -0.0307061
0.8 -0.0307061
0.81 -0.0307061
0.82 -0.0307061
0.83 -0.0307061
0.84 -0.0307061
0.85 -0.0307061
0.86 -0.0307061
0.87 -0.0307061
0.88 -0.0307061
0.89 -0.0307061
0.9 -0.0307061
0.91 -0.0307061
0.92 -0.0307061
0.93 -0.0307061
0.94 -0.0307061
0.95 -0.0307061
0.96 -0.0307061
0.97 -0.0307061
0.98 -0.0307061
0.99 -0.0307061
1 -0.0307061
1.01 -9.57551e-11
1.02 -9.57512e-11
1.03 -9.57446e-11
1.04 -9.5742e-11
1.05 -9.57405e-11
1.06 -9.57397e-11
1.07 -9.57392e-11
1.08 -9.57389e-11
1.09 -9.57387e-11
1.1 -9.57386e-11
1.11 -9.57386e-11
1.12 -9.57385e-11
1.13 -9.57385e-11
1.14 -9.57385e-11
1.15 -9.57385e-11
1.16 -9.57385e-11
1.17 -9.57385e-11
1.18 -9.57385e-11
1.19 -9.57385e-11
1.2 -9.57385e-11
1.21 -9.57385e-11
1.22 -9.57385e-11
1.23 -9.57385e-11
1.24 -9.57385e-11
1.25 -9.57385e-11
1.26 -9.57385e-11
1.27 -9.57385e-11
1.28 -9.57385e-11
1.29 -9.57385e-11
1.3 -9.57385e-11
1.31 -9.57385e-11
1.32 -9.57385e-11
1.33 -9.57385e-11
1.34 -9.57385e-11
1.35 -9.57385e-11
1.36 -9.57385e-11
1.37 -9.57385e-11
1.38 -9.57385e-11
1.39 -9.57385e-11
1.4 -9.57385e-11
1.41 -9.57385e-11
1.42 -9.57385e-11
1.43 -9.57385e-11
1.44 -9.57385e-11
1.45 -9.57385e-11
1.46 -9.57385e-11
1.47 -9.57385e-11
1.48 -9.57385e-11
1.49 -9.57385e-11
1.5 -9.57385e-11
1.51 -9.57385e-11
1.52 -9.57385e-11
1.53 -9.57385e-11
1.54 -9.57385e-11
1.55 -9.57385e-11
1.56 -9.57385e-11
1.57 -9.57385e-11
1.58 -9.57385e-11
1.59 -9.57385e-11
1.6 -9.57385e-11
1.61 -9.57385e-11
1.62 -9.57385e-11
1.63 -9.57385e-11
1.64 -9.57385e-11
1.65 -9.57385e-11
1.66 -9.57385e-11
1.67 -9.57385e-11
1.68 -9.57385e-11
1.69 -9.57385e-11
1.7 -9.57385e-11
1.71 -9.57385e-11
1.72 -9.57385e-11
1.73 -9.57385e-11
1.74 -9.57385e-11
1.75 -9.57385e-11
1.76 -9.57385e-11
1.77 -9.57385e-11
1.78 -9.57385e-11
1.79 -9.57385e-11
1.8 -9.57385e-11
1.81 -9.57385e-11
1.82 -9.57385e-11
1.83 -9.57385e-11
1.84 -9.57385e-11
1.85 -9.57385e-11
1.86 -9.57385e-11
1.87 -9.57385e-11
1.88 -9.57385e-11
1.89 -9.57385e-11
1.9 -9.57385e-11
1.91 -9.57385e-11
1.92 -9.57385e-11
1.93 -9.57385e-11
1.94 -9.57385e-11
1.95 -9.57385e-11
1.96 -9.57385e-11
1.97 -9.57385e-11
1.98 -9.57385e-11
1.99 -9.57385e-11
2 -9.57385e-11
