0.005 -3.07062e-05
0.01 -3.07062e-05
0.015 -3.07062e-05
0.02 -3.07062e-05
0.025 -3.07062e-05
0.03 -3.07062e-05
0.035 -3.07062e-05
0.04 -3.07062e-05
0.045 -3.07062e-05
0.05 -3.07062e-05
0.055 -3.07062e-05
0.06 -3.07062e-05
0.065 -3.07062e-05
0.07 -3.07062e-05
0.075 -3.07062e-05
0.08 -3.07062e-05
0.085 -3.07062e-05
0.09 -3.07062e-05
0.095 -3.07062e-05
0.1 -3.07062e-05
0.105 -3.07062e-05
0.11 -3.07062e-05
0.115 -3.07062e-05
0.12 -3.07062e-05
0.125 -3.07062e-05
0.13 -3.07062e-05
0.135 -3.07062e-05
0.14 -3.07062e-05
0.145 -3.07062e-05
0.15 -3.07062e-05
0.155 -3.07062e-05
0.16 -3.07062e-05
0.165 -3.07062e-05
0.17 -3.07062e-05
0.175 -3.07062e-05
0.18 -3.07062e-05
0.185 -3.07062e-05
0.19 -3.07062e-05
0.195 -3.07062e-05
0.2 -3.07062e-05
0.205 -3.07062e-05
0.21 -3.07062e-05
0.215 -3.07062e-05
0.22 -3.07062e-05
0.225 -3.07062e-05
0.23 -3.07062e-05
0.235 -3.07062e-05
0.24 -3.07062e-05
0.245 -3.07062e-05
0.25 -3.07062e-05
0.255 -3.07062e-05
0.26 -3.07062e-05
0.265 -3.07062e-05
0.27 -3.07062e-05
0.275 -3.07062e-05
0.28 -3.07062e-05
0.285 -3.07062e-05
0.29 -3.07062e-05
0.295 -3.07062e-05
0.3 -3.07062e-05
0.305 -3.07062e-05
0.31 -3.07062e-05
0.315 -3.07062e-05
0.32 -3.07062e-05
0.325 -3.07062e-05
0.33 -3.07062e-05
0.335 -3.07062e-05
0.34 -3.07062e-05
0.345 -3.07062e-05
0.35 -3.07062e-05
0.355 -3.07062e-05
0.36 -3.07062e-05
0.365 -3.07062e-05
0.37 -3.07062e-05
0.375 -3.07062e-05
0.38 -3.07062e-05
0.385 -3.07062e-05
0.39 -3.07062e-05
0.395 -3.07062e-05
0.4 -3.07062e-05
0.405 -3.07062e-05
0.41 -3.07062e-05
0.415 -3.07062e-05
0.42 -3.07062e-05
0.425 -3.07062e-05
0.43 -3.07062e-05
0.435 -3.07062e-05
0.44 -3.07062e-05
0.445 -3.07062e-05
0.45 -3.07062e-05
0.455 -3.07062e-05
0.46 -3.07062e-05
0.465 -3.07062e-05
0.47 -3.07062e-05
0.475 -3.07062e-05
0.48 -3.07062e-05
0.485 -3.07062e-05
0.49 -3.07062e-05
0.495 -3.07062e-05
0.5 -3.07062e-05
0.505 -3.07062e-05
0.51 -3.07062e-05
0.515 -3.07062e-05
0.52 -3.07062e-05
0.525 -3.07062e-05
0.53 -3.07062e-05
0.535 -3.07062e-05
0.54 -3.07062e-05
0.545 -3.07062e-05
0.55 -3.07062e-05
0.555 -3.07062e-05
0.56 -3.07062e-05
0.565 -3.07062e-05
0.57 -3.07062e-05
0.575 -3.07062e-05
0.58 -3.07062e-05
0.585 -3.07062e-05
0.59 -3.07062e-05
0.595 -3.07062e-05
0.6 -3.07062e-05
0.605 -3.07062e-05
0.61 -3.07062e-05
0.615 -3.07062e-05
0.62 -3.07062e-05
0.625 -3.07062e-05
0.63 -3.07062e-05
0.635 -3.07062e-05
0.64 -3.07062e-05
0.645 -3.07062e-05
0.65 -3.07062e-05
0.655 -3.07062e-05
0.66 -3.07062e-05
0.665 -3.07062e-05
0.67 -3.07062e-05
0.675 -3.07062e-05
0.68 -3.07062e-05
0.685 -3.07062e-05
0.69 -3.07062e-05
0.695 -3.07062e-05
0.7 -3.07062e-05
0.705 -3.07062e-05
0.71 -3.07062e-05
0.715 -3.07062e-05
0.72 -3.07062e-05
0.725 -3.07062e-05
0.73 -3.07062e-05
0.735 -3.07062e-05
0.74 -3.07062e-05
0.745 -3.07062e-05
0.75 -3.07062e-05
0.755 -3.07062e-05
0.76 -3.07062e-05
0.765 -3.07062e-05
0.77 -3.07062e-05
0.775 -3.07062e-05
0.78 -3.07062e-05
0.785 -3.07062e-05
0.79 -3.07062e-05
0.795 -3.07062e-05
0.8 -3.07062e-05
0.805 -3.07062e-05
0.81 -3.07062e-05
0.815 -3.07062e-05
0.82 -3.07062e-05
0.825 -3.07062e-05
0.83 -3.07062e-05
0.835 -3.07062e-05
0.84 -3.07062e-05
0.845 -3.07062e-05
0.85 -3.07062e-05
0.855 -3.07062e-05
0.86 -3.07062e-05
0.865 -3.07062e-05
0.87 -3.07062e-05
0.875 -3.07062e-05
0.88 -3.07062e-05
0.885 -3.07062e-05
0.89 -3.07062e-05
0.895 -3.07062e-05
0.9 -3.07062e-05
0.905 -3.07062e-05
0.91 -3.07062e-05
0.915 -3.07062e-05
0.92 -3.07062e-05
0.925 -3.07062e-05
0.93 -3.07062e-05
0.935 -3.07062e-05
0.94 -3.07062e-05
0.945 -3.07062e-05
0.95 -3.07062e-05
0.955 -3.07062e-05
0.96 -3.07062e-05
0.965 -3.07062e-05
0.97 -3.07062e-05
0.975 -3.07062e-05
0.98 -3.07062e-05
0.985 -3.07062e-05
0.99 -3.07062e-05
0.995 -3.07062e-05
1 -3.07062e-05
