1.11 -3.78076e-12
1.12 -3.78337e-12
1.13 -3.78088e-12
1.14 -3.77882e-12
1.15 -3.77755e-12
1.16 -3.77682e-12
1.17 -3.7764e-12
1.18 -3.77616e-12
1.19 -3.77602e-12
1.2 -3.77594e-12
1.21 -3.77589e-12
1.22 -3.77586e-12
1.23 -3.77585e-12
1.24 -3.77584e-12
1.25 -3.77583e-12
1.26 -3.77583e-12
1.27 -3.77583e-12
1.28 -3.77583e-12
1.29 -3.77583e-12
1.3 -3.77583e-12
1.31 -3.77583e-12
1.32 -3.77583e-12
1.33 -3.77583e-12
1.34 -3.77583e-12
1.35 -3.77583e-12
1.36 -3.77583e-12
1.37 -3.77583e-12
1.38 -3.77583e-12
1.39 -3.77583e-12
1.4 -3.77583e-12
1.41 -3.77583e-12
1.42 -3.77583e-12
1.43 -3.77583e-12
1.44 -3.77583e-12
1.45 -3.77583e-12
1.46 -3.77583e-12
1.47 -3.77583e-12
1.48 -3.77583e-12
1.49 -3.77583e-12
1.5 -3.77583e-12
1.51 -3.77583e-12
1.52 -3.77583e-12
1.53 -3.77583e-12
1.54 -3.77583e-12
1.55 -3.77583e-12
1.56 -3.77583e-12
1.57 -3.77583e-12
1.58 -3.77583e-12
1.59 -3.77583e-12
1.6 -3.77583e-12
1.61 -3.77583e-12
1.62 -3.77583e-12
1.63 -3.77583e-12
1.64 -3.77583e-12
1.65 -3.77583e-12
1.66 -3.77583e-12
1.67 -3.77583e-12
1.68 -3.77583e-12
1.69 -3.77583e-12
1.7 -3.77583e-12
1.71 -3.77583e-12
1.72 -3.77583e-12
1.73 -3.77583e-12
1.74 -3.77583e-12
1.75 -3.77583e-12
1.76 -3.77583e-12
1.77 -3.77583e-12
1.78 -3.77583e-12
1.79 -3.77583e-12
1.8 -3.77583e-12
1.81 -3.77583e-12
1.82 -3.77583e-12
1.83 -3.77583e-12
1.84 -3.77583e-12
1.85 -3.77583e-12
1.86 -3.77583e-12
1.87 -3.77583e-12
1.88 -3.77583e-12
1.89 -3.77583e-12
1.9 -3.77583e-12
1.91 -3.77583e-12
1.92 -3.77583e-12
1.93 -3.77583e-12
1.94 -3.77583e-12
1.95 -3.77583e-12
1.96 -3.77583e-12
1.97 -3.77583e-12
1.98 -3.77583e-12
1.99 -3.77583e-12
2 -3.77583e-12
2.01 -3.77583e-12
2.02 -3.77583e-12
2.03 -3.77583e-12
2.04 -3.77583e-12
2.05 -3.77583e-12
2.06 -3.77583e-12
2.07 -3.77583e-12
2.08 -3.77583e-12
2.09 -3.77583e-12
2.1 -3.77583e-12
