0.01 -0.307061
0.02 -0.614122
0.03 -0.929901
0.04 -1.33705
0.05 -1.93202
0.06 -2.80258
0.07 -4.07354
0.0700698 -4.08432
0.0701406 -4.09529
0.0702092 -4.10594
0.0702778 -4.11662
0.0703474 -4.1275
0.0704178 -4.13853
0.0704896 -4.14983
0.0705603 -4.16097
0.0706305 -4.17209
0.0706996 -4.18306
0.0707714 -4.19448
0.0708451 -4.20625
0.070917 -4.2178
0.0709866 -4.22898
0.0710536 -4.2398
0.0711235 -4.25111
0.0711903 -4.26195
0.0712562 -4.27268
0.0713213 -4.2833
0.071387 -4.29406
0.0714522 -4.30475
0.0715167 -4.31536
0.0715803 -4.32584
0.0716439 -4.33635
0.0717061 -4.34666
0.0717681 -4.35695
0.0718284 -4.36699
0.0718891 -4.37712
0.0719501 -4.38734
0.0720116 -4.39766
0.0720711 -4.40768
0.0721291 -4.41747
0.0721875 -4.42734
0.0722454 -4.43716
0.0723024 -4.44684
0.0723578 -4.4563
0.0724137 -4.46586
0.0724699 -4.47548
0.0725271 -4.4853
0.0725836 -4.49503
0.0726401 -4.50477
0.0726963 -4.51449
0.0727512 -4.52401
0.0728054 -4.53343
0.0728586 -4.54269
0.0729123 -4.55207
0.0729656 -4.5614
0.0730188 -4.57075
0.0730712 -4.57997
0.0731235 -4.58919
0.0731776 -4.59874
0.0732324 -4.60847
0.0732862 -4.61801
0.0733399 -4.62758
0.0733929 -4.63704
0.0734448 -4.64631
0.0734957 -4.65544
0.0735455 -4.66438
0.0735963 -4.67354
