0.01 13149.9 13689.2 12368.5 13711.5 18120.1 13943.6 14043 13036.4 14265.5 13173.8 12299.4 15322.9 14603.1 14677.5 13967.7 14926.2 13343.4 13494.4 13679.6 13309.6 12931.3 18359.3 13138.1 14834.6 14928.7 11333 14484 13597.7 13813.3 12309.2 14590.3 14965.7 14070.2 14529.8 9782.93 10032 10425.8 8890.1
0.02 26299.9 27378.4 24737.1 27423 36240.4 27887.2 28086.1 26072.9 28531 26347.5 24598.9 30645.9 29206.1 29355 27935.4 29852.4 26686.8 26988.9 27359.3 26619.3 25862.9 36718.6 26276.2 29669.3 29857.4 22666.1 28968 27195.3 27626.7 24618.4 29180.6 29931.3 28140.5 29059.6 19565.8 20064.3 20851.5 17780.2
0.03 39284.4 41297.9 37251.7 41245.5 54013.7 41905 42075.6 39169.2 42829.1 39658 36965.3 45945.8 43741 44084.3 42080.8 44860.7 39890.9 40008.2 40860.3 39787.2 38785.3 54749.3 39394.7 44508.6 44846 33614.9 43587.9 40904.9 41428.5 37044.3 43816.9 44930.2 42208.4 43449.1 28699.6 29699.8 30534.3 25475.6
0.04 50904.2 55173.6 47515.5 54748.5 72189.6 55526.4 56451.5 50646 57175.8 51804.9 48337.8 60966.8 58601.2 59157.3 57390.1 60423.6 51295.8 51307.8 53745.9 51500 50096.9 72669.5 51889 59122.2 60610 40259 58418.4 54032.2 52965.6 48816.4 58752.5 60034.3 55912.3 57412 35685.6 38889.7 38787.5 30022.2
0.05 61567.7 67806.5 53332.1 66910.2 91763.6 67570 71190.6 56871.5 71537 61765.8 53687.7 78121.6 73720 74203.7 73404.2 77363.2 60757.6 61336.4 66901.8 62862.8 57235.3 91307.8 63021.6 73757.3 78097.9 42923.5 72861.6 67736.6 63313.1 55852.9 73836.1 77165.7 69536.9 70829.7 41766.9 49260.8 46235.2 32229.4
0.06 71574.4 78313.1 58281.6 78725.4 111018 77198.2 84649.3 60119.6 86342.9 69100.5 54180 97534.6 85809.9 90359.9 88144.1 93161.3 69648.7 71096.4 80856.2 73995.6 60965.8 108522 70680.7 90539.7 96367.9 42680 88963.7 81428.8 71796.5 59251.3 89889 96260.6 85189.9 83363 47390.1 61205.3 52931.4 33173.2
0.0601649 71719.2 78474.7 58344.5 78923.7 111303 77346 84852.2 60178.3 86578.3 69201.7 54165.7 97872.6 85986 90640.8 88369.2 93397.2 69790.1 71263.1 81095.4 74183.2 61006.7 108794 70769.5 90827.3 96672.1 42657.7 89240.9 81652 71919.4 59279.1 90174.4 96589.7 85459.6 83566.3 47473.5 61413.2 53025.8 33179.3
0.0603271 71861.6 78632.4 58406 79119.1 111579 77491.2 85052.9 60235.9 86812.3 69301.2 54151 98204.8 86159.2 90917.9 88590.8 93628.8 69930.8 71427.3 81330.9 74369.6 61046 109058 70855.7 91109.6 96971.9 42633.8 89513.4 81871.7 72041.3 59306 90455.5 96913.5 85725.6 83763.5 47556.8 61618.8 53119.2 33182.7
0.0604847 71999.7 78785.1 58464.4 79309.1 111846 77631.7 85247.6 60291.7 87043 69397.6 54136.4 98527.4 86325.4 91187 88805.6 93853.6 70067.3 71588.6 81558.8 74550.4 61083.7 109308 70938.1 91383.6 97263.7 42609.7 89777.4 82085.1 72161.7 59332 90728.9 97228.4 85982.5 83954.9 47638.1 61818.4 53211.9 33181.2
0.0606329 72128.9 78924.6 58517.4 79488 112100 77763.6 85431 60344 87261.5 69487 54119.6 98831.2 86479.7 91441.3 89008.3 94065.1 70194.6 71742.3 81773.3 74720.9 61117 109544 71015.8 91641.5 97538.7 42586.5 90026.2 82286.3 72275.2 59356.7 90987.3 97525.4 86225.6 84135.4 47713.9 62006.5 53300.9 33178.2
0.0607701 72248.9 79052.8 58566 79653.7 112334 77885.4 85600.4 60392.1 87464 69569.2 54102.3 99112.5 86621.8 91676.7 89195.7 94260.9 70311.7 71884.9 81972 74878.4 61147.7 109762 71087.6 91880.4 97793 42565.1 90255.9 82472.2 72380.2 59379.5 91226.3 97800 86450.5 84301.9 47783.2 62181.2 53383.6 33175.5
0.0609064 72367.4 79180.3 58614.1 79818.7 112572 78005.7 85767.9 60439.4 87665.6 69650.9 54084.4 99392.2 86762.7 91910.7 89382.1 94455.8 70429.3 72026.9 82169.6 75034.6 61177.6 109978 71158.8 92118.4 98045.8 42544.8 90484.9 82657 72484.6 59402 91464 98072.9 86674.3 84469.3 47839.9 62355.6 53466 33173
0.0610463 72488.9 79310.4 58663.5 79988.7 112815 78129.1 85940 60487.2 87873 69734.3 54062.9 99679.6 86907.3 92150.7 89573.7 94656.4 70552.9 72172.5 82372.4 75194.2 61208 110199 71231.8 92363.3 98305.6 42523.1 90719.1 82846.6 72591.5 59424.9 91707.9 98352.8 86903.9 84640.4 47897.3 62535.9 53550.2 33170.6
0.0611875 72611.5 79441.8 58713.3 80160.3 113061 78253.5 86114 60534.5 88082.9 69818.5 54040.8 99969.2 87053.1 92393 89767.3 94859.1 70677.7 72318.7 82577.5 75355.1 61238.5 110422 71305.2 92610.5 98567.7 42499.9 90955.5 83038.1 72699.6 59447.9 91954 98635.2 87135.7 84812.8 47955.4 62721.4 53635.3 33168.2
0.0613226 72729.3 79567 58760.9 80325.2 113292 78372.4 86280.1 60579.3 88283.7 69899.2 54017.5 100246 87192 92624.1 89952.1 95052.6 70796 72458.2 82773.8 75516.4 61267.7 110635 71375.4 92846.5 98818.1 42477.1 91181.4 83221.4 72802.1 59469.8 92189 98905.2 87357.2 84976.6 48011.1 62898.9 53716.5 33166
0.0614559 72845.7 79690.7 58808.1 80487.9 113521 78490 86444.4 60621.9 88482 69978.4 53993.8 100520 87329.2 92852.3 90134.7 95243.4 70912.7 72596.1 82968 75675.3 61296.5 110846 71444.8 93079.2 99065 42454.6 91404.3 83402.7 72902.7 59491.3 92421.3 99172.5 87576.1 85138.1 48066.3 63074.5 53796.7 33163.7
0.061594 72966.3 79819.1 58857.1 80654.4 113758 78611.8 86614.5 60665.7 88687.3 70058.8 53969.2 100803 87471.1 93088.8 90324.5 95441 71033.1 72739.2 83169.8 75840 61325.8 111065 71516.3 93320.3 99320.5 42431.8 91635.5 83589.9 73004.8 59513.4 92662 99449.3 87802.9 85305.3 48123.7 63256.8 53879.3 33161.2
0.0617435 73097.3 79957.9 58909.8 80833.6 114016 78743.8 86798.7 60712.7 88910.2 70145.1 53941.8 101110 87626 93345.4 90530.4 95655 71164.3 72893.3 83389.2 76016 61357.1 111300 71593.3 93580.9 99597.4 42406.7 91885.9 83792.1 73114.7 59536.7 92922.6 99749 88048.6 85489.1 48186.6 63454.9 53969.4 33158.6
0.0618937 73229.2 80098.1 58962 81013.6 114276 78874.3 86982.9 60759.4 89133.1 70231.8 53914.6 101419 87781.6 93602.2 90736.7 95870 71298.7 73048 83610 76188.4 61387.9 111533 71669.7 93842.1 99875.5 42381.2 92136.9 83994.7 73224.7 59560.4 93184.5 100051 88295.5 85674.6 48250.1 63653.7 54059.9 33156.4
0.0620354 73353.8 80230.7 59005.1 81183.9 114521 78997.6 87155.8 60803.2 89343.4 70314.1 53889.5 101714 87927.9 93844.9 90931.6 96073.3 71425 73194.2 83818.8 76351.1 61417.1 111754 71729.8 94089.6 100139 42356.8 92374 84185.8 73327.8 59582.8 93432.4 100339 88529 85848.9 48310 63841.7 54145 33154.5
0.0621665 73469.4 80353.4 59044.7 81341 114747 79111.6 87316.1 60843.4 89538.6 70393.1 53866.4 101987 88063.1 94069.5 91105.7 96261.8 71541.4 73330 84012.1 76500.8 61440.6 111959 71784.9 94318.8 100382 42332.4 92594.9 84363.8 73422.9 59603.5 93660.9 100604 88745.1 86012.6 48365.4 64016.4 54221.3 33152.3
0.0622953 73582.9 80474.3 59083.4 81494.4 114970 79223.4 87473.7 60882.7 89730.9 70473.1 53844.2 102256 88195.5 94290.1 91273.2 96447 71656 73462.8 84202.1 76647.8 61463.1 112160 71839.7 94543.8 100621 42307.6 92812.4 84539.4 73516.8 59624 93884.8 100865 88957.2 86173.7 48420 64188.5 54295.8 33149.3
0.0624221 73695 80592.9 59121.4 81644.2 115190 79333.4 87628.8 60921.2 89920 70552.1 53822.4 102520 88326.1 94506.7 91438.7 96629.5 71769.3 73593.7 84389.5 76792.6 61485.2 112358 71893.5 94765.3 100857 42282.9 93026.5 84712.5 73608.7 59643.9 94105.1 101122 89165.8 86332.2 48473.9 64359 54368.8 33146.4
0.0625494 73806.8 80712.1 59159.7 81794.7 115412 79443.7 87784.8 60958.7 90110.4 70630.8 53800.4 102785 88457.5 94724.4 91605 96812.8 71882.3 73725.1 84576.9 76938 61507.6 112558 71947.4 94987.5 101094 42258.1 93241.4 84886.4 73701.2 59663.6 94325.5 101380 89375.1 86488.9 48528 64530.5 54442.3 33143.4
0.0626702 73912.5 80825.2 59195.9 81937.5 115623 79548.3 87932.8 60993.9 90291.3 70705.3 53779.3 103037 88582.1 94930.9 91763 96986.7 71989.7 73850 84754.5 77075.6 61528.7 112747 71998.3 95198.2 101318 42234.7 93445.2 85050.5 73788.5 59681.6 94534.4 101624 89573.7 86637.5 48579.5 64693.3 54512 33140.6
0.0627912 74017.5 80938.8 59231.8 82080.8 115834 79653.4 88079.4 61029.1 90472.3 70779.9 53757.2 103289 88707.9 95137.9 91921.3 97161.1 72097.1 73973.8 84932.6 77213.7 61549.9 112936 72049.2 95409.4 101543 42211 93649.3 85214.9 73875.7 59697.8 94743.8 101869 89774 86787.4 48630.6 64849.8 54581.6 33137.2
0.0629168 74114.6 81056.9 59268.9 82229.4 116053 79764.1 88232.1 61065.3 90660.2 70857.1 53733.8 103552 88838.6 95352.6 92085 97343.7 72205.9 74102.7 85118.2 77356.2 61571.4 113133 72101.9 95627.9 101777 42186.3 93861.1 85387 73966.8 59713.7 94961.1 102124 89983 86943 48683.5 65010.7 54654 33132.8
0.0630406 74209.6 81172.3 59305.3 82375.7 116266 79873.4 88382.4 61100.7 90844.4 70933 53710.8 103812 88967.3 95564.4 92246.5 97524.1 72312.6 74229.7 85301.1 77496.7 61591.8 113328 72153.9 95843.7 102008 42161.8 94070.2 85556.6 74056.9 59726.4 95175.1 102375 90189.2 87096.3 48735.8 65169.8 54725.4 33127
0.0631638 74304.2 81286.9 59341.5 82522 116475 79982.4 88531.7 61134.4 91028.2 71008.8 53687.9 104072 89095.2 95775.5 92406.8 97699.9 72418.9 74356.1 85483.5 77637.2 61612.4 113522 72205.2 96059.5 102237 42137.1 94278.6 85724.7 74146.8 59738.1 95388.6 102626 90394.8 87249.4 48788 65327.4 54796.3 33121.3
0.0632825 74396 81397.1 59376.1 82663.6 116677 80087.4 88675.4 61166.1 91205.5 71081.8 53665.9 104322 89217.1 95979.2 92559.3 97867.5 72521.1 74477.4 85659.4 77772.4 61632.2 113708 72252.1 96267.3 102459 42111.6 94478.8 85885.9 74233.1 59749.1 95595.1 102868 90593 87396.9 48838.2 65478.5 54864.1 33115.9
0.0633993 74486.7 81504.8 59410.4 82803.1 116875 80190.9 88816.4 61197.2 91380.2 71153.5 53644.4 104569 89336.7 96179.5 92707.7 98032.6 72621.7 74596.9 85832.7 77905.2 61657.4 113891 72295.6 96471.9 102677 42086 94675.9 86044.6 74318.1 59759.7 95798.5 103106 90787.6 87541.3 48888 65628.2 54930.8 33110.4
0.0635119 74574.2 81608.6 59443.2 82937.7 117066 80296.6 88952.3 61227.1 91548.9 71222.4 53624.7 104806 89452.4 96372.5 92851.1 98191.4 72718.7 74712.3 86000 78033.3 61682.4 114068 72337.1 96668.2 102886 42061.2 94865.7 86197.5 74400 59769.6 95994.1 103336 90975 87680.5 48936.1 65772.9 54995.2 33105.5
0.0636279 74664.3 81715.4 59476.9 83076.8 117263 80407.4 89092.7 61257.8 91722.8 71293.2 53604.9 105049 89571 96572.1 92998.9 98353.7 72818.6 74831.4 86172.5 78165.2 61707.9 114250 72379.2 96870 103097 42035.3 95061.4 86354.2 74482.6 59779.8 96196.3 103571 91168.2 87824 48985.3 65922.5 55061.6 33100.1
0.063744 74754.5 81822.5 59510.9 83216.4 117460 80518.4 89233.9 61288.1 91898.7 71364.4 53585 105292 89689.1 96774.8 93147 98516.6 72918.6 74950.8 86345.6 78296.7 61733.9 114434 72421.3 97072.3 103293 42008.9 95257.7 86510.8 74564.7 59789.8 96401.9 103808 91362.2 87968.3 49034.5 66072.5 55128.2 33091.6
0.0638599 74844.2 81929.5 59544.5 83355.6 117657 80629 89374.7 61318 92074.9 71435.4 53563.7 105535 89807.1 96977.2 93294.7 98679 73018.7 75070.1 86518.2 78427.5 61759.7 114617 72463.4 97273.9 103488 41982.5 95453.5 86667.2 74647 59799.4 96607.2 104044 91555.9 88112.4 49082.8 66222.2 55194.7 33083
0.0639871 74942.2 82047.3 59581 83508.3 117874 80750.6 89530.1 61350.5 92268.6 71513.4 53539 105802 89936.2 97199.7 93457 98857.4 73128.2 75200.9 86707.5 78569.8 61786.2 114817 72509.7 97495.2 103703 41953.2 95668.5 86838.6 74737.2 59809.9 96832.8 104304 91769 88270.6 49134.5 66386.6 55267.6 33073.6
0.0641159 75041.6 82165.5 59617.9 83662.9 118093 80872.7 89687.6 61382.9 92465.8 71591.4 53513.9 106073 90067.6 97425.2 93621.7 99038.2 73239 75333.4 86898.6 78714.1 61812.3 115016 72556.8 97719.5 103922 41923.4 95886.6 87012.6 74828.9 59820.7 97061.7 104567 91985 88430.9 49186.7 66553.4 55341.7 33063.9
0.0642394 75137 82278.6 59653.1 83811.3 118303 80986.8 89838.6 61412.9 92655 71666.4 53489.4 106332 90193.5 97641.4 93779.7 99211.7 73345.1 75460 87081.3 78852.4 61837.3 115207 72602 97935.1 104131 41894.8 96095.6 87179.2 74916.5 59831 97281.2 104820 92191.2 88584.5 49237.1 66713.5 55411.1 33054.8
0.0643545 75227.3 82384 59685.7 83949.9 118500 81093.2 89978.7 61440.9 92831.7 71736.1 53464.7 106575 90311.5 97843 93927.1 99373.7 73444 75578.8 87251.4 78981.1 61860.6 115386 72643.7 98136.4 104325 41868.6 96290.6 87334.4 74997.5 59840.1 97485.8 105055 92382.9 88727.4 49284.1 66862.9 55473.6 33046.3
0.0644642 75313.2 82484.3 59715.6 84082.4 118687 81194.6 90111.7 61467.3 93000.1 71802.4 53441.4 106805 90425.6 98035.7 94062.5 99528 73538.3 75692.3 87414 79104 61882.6 115556 72682 98328.3 104512 41844.1 96477.1 87483.3 75074.7 59849.1 97681 105280 92565.8 88863.7 49329.1 67005.9 55533.1 33038.3
0.0645695 75396.7 82578.3 59744.2 84209.8 118867 81291.9 90239.9 61492.6 93161.9 71865.9 53419.4 107027 90535.2 98221.6 94192.6 99676.3 73628.5 75801.8 87570.3 79222.1 61904.1 115720 72717.9 98512.5 104691 41819.5 96656 87626.1 75148.6 59856.7 97868.8 105495 92742.2 88993.2 49372.3 67143.2 55590.7 33030.5
0.0646731 75479 82670.7 59772.5 84335.1 119044 81387.4 90365.9 61517.2 93321.2 71927.8 53396.9 107245 90642.9 98404.5 94320.5 99822.2 73717.1 75910.2 87723.8 79338.2 61925.2 115881 72752.9 98693.6 104867 41794.4 96831.7 87766.3 75221.1 59864.1 98053.2 105707 92915.7 89119.8 49414.9 67278 55648.3 33022.1
0.064775 75559.6 82761.5 59800.3 84458.8 119218 81481.6 90489.9 61541.7 93465.5 71988.6 53374.4 107460 90748.9 98584.3 94446.4 99965.9 73804.3 76017.2 87877.4 79452.3 61945.9 116040 72787.1 98872.1 105040 41769.6 97004.6 87904.6 75293.6 59871 98234.6 105916 93086.3 89244.3 49456.7 67410.6 55705.4 33013.9
0.0648753 75638.6 82850.8 59827.1 84580.6 119390 81574.2 90611.9 61565.9 93605.5 72048.4 53352 107671 90853.3 98761.1 94570.5 100108 73890.2 76122.6 88029.1 79564.6 61966.5 116198 72820.6 99048.1 105211 41745.2 97174.6 88040.8 75365.1 59877.8 98413 106121 93254.2 89366.9 49497.6 67541 55761.5 33005.9
0.0649789 75720.4 82942.5 59853.2 84706.5 119567 81669.8 90738 61590.8 93750.3 72110.1 53328.5 107889 90960.5 98943.6 94698.8 100254 73979 76231.6 88185.7 79680.6 61987.7 116360 72854.9 99229.8 105387 41719.8 97349.6 88181.4 75438.9 59884.7 98597.5 106333 93427.5 89493.5 49539.4 67676.1 55819.4 32997.7
0.0650851 75804.5 83036.7 59879.7 84836.1 119748 81767.7 90867.5 61616.1 93898.8 72171.1 53303.8 108113 91070.4 99131 94829.9 100404 74070 76343.4 88346.3 79799.2 62009.1 116527 72890.3 99415.9 105568 41692.4 97528.8 88325.5 75514.1 59891.8 98787.2 106551 93605.5 89623.3 49582.6 67814.5 55878 32989.4
0.0651861 75884.7 83126.1 59905 84959.6 119921 81859.8 90990.8 61639.8 94040.2 72226.9 53279.9 108326 91173.9 99309.4 94954.7 100547 74156.4 76449.7 88499.3 79912.1 62029.3 116685 72923.8 99593 105740 41666.3 97699.3 88462.7 75585.1 59898.6 98968.3 106758 93775.1 89746.7 49623.6 67946.5 55933.7 32981.5
0.0652844 75963 83213.1 59929.6 85079.2 120089 81949.1 91110.7 61662.6 94177.3 72281.1 53256.4 108533 91274.6 99483 95076.5 100685 74240.6 76553.2 88648.3 80022.1 62049 116840 72956.5 99765.5 105907 41641.1 97865.5 88596.3 75654.3 59904.9 99144.4 106961 93940.1 89866.8 49663.6 68075.3 55987.9 32974
0.0653829 76040.9 83300.6 59954.1 85198.7 120255 82039.4 91229.2 61685.7 94314.7 72335.4 53232.7 108741 91375.2 99656.9 95198.8 100820 74325.7 76657 88797.7 80133.6 62068.6 116995 72989.2 99938.9 106075 41616.2 98032.7 88730.4 75723.8 59911.2 99320.8 107163 94105.6 89988.5 49701 68204.6 56042.3 32966.5
0.0654785 76116.5 83385.6 59977.9 85314.9 120413 82127 91339.9 61708.1 94448.1 72388.1 53209.7 108942 91472.3 99825.9 95317.5 100951 74408.5 76757.9 88942.8 80242.8 62087.1 117146 73020.5 100107 106238 41592.8 98195 88860.1 75790.4 59917.3 99492.1 107359 94266.6 90107.5 49736.2 68330.3 56095 32959
0.0655699 76188.7 83472.6 60000.6 85426.3 120565 82210.7 91445.7 61728.2 94575.6 72438.5 53188 109134 91564.6 99986.3 95431.3 101076 74488.2 76854.4 89080.9 80347.2 62104.2 117290 73050.2 100268 106393 41570.5 98350.5 88983.8 75853.3 59923.3 99655.6 107547 94419.6 90221.1 49769.8 68450.7 56145.5 32951.9
0.0656586 76256.9 83558.1 60022.7 85534.7 120711 82292.2 91548.4 61747.7 94699.5 72487.3 53167.1 109322 91653.6 100142 95541.8 101200 74565.9 76948.2 89215.1 80448.4 62120.7 117430 73079.2 100424 106544 41547.9 98501.9 89104.2 75914.3 59929.2 99814.7 107729 94568.4 90331.7 49802.6 68568 56194.3 32944.7
0.0657475 76322.6 83643.5 60044.9 85643.4 120855 82374.4 91651 61767.3 94823.6 72535.9 53146 109510 91742.2 100298 95652 101323 74643.7 77042 89350 80549.9 62136 117570 73108.2 100580 106695 41525 98653.3 89225.1 75975.4 59934.6 99974 107911 94717.7 90442.9 49835.6 68685.6 56243.1 32937.2
0.0658371 76388.9 83729.1 60067.2 85753 121001 82457.3 91753.9 61786.9 94948.7 72584.7 53124.9 109700 91830.4 100455 95762.8 101448 74722 77136.8 89485.9 80652.1 62151.5 117712 73137.5 100738 106847 41501.8 98805.7 89346.6 76036.8 59938 100134 108095 94868.4 90555 49868.9 68804.3 56290.5 32929.6
0.0659293 76457.4 83817 60090.2 85865.8 121151 82542.5 91859.9 61807 95077.5 72635 53103 109896 91920.6 100617 95876.8 101576 74802.7 77234.7 89626.1 80757.7 62167.4 117858 73167.4 100900 107005 41477.9 98962.6 89471.5 76099.8 59941.5 100300 108285 95023.4 90670.5 49903.3 68926.8 56339.4 32921.8
0.0660206 76525.3 83904.4 60112.8 85977.1 121305 82626.7 91965.7 61826.7 95204.8 72684.5 53081.2 110089 92010.1 100777 95989.5 101703 74889.6 77331.5 89764.9 80844.4 62182.9 118003 73196.9 101060 107160 41454 99117.3 89594.8 76162 59944.8 100463 108472 95176.5 90782.9 49937.9 69047.9 56387.8 32913.8
0.0661099 76591.9 83990.3 60134.6 86086.4 121456 82709.2 92069.4 61846 95330.3 72733.1 53059.8 110278 92097.9 100934 96100 101827 74974.1 77427 89900.8 80928.6 62198.2 118142 73224.8 101217 107313 41430.4 99268.9 89715.7 76223.2 59947.8 100623 108655 95326.7 90892.6 49971.9 69166.6 56435.6 32906.2
0.0661993 76658.3 84076 60156.3 86195.8 121607 82791.8 92173.2 61865.2 95455.6 72781.6 53038.1 110468 92185.9 101090 96210.7 101951 75058.6 77522.3 90037 81012.8 62213.4 118281 73252.4 101374 107466 41406.6 99420.6 89836.1 76284.2 59950.9 100783 108839 95476.9 91002.4 50005.9 69285.6 56483.2 32898.7
0.0662897 76725.3 84162.6 60178 86306.6 121759 82875.4 92278.1 61884.4 95582.4 72830.6 53015.7 110659 92274.9 101249 96323 102076 75143.9 77618.7 90175 81097.7 62228.3 118422 73280.1 101533 107620 41382.3 99574 89957.6 76345.8 59952.3 100946 109025 95628.9 91113.4 50040.2 69406.4 56531.2 32890.8
0.0663784 76790.9 84247.7 60198.8 86415.2 121909 82957.2 92381 61902.9 95707.2 72878.7 52993.6 110846 92362.1 101405 96433.2 102199 75227.6 77713.3 90310.3 81181 62242.9 118560 73306.7 101688 107771 41358.5 99724.2 90076.6 76406.2 59953.7 101105 109207 95778 91222.3 50073.9 69524.9 56578.4 32883
0.0664665 76856.2 84332.5 60217.2 86523.1 122058 83038.5 92483.3 61921.2 95831.3 72926.9 52971.4 111033 92449 101560 96542.7 102320 75313.2 77807.6 90445 81260.1 62257.3 118697 73329 101843 107922 41335 99873.4 90194.8 76466.2 59954.9 101263 109389 95926.3 91331.9 50107.5 69642.8 56625.1 32875.1
0.0665578 76923.8 84420.5 60236.2 86635.2 122213 83122.7 92589.6 61940.3 95960.1 72977.1 52947.4 111228 92539 101720 96656.4 102447 75401.9 77905.3 90584.7 81342.4 62272.2 118840 73350.7 102003 108078 41310.5 100028 90317.2 76528.2 59956.3 101427 109578 96079.8 91445 50142.4 69765 56673.6 32866.8
0.0666475 76990.3 84506.7 60254.7 86745.4 122365 83205.3 92693.9 61958.8 96086.5 73026.5 52922.5 111419 92627.5 101878 96768 102571 75489 78001.1 90721.8 81423.5 62286.9 118980 73371.6 102161 108232 41286.3 100180 90437.3 76589.1 59957.7 101588 109764 96230.6 91556.2 50176.8 69885.1 56721.2 32858.7
0.0667366 77056.3 84592.6 60272.9 86853.9 122516 83287.3 92797.4 61977.1 96212.2 73075.5 52897.7 111609 92715.2 102035 96879.1 102694 75575.5 78096.3 90858 81504.1 62301.4 119119 73391.9 102317 108384 41261.9 100332 90556.4 76649.7 59959.1 101747 109948 96380.3 91666.5 50211.1 70004.6 56768.6 32850.7
0.0668263 77122.4 84679.1 60291.2 86963.4 122668 83370 92901.4 61992.8 96338.8 73124.8 52872.9 111801 92803.5 102192 96995.5 102819 75662.7 78192.2 90998.6 81585.3 62316.2 119259 73412.5 102476 108538 41237.3 100488 90657.3 76711.7 59959.7 101908 110134 96531 91777.3 50245.9 70125.4 56816.2 32842.5
0.0669159 77188.5 84765.4 60309.5 87072.9 122821 83452.7 93005.1 62008.4 96464.9 73173.7 52848.2 111993 92891.3 102350 97111.4 102944 75749.6 78287.5 91139.3 81666.1 62331 119399 73433.1 102634 108691 41212.6 100644 90758.1 76773.2 59960 102068 110320 96681.6 91887.9 50278.7 70246.3 56863.7 32834.3
0.0670075 77256.3 84853.3 60328.1 87185.1 122977 83537.5 93111.2 62023.1 96593.9 73223.8 52822.7 112189 92980.9 102511 97229.8 103071 75838.5 78384.3 91283.4 81748.6 62345.9 119543 73454.2 102797 108848 41187 100803 90861.5 76836.1 59960.2 102232 110510 96835.6 92001.2 50310 70370.2 56912.5 32826
0.0670982 77323.5 84939.8 60346.4 87296.2 123131 83621.5 93216.5 62037.2 96721.8 73273.5 52796.8 112384 93070.1 102669 97347.1 103197 75926.5 78480 91426.2 81829.9 62360.5 119685 73475.2 102957 109003 41161.6 100961 90963.7 76898.2 59960.3 102394 110699 96987.6 92113.2 50341.3 70492.9 56960.8 32817.8
0.0671898 77391.5 85027.1 60364.8 87408.8 123287 83706 93322.6 62051.3 96851.1 73323.6 52769.7 112580 93160.1 102829 97465.3 103325 76015.1 78576.6 91570.4 81912 62375.2 119828 73496.5 103119 109159 41135.9 101120 91066.5 76959.5 59960.1 102557 110889 97140.8 92226.1 50372.9 70616.4 57009.5 32809.7
0.06728 77458.4 85113.3 60382.9 87520 123441 83789.1 93427.1 62065.1 96978.4 73372.8 52742.9 112774 93248.9 102987 97582 103451 76102.4 78671.7 91712.9 81993 62389.7 119969 73517.2 103279 109313 41110.5 101277 91167.7 77019.2 59959.8 102718 111077 97291.9 92337.6 50403.8 70737.6 57057.5 32801.9
0.0673702 77525.1 85199.4 60401.2 87631.2 123595 83871.4 93531.8 62078.6 97105.3 73421.9 52716.2 112967 93337.5 103144 97698.6 103576 76189.7 78766.6 91855.9 82074 62402.7 120110 73537.7 103439 109467 41085.1 101434 91268.8 77078.4 59959.6 102879 111264 97442.8 92449.1 50434.6 70859 57105.2 32794.2
0.0674539 77587.2 85279.4 60418 87734.7 123738 83947.7 93629.1 62091 97223.4 73467.5 52691.8 113147 93419.9 103291 97807.1 103693 76270.8 78854.7 91988.8 82149.3 62414.7 120240 73556.3 103588 109610 41060.3 101580 91362.8 77133.5 59959.3 103029 111438 97583.1 92552.6 50463.5 70971.8 57149.3 32786.6
0.0675359 77648 85357.6 60434.2 87836 123878 84022.5 93724.2 62103.1 97338.9 73511.9 52668.1 113322 93500.6 103435 97913.4 103807 76350.2 78940.8 92118.7 82223 62426.5 120368 73574.4 103733 109750 41036.1 101723 91454.7 77187.5 59959 103175 111608 97720.4 92653.9 50491.7 71082.3 57192.4 32778.6
0.0676199 77710.3 85437.8 60450.6 87939.8 124022 84098.9 93821.2 62115.4 97457.1 73557.4 52643.8 113502 93582.8 103582 98022.3 103924 76431.5 79029.1 92252 82298.6 62438.3 120498 73592.8 103882 109892 41011.7 101869 91549 77242.9 59958.7 103325 111782 97860.9 92757.5 50520.4 71195.7 57235.5 32770.4
0.0677041 77772.7 85518.4 60467.2 88043.5 124165 84175.5 93918.4 62127.2 97575.7 73603 52619.4 113682 93665.2 103729 98131.9 104040 76513 79117.4 92385.8 82374.5 62450.2 120630 73611.2 104031 110036 40987.1 102016 91643.8 77298.7 59958.4 103475 111956 98001.8 92861.3 50549.1 71309.8 57277.8 32762.2
0.0677885 77835.3 85599.2 60483.7 88147.7 124310 84252.2 94015.9 62138.8 97694.8 73648.6 52594.9 113862 93747.8 103876 98242.2 104155 76594.7 79206.1 92520 82450.7 62462 120762 73629.6 104181 110180 40962.6 102164 91739.3 77354.6 59957.8 103625 112131 98143.1 92965.4 50577.9 71424.3 57320.1 32753.9
0.0678705 77896.4 85677.4 60499.7 88248.6 124450 84326.7 94110.6 62150.2 97810.1 73692.3 52571.2 114038 93827.3 104020 98349.8 104267 76673.9 79292.1 92650.2 82524.6 62473.3 120890 73647.3 104327 110319 40938.5 102308 91832.7 77408.8 59957 103772 112301 98280.4 93066.3 50605.9 71535.7 57361.2 32746
0.0679506 77956.1 85754.2 60515.3 88347.3 124587 84399.5 94203 62161.1 97923.2 73734.8 52548 114209 93905 104160 98455 104377 76751.3 79376.5 92777.4 82597 62484.3 121015 73664.4 104470 110456 40914.2 102449 91924.1 77461.6 59956.2 103915 112467 98414.1 93164.9 50633.4 71645 57401.3 32738.3
0.0680313 78016.3 85831.7 60530.9 88446.8 124724 84472.9 94295.2 62172.1 98037.9 73777.2 52524.5 114381 93983.5 104301 98561 104487 76829.2 79461.8 92905.6 82669.9 62494 121139 73681.6 104613 110593 40889.5 102591 92016.2 77514.4 59955.5 104059 112634 98549.1 93264.6 50661.1 71755.4 57442 32730.1
0.0681098 78074.8 85907.1 60546 88543.2 124857 84543.1 94384.5 62182.8 98151.7 73818 52501.5 114549 94059.7 104439 98664.3 104593 76905 79545 93029.8 82741.1 62502.3 121255 73697.9 104753 110727 40865.5 102729 92106 77567.1 59954.6 104200 112796 98680.5 93361.8 50688.1 71863.1 57481.9 32718.9
0.0681861 78131.2 85979.1 60560.5 88636.7 124984 84610.3 94471.3 62193.1 98263.2 73857.5 52479 114713 94133.7 104573 98764.5 104697 76978.4 79625.9 93150.6 82810.6 62510.3 121369 73713.6 104889 110857 40842.1 102863 92193.3 77618.3 59953.8 104336 112954 98808.5 93456.5 50714.5 71967.8 57520.6 32706.3
0.0682627 78186 86051 60574.2 88730.6 125113 84677.8 94558.5 62203.4 98375.2 73896.8 52455.8 114875 94208.1 104707 98864.8 104801 77052 79707.7 93272.3 82880.5 62518.2 121482 73738.5 105025 110988 40818.6 102998 92280.9 77669.9 59954.3 104472 113111 98937 93551.6 50741.1 72073.1 57560 32692.9
0.0683367 78239 86120.4 60587.4 88821.4 125237 84742.9 94643 62213.3 98483.5 73934.9 52433.4 115032 94280.1 104837 98961.6 104902 77123.3 79787.1 93389.4 82948.2 62526 121593 73762.6 105157 111114 40795.9 103128 92365.5 77719.6 59954.5 104604 113263 99061.1 93642.7 50766.9 72174.7 57597.9 32679.5
0.0684108 78292 86190 60600.5 88912.4 125361 84808.2 94728.3 62223.2 98592.1 73972.9 52411 115189 94352 104967 99058.6 105003 77194.9 79866.7 93506.1 83015.7 62534 121703 73786.6 105289 111240 40773.1 103258 92450.3 77769.5 59954.3 104736 113414 99185.5 93734.1 50792.6 72276.1 57635.8 32666.2
0.0684876 78346.9 86262 60614.1 89006.9 125494 84876 94817.6 62233.5 98704.7 74012.3 52387 115352 94427.2 105102 99159 105108 77275 79949.1 93627.2 83070.6 62542.1 121818 73811.3 105425 111371 40749.3 103393 92538.3 77821.1 59954.2 104872 113571 99314.2 93827.6 50818.8 72381 57675.2 32652.6
0.0685662 78402.6 86335.5 60627.9 89103.9 125631 84945.3 94908.9 62244 98819.9 74052.8 52362.3 115518 94504.2 105240 99261.6 105215 77357.1 80033.4 93751 83126.1 62550.3 121934 73836.5 105565 111505 40724.7 103531 92628.3 77873.9 59954.1 105012 113732 99446 93923.2 50845.2 72488.4 57715.1 32638.5
0.068644 78457.9 86408.4 60641.5 89199.8 125766 85014 94999.2 62254.4 98933.6 74092.3 52337.8 115683 94580.3 105377 99363.4 105321 77438.3 80117 93873.5 83180.8 62558.4 122050 73861.5 105704 111638 40700.3 103667 92717.6 77926.1 59953 105151 113892 99576.4 94018 50871.5 72594.8 57753.8 32624.4
0.0687218 78513.3 86481.2 60655.1 89295.7 125901 85082.7 95089.3 62264.8 99047.2 74131.8 52313.2 115848 94656.2 105514 99465.2 105427 77519.4 80200.6 93996 83235.6 62566.5 122165 73886.4 105842 111770 40675.9 103803 92807.1 77978.4 59951.9 105290 114051 99706.7 94112.6 50897.8 72701.2 57792.5 32610.3
0.0687962 78566.5 86550.8 60667.9 89387.7 126031 85148.3 95175.3 62274.6 99155.5 74169.5 52289.7 116006 94728.4 105644 99562.8 105528 77597.1 80280.6 94113.5 83288 62574.1 122276 73910.1 105975 111897 40652.2 103933 92892.5 78027.4 59950.9 105422 114204 99831.3 94203 50923 72803.2 57829.4 32597
0.0688703 78619.5 86620 60680.6 89479.1 126160 85213.6 95261 62284.4 99263.4 74207.1 52266.3 116163 94800.3 105775 99659.9 105629 77674.5 80360.4 94230.6 83340.4 62580.6 122386 73933.5 106107 112023 40628.6 104062 92977.4 78076 59949.8 105554 114355 99955.5 94293.1 50948.1 72904.9 57865.9 32583.7
0.0689462 78674 86691.2 60693.5 89572.9 126292 85280.2 95349.1 62293.9 99374.1 74245.5 52242.2 116324 94873.8 105908 99758.9 105733 77753.9 80442.4 94351 83394.2 62587.2 122499 73957.4 106242 112152 40604.3 104195 93064.6 78125.6 59948.6 105690 114511 100083 94385.7 50973.5 73009.4 57903.4 32570
0.0690216 78728.2 86761.9 60706.2 89666 126424 85345.9 95436.5 62303.1 99483.9 74283.4 52218 116484 94946.7 106040 99856.8 105836 77832.9 80523.8 94470.7 83447.7 62593.6 122610 73980.9 106377 112280 40579.5 104327 93151 78174.6 59947.4 105824 114665 100209 94477.6 50998.6 73113.2 57940.5 32556.3
0.0690956 78781.5 86831.3 60718.6 89757.5 126553 85410.3 95522.3 62312.1 99591.7 74320.5 52194.4 116640 95018 106170 99952.8 105938 77910.5 80603.5 94588.1 83500.3 62599.9 122720 74003.9 106509 112406 40555 104456 93235.7 78222.6 59946.1 105955 114815 100333 94567.8 51023.3 73215.3 57977 32542.9
0.0691693 78834.5 86899.9 60730.9 89848.7 126681 85474.7 95607.9 62321 99699.4 74357.4 52170.5 116797 95089.2 106300 100049 106039 77987.7 80683.1 94705.2 83552.9 62606.1 122830 74026.5 106640 112532 40530.5 104585 93320.2 78270.5 59944.5 106086 114966 100457 94657.6 51047.9 73317.1 58013 32529.6
0.0692422 78886.6 86967.6 60743.1 89939 126808 85538.4 95692.5 62329.8 99806 74393.8 52146.2 116951 95159.7 106428 100143 106138 78064 80761.7 94821 83604.9 62612.4 122938 74048.5 106770 112656 40506.3 104713 93403.7 78317.9 59942.3 106216 115115 100579 94746.3 51072.3 73417.8 58047.8 32516.4
0.0693179 78940.5 87037.9 60755.8 90032.9 126939 85604.5 95780.6 62338.9 99916.9 74431.6 52120.7 117112 95233.1 106561 100241 106242 78142.2 80843.3 94941.1 83658.2 62618.9 123050 74071.2 106905 112785 40481.2 104845 93490.5 78367.1 59939.3 106351 115270 100707 94838.2 51097.7 73522.5 58084 32502.7
0.0693952 78995.7 87109.8 60768.7 90128.9 127074 85671.8 95869.9 62348.2 100030 74470.3 52094.9 117276 95308.1 106697 100342 106348 78221.5 80926.7 95064 83712.8 62625.4 123165 74094.4 107043 112916 40455.4 104979 93579 78417.3 59936.3 106488 115428 100837 94932.2 51123.6 73629.4 58120.9 32488.7
0.0694721 79050.9 87182.2 60781.4 90224.4 127211 85738.9 95964.1 62357.2 100143 74508.7 52069 117440 95382.8 106833 100442 106453 78301.7 81009.6 95186.3 83769.9 62626.8 123279 74117.2 107180 113048 40428.7 105113 93667 78467 59933.3 106625 115586 100970 95008.8 51149.3 73735.4 58157.6 32474.7
0.0695468 79104.5 87252.2 60793.5 90317.1 127344 85803.9 96055.4 62365.6 100252 74546 52043.7 117599 95455.1 106965 100539 106555 78379.6 81090.2 95305.1 83825.4 62628 123390 74137.8 107313 113175 40402 105243 93752.3 78515.2 59930.3 106758 115739 101099 95083.4 51174.3 73838.3 58193.2 32461.1
0.0696207 79157.5 87321.6 60805.4 90408.9 127477 85868.3 96145.7 62372.8 100360 74582.9 52018.6 117756 95526.8 107095 100636 106656 78456.7 81170.1 95423.5 83880.4 62629.3 123500 74158.1 107444 113301 40375.5 105373 93833 78563 59927.3 106890 115890 101226 95157.2 51199 73940.4 58228.5 32447.6
0.0696933 79209.3 87389.7 60817.1 90499.3 127606 85931.7 96234.2 62377.7 100466 74619.3 51993.8 117911 95597 107223 100733 106756 78532.2 81248.7 95542 83934.5 62630.3 123608 74178.1 107575 113425 40349.5 105503 93900 78610.3 59923.9 107019 116039 101351 95229.6 51223.3 74040.7 58263.2 32434.1
0.0697651 79260.4 87457.3 60828.5 90588.9 127735 85994.3 96321.7 62382.4 100572 74655.1 51968.8 118064 95666.5 107350 100830 106855 78606.8 81326.2 95658.9 83988 62631.3 123714 74197.9 107703 113548 40323.7 105631 93966.3 78657.7 59920.5 107147 116187 101475 95301.3 51247.2 74140.1 58297.8 32420.9
0.0698367 79311.5 87524.6 60839.9 90678.2 127863 86056.8 96409 62386.9 100678 74690.6 51943.1 118217 95735.3 107476 100927 106953 78681.1 81403.4 95775.6 84041.4 62632.3 123820 74217.5 107831 113670 40297.9 105759 94032.3 78704.7 59916.9 107275 116334 101598 95372.8 51271.1 74239.2 58332.4 32407.8
0.0699072 79361.9 87591 60851.2 90766.3 127989 86118.2 96495 62391.4 100782 74725.5 51917.8 118367 95802.9 107600 101022 107050 78754.3 81479.4 95890.5 84094 62633.3 123925 74236.6 107957 113791 40272.6 105885 94097.4 78750.8 59913.4 107401 116478 101720 95443.3 51294.6 74336.7 58366.3 32395.1
0.069979 79413 87658.5 60862.6 90856.1 128117 86180.8 96582.6 62396.1 100888 74760.9 51892 118520 95871.8 107726 101119 107149 78828.9 81556.7 96007.8 84147.7 62634.6 124031 74256 108086 113913 40246.9 106013 94164 78797.3 59909.8 107529 116625 101844 95515.2 51318.4 74436.2 58400.7 32382.2
0.0700485 79462.7 87723.9 60873.6 90943.1 128241 86241.3 96667.5 62400.7 100991 74795.1 51867.1 118668 95938.6 107848 101213 107244 78901.2 81631.6 96121.6 84199.8 62635.7 124134 74274.6 108210 114032 40222 106137 94228.8 78842.5 59906.3 107652 116768 101964 95584.4 51341 74532.6 58434.1 32369.7
0.0701194 79513.4 87790.7 60884.7 91031.9 128368 86303 96754.2 62405.4 101096 74829.9 51841.7 118819 96006.6 107973 101308 107341 78974.8 81708 96237.6 84252.8 62636.8 124239 74293.3 108337 114154 40196.7 106264 94294.8 78888.5 59902.6 107779 116912 102086 95654 51364.2 74631.2 58468.1 32357.1
0.070189 79563.3 87856.1 60895.4 91119.2 128492 86363.6 96839.2 62410.1 101199 74862.5 51816.6 118967 96073.3 108095 101402 107436 79047 81783 96350.3 84304.9 62637.8 124341 74311.7 108461 114272 40171.7 106388 94359.7 78933.7 59898.9 107903 117055 102206 95722.4 51387.1 74727.9 58501.5 32344.6
0.0702573 79612.4 87920.4 60905.3 91204.9 128614 86423.1 96922.7 62414.9 101300 74894.4 51792 119112 96138.7 108215 101494 107530 79118 81856.7 96458.1 84356.2 62638.9 124443 74328.1 108583 114389 40147.2 106510 94424.4 78977.7 59895.2 108025 117195 102324 95789.8 51409.5 74823 58534.4 32331.9
0.0703265 79662.2 87985.7 60914.7 91291.7 128738 86483.3 97007.2 62419.6 101403 74926.7 51767.1 119260 96204.9 108337 101585 107625 79189.9 81931.5 96567.4 84408.2 62639.1 124545 74343.9 108706 114508 40122.3 106634 94490.1 79021.8 59891.6 108149 117337 102444 95858.2 51432.3 74919.5 58567.7 32318.9
0.0703965 79712.3 88051.6 60924.2 91379.5 128862 86544.1 97092.8 62424.3 101506 74959.4 51741.9 119410 96271.6 108460 101675 107721 79262.5 82007.5 96678.1 84461 62639.3 124650 74359.7 108831 114628 40097.1 106760 94557.1 79066.3 59887.9 108274 117481 102565 95927.3 51455.3 75017.2 58601.7 32305.8
0.0704682 79764.2 88119 60934.2 91469.5 128989 86606.3 97180 62429 101612 74992.7 51715.7 119562 96339.8 108586 101767 107819 79337 82085.9 96791.7 84515.1 62639.5 124757 74377.1 108959 114751 40071.6 106889 94625.5 79111.6 59888.7 108402 117628 102688 95998.2 51478.9 75117.7 58637 32292.4
0.0705389 79814.3 88185.4 60944.1 91558.4 129114 86667.8 97266 62433.5 101716 75025.4 51689.7 119711 96407.2 108710 101857 107917 79410.5 82163.5 96904 84568.6 62639.2 124863 74394.4 109085 114872 40046.3 107016 94693 79156.3 59889.9 108528 117772 102810 96068.2 51502.2 75216.7 58671.7 32279.2
0.0706096 79864 88251.6 60953.2 91647.3 129239 86729.1 97352 62437.9 101821 75058.2 51663.8 119861 96474.4 108834 101948 108014 79484 82241 97016.3 84622 62638.6 124969 74411.4 109211 114992 40021.2 107143 94760.4 79200.8 59891.1 108654 117916 102932 96138.2 51525.5 75315.8 58706.3 32266.2
0.0706789 79912.5 88316.6 60961.8 91734.3 129361 86789.3 97436.4 62442.1 101923 75090.5 51638.1 120008 96540.1 108956 102036 108110 79556 82317.1 97126.5 84674.4 62638 125072 74428 109335 115111 39996.5 107267 94826.2 79244.2 59892.3 108777 118057 103052 96206.7 51548.2 75413 58740.3 32253.7
0.0707495 79961.9 88382.9 60970.8 91822.7 129486 86850.6 97522.5 62446.2 102027 75123.4 51612 120157 96607.2 109080 102126 108207 79630.2 82394.5 97238.9 84726.5 62637.2 125178 74444.9 109461 115232 39971.3 107394 94893.2 79288.2 59893.4 108903 118201 103174 96277.4 51571.7 75512 58774.9 32240.9
0.0708229 80013.5 88452.2 60980.3 91914.4 129618 86914.4 97612.3 62450.4 102136 75157.5 51584.9 120313 96677.1 109210 102220 108308 79709.6 82475 97355.6 84774.8 62636.5 125287 74462.2 109592 115357 39944.9 107526 94963 79333.7 59894.5 109033 118351 103300 96350.7 51596.5 75615 58810.8 32227.3
0.0708957 80064.8 88520.9 60989.8 92005.2 129749 86977.9 97701.4 62454.5 102244 75191.2 51558 120467 96746.1 109338 102313 108408 79788.9 82554.8 97471.6 84821.4 62635.8 125396 74478.9 109721 115481 39918.5 107656 95032.4 79378.7 59895.6 109163 118499 103426 96423.5 51621 75717.1 58846.5 32213.8
0.0709662 80114.6 88587.4 60998.9 92093.2 129876 87039.1 97787.7 62458.5 102349 75223.7 51532.1 120616 96812.9 109462 102403 108505 79865.7 82631.7 97584 84866.4 62635 125502 74494.8 109847 115602 39892.8 107783 95099.6 79422.3 59896.7 109288 118643 103548 96494 51644.6 75816 58881.2 32200.6
0.0710332 80161.9 88650.8 61007.4 92176.6 129995 87097.2 97869.7 62462.3 102449 75254.6 51507.3 120758 96876.3 109580 102489 108597 79939 82704.9 97690.3 84909.8 62634.2 125603 74509.8 109966 115716 39868.3 107903 95163.4 79464 59897.7 109407 118779 103663 96561.6 51666 75910 58914.3 32188.1
0.0711028 80210.9 88716.7 61015.9 92263.6 130118 87157.4 97954.7 62466.1 102553 75286.7 51481.6 120905 96942 109703 102578 108693 80015 82780.8 97800.3 84955.1 62633.3 125707 74525.2 110090 115835 39842.5 108027 95229.7 79507.6 59898.4 109530 118921 103783 96631.9 51687.9 76007.7 58948.6 32175
0.0711704 80258.5 88781.7 61024.4 92348.3 130238 87215.8 98037.4 62469.6 102654 75318.6 51456.7 121047 97010.1 109824 102665 108785 80089 82854.4 97907.4 84999.2 62632.4 125809 74539.9 110210 115943 39816.7 108148 95294.2 79550.1 59899 109652 119058 103900 96700 51709.1 76102.9 58981.8 32162.2
0.0712365 80305.1 88845.1 61032.8 92431.1 130355 87273 98118.2 62472.6 102753 75349.7 51432.4 121186 97076.6 109944 102749 108876 80161.3 82926.2 98012 85042.1 62631.5 125908 74554.2 110327 116044 39791.5 108266 95357.3 79591.6 59898.7 109773 119192 104013 96766.7 51729.9 76196.2 59014.2 32149.7
0.0713017 80351.2 88907.7 61041 92513 130471 87329.5 98196.6 62475.6 102850 75380.6 51408.3 121324 97142.2 110063 102833 108965 80232.1 82997.1 98115.2 85083.8 62630.3 126006 74568.2 110443 116144 39766.6 108383 95419.6 79632.5 59898.2 109891 119324 104126 96837 51750.4 76288.5 59046 32137.8
0.0713672 80397.6 88970.2 61049.4 92595.2 130587 87386.2 98274.1 62478.5 102944 75411.6 51384.3 121462 97208.1 110181 102917 109055 80302.5 83068.5 98219.8 85125.2 62628.7 126104 74582.2 110559 116245 39740.9 108500 95482.2 79674.2 59897.5 110011 119457 104239 96912.3 51771.1 76381.4 59078.1 32126
0.0714326 80443.9 89032.2 61057.6 92677.4 130703 87442.7 98351.5 62481.5 103037 75442.6 51360.3 121600 97273.9 110300 103000 109145 80372.6 83139.8 98324.1 85166.5 62627.1 126202 74596.1 110676 116345 39715.4 108617 95544.7 79715.6 59896.8 110130 119590 104351 96987.4 51791.8 76474.1 59110.1 32114.3
0.0714976 80490.6 89092.9 61065.6 92759.1 130817 87499.2 98428 62484.5 103130 75473.4 51336.5 121738 97339.3 110417 103083 109235 80442 83210.8 98427.7 85207.7 62625.7 126299 74610 110792 116445 39690 108733 95607.1 79756.8 59896 110248 119722 104464 97062.3 51812.4 76566.4 59141.7 32102.6
0.071561 80536.2 89152.4 61073.4 92838.7 130930 87554.4 98500.5 62487.4 103221 75502.9 51313.3 121872 97403.2 110532 103165 109322 80509.7 83280.5 98528.7 85248 62624.4 126394 74623.3 110905 116542 39665.8 108846 95667.9 79797.1 59895.4 110363 119851 104573 97135.6 51832.5 76656.3 59172.8 32090.8
0.0716248 80582.1 89212.1 61081.2 92918.9 131042 87609.9 98573.5 62490.3 103313 75532.6 51289.4 122007 97466.8 110648 103246 109410 80577.8 83350.7 98630.3 85288.4 62623.1 126489 74636.6 111019 116640 39641.4 108960 95729.1 79837.6 59894.7 110480 119980 104683 97209.4 51852.8 76747 59204.1 32079
0.0716875 80627.2 89270.8 61088.8 92997.6 131153 87664.4 98645.2 62493.1 103402 75561.9 51265.5 122140 97528.8 110762 103327 109496 80644.8 83419.8 98730.3 85328.3 62621.4 126583 74649.7 111131 116736 39617.3 109072 95789.2 79876.9 59894.1 110594 120108 104791 97281.9 51872.6 76836.2 59234.9 32067.4
0.0717495 80672 89328.7 61096.4 93075.1 131263 87717.2 98716.1 62495.7 103491 75590.9 51241.8 122272 97589.9 110874 103406 109581 80711 83488.1 98829.3 85367.7 62619.4 126675 74662.6 111242 116831 39593.5 109183 95848.6 79915.5 59893.5 110707 120234 104898 97353.6 51892.1 76924.4 59265.4 32055.5
0.0718105 80716 89385.7 61103.8 93151.4 131371 87769.1 98785.7 62498.1 103578 75619.6 51223.2 122401 97649.7 110984 103484 109662 80776 83555.2 98926.6 85406.4 62617.4 126767 74674.6 111351 116925 39570.2 109292 95907.2 79953.3 59892.7 110818 120357 105003 97424.1 51911.3 77011.3 59295.4 32043.6
0.0718708 80759.6 89442.1 61111.2 93226.8 131477 87820.3 98854.5 62500.4 103664 75648.3 51208.9 122528 97708.6 111093 103561 109742 80840.3 83621.6 99022.8 85444.7 62615.5 126857 74685.8 111459 117017 39547.2 109400 95964.9 79990.7 59891.8 110927 120479 105107 97493.8 51930.3 77097.1 59324.9 32031.9
0.0719317 80803.8 89499.2 61118.6 93303.3 131585 87872 98924.2 62502.6 103751 75677.1 51194.4 122656 97768.3 111204 103639 109823 80905.5 83688.8 99120.4 85483.5 62613.5 126948 74697 111568 117111 39524 109509 96023.1 80028.4 59890.7 111038 120602 105212 97564.3 51949.7 77184.2 59354.7 32019.8
0.0719931 80848.4 89556.7 61125.5 93380.1 131693 87924.1 98994.5 62504.7 103838 75705.6 51180 122785 97828.4 111315 103717 109904 80971.1 83756.4 99218.7 85522.5 62611.6 127040 74708.2 111678 117205 39500.5 109619 96081.7 80066.3 59889.4 111150 120725 105318 97635.3 51969.1 77271.8 59384.6 32007.8
0.0720535 80892.2 89613.3 61132.2 93455.7 131799 87975.2 99063.6 62506.7 103925 75733.4 51165.6 122912 97887.4 111424 103795 109984 81035.6 83822.9 99315.4 85561 62610.4 127131 74719.1 111787 117297 39477.5 109727 96139.3 80103.6 59887.8 111259 120847 105422 97705.2 51988.1 77356.3 59414 31995.7
0.0721118 80934.5 89668 61138.6 93528.7 131902 88024.7 99130.4 62508.6 104008 75760.1 51151.2 123034 97944.5 111529 103869 110062 81097.9 83887.2 99408.9 85598.3 62609.4 127218 74729.6 111891 117387 39455 109832 96195.1 80139.6 59885.8 111365 120964 105522 97772.8 52006.4 77437.5 59442.3 31984.1
0.0721698 80976.3 89722.1 61145 93601.5 132006 88073.9 99196.2 62510.6 104091 75786.5 51136.7 123157 98001.6 111634 103943 110139 81159.9 83951.1 99501.8 85635.2 62612.1 127305 74740 111995 117476 39432.8 109935 96250.7 80175.3 59883.7 111470 121081 105622 97839.5 52024.7 77518 59470.5 31972.6
0.0722281 81018.1 89776.3 61151.4 93674.6 132110 88123.2 99261.2 62512.3 104174 75813.1 51122.1 123279 98058.9 111739 104018 110216 81221.9 84015.4 99595 85672.3 62622.1 127393 74750.1 112100 117565 39410.7 110039 96306.5 80211.3 59881.6 111576 121198 105720 97905.4 52043.1 77597.8 59498.9 31961.1
0.0722855 81059.4 89829.9 61157.6 93746.9 132213 88171.8 99325.3 62513.6 104257 75839.8 51113.8 123400 98115.3 111842 104092 110292 81283 84078.7 99687.2 85708.9 62632 127479 74758.4 112203 117653 39388.5 110142 96359 80246.8 59879.7 111679 121313 105818 97970.2 52061.3 77676.5 59526.8 31949.7
0.0723412 81099.6 89882 61163.7 93817.2 132314 88218.9 99388.1 62514.3 104337 75865.8 51106.1 123516 98170 111942 104165 110366 81342.4 84140.3 99777.2 85744.7 62640.7 127562 74766.3 112303 117738 39366.7 110243 96406.5 80281.4 59877.6 111780 121424 105913 98031.3 52078.5 77752.9 59553.6 31938.7
0.0723969 81140 89934.5 61169.6 93887.5 132417 88266 99454.3 62514.8 104416 75891.6 51098.5 123633 98224.6 112043 104237 110440 81402.7 84201.8 99867.1 85781.8 62645.6 127646 74774.1 112404 117824 39344.2 110343 96453.6 80315.8 59875.5 111881 121535 106010 98081.5 52094 77828.4 59580.1 31927.6
0.0724528 81180.5 89987 61175.6 93958.2 132521 88313.3 99520.8 62515.2 104496 75917.6 51090.7 123750 98279.3 112144 104310 110514 81463.2 84263.5 99957.5 85819.1 62650.4 127730 74781.8 112504 117909 39321.7 110444 96500.9 80350.3 59873.3 111982 121647 106107 98131.9 52109.7 77904.2 59606.5 31916.4
0.0725099 81222 90040.5 61181.7 94030.5 132628 88361.6 99588.6 62515.6 104578 75944.2 51082.8 123870 98335.1 112247 104384 110589 81525.1 84326.6 100050 85857.3 62655.4 127817 74789.7 112607 117997 39298.7 110547 96549.3 80385.3 59870.9 112085 121761 106206 98183.5 52125.7 77981.7 59633 31904.8
0.0725667 81263.2 90093.7 61187.6 94102.3 132732 88409.7 99656.1 62516 104660 75970.7 51074.8 123989 98390.5 112350 104458 110664 81586.1 84389.5 100142 85895.3 62660.3 127902 74797.5 112709 118084 39275.8 110649 96597.3 80420 59868.5 112188 121875 106305 98234.8 52141.5 78058.9 59659.4 31892.5
0.072623 81303.7 90146.4 61193.5 94173.6 132836 88457.4 99723.1 62516.3 104741 75997 51066.7 124107 98445.6 112451 104532 110739 81646.5 84451.9 100233 85933.1 62665.1 127987 74805.2 112811 118171 39253 110751 96645 80454.2 59865.9 112290 121988 106403 98285.5 52157.3 78135.5 59685.5 31880.3
0.0726797 81343.9 90199.4 61199.5 94245.2 132940 88504.9 99790.4 62516.5 104822 76023.3 51058.5 124226 98500.9 112554 104605 110814 81707.4 84514.6 100325 85971 62670 128073 74812.9 112913 118258 39229.9 110853 96693 80488.6 59863.2 112393 122101 106501 98336.6 52173.1 78212.7 59711.7 31868.2
0.0727348 81383.1 90250.7 61205.2 94315 133041 88551 99855.6 62516.7 104901 76048.9 51050.5 124342 98554.8 112653 104677 110887 81766.7 84575.6 100415 86007.8 62674.6 128156 74820.4 113012 118342 39207.4 110952 96739.7 80522.1 59860.5 112493 122211 106597 98386.4 52188.4 78287.8 59737.2 31856.4
0.0727891 81421.8 90301.1 61210.9 94383.7 133141 88596.5 99919.3 62516.9 104979 76074.1 51042.5 124455 98608 112751 104748 110959 81825.1 84635.7 100503 86044 62678.3 128238 74827.7 113110 118426 39185.1 111050 96785.5 80555 59857.9 112591 122320 106691 98435.6 52203.5 78361.8 59762.3 31844.9
0.0728425 81460 90350.7 61216.4 94451.4 133240 88641.2 99981.8 62517 105056 76098.8 51034.6 124567 98660.2 112848 104817 111030 81882.5 84695 100590 86079.7 62682.1 128318 74834.8 113206 118508 39163.1 111146 96830.5 80587.4 59855.3 112688 122426 106784 98484.1 52218.3 78434.5 59787.1 31833.6
0.0728964 81498.4 90400.7 61222 94519.8 133339 88686.2 100045 62517 105134 76123.7 51026.6 124680 98712.9 112945 104887 111101 81940.3 84754.9 100678 86115.5 62685.6 128398 74841.8 113302 118591 39141 111242 96875.6 80620 59852.6 112785 122534 106878 98532.9 52233.3 78507.9 59812 31822.3
0.0729495 81536.4 90450.1 61227.5 94587.4 133437 88730.7 100107 62517.1 105210 76148.2 51018.7 124791 98764.9 113041 104956 111171 81998.3 84814 100764 86148.8 62688.7 128478 74848.8 113398 118673 39119.1 111338 96920.1 80652.1 59850 112882 122640 106970 98581 52248.1 78580.4 59836.7 31811.1
0.0730029 81574.7 90499.9 61233 94655.4 133537 88775.4 100170 62517 105287 76172.7 51010.8 124903 98817.1 113137 105025 111242 82057 84873.5 100851 86181.2 62691.8 128558 74855.6 113494 118755 39096.9 111433 96964.7 80684 59847.4 112978 122747 107063 98629.1 52263 78653.4 59861.5 31799.9
0.0730555 81612.4 90549.1 61238.3 94722.5 133635 88819.4 100232 62516.9 105363 76196.9 51002.9 125013 98868.6 113232 105094 111312 82114.9 84932 100937 86213 62694.8 128636 74862.2 113588 118835 39075.1 111527 97008.3 80715.1 59844.8 113073 122851 107154 98676.6 52277.9 78725.5 59886.1 31788.8
0.0731077 81649.9 90597.8 61243.7 94788.9 133732 88863 100293 62516.8 105439 76220.8 50995.1 125122 98919.6 113326 105161 111381 82172.2 84990 101022 86244.6 62697.8 128714 74868.5 113681 118916 39053.7 111621 97051.6 80745.9 59842.2 113168 122955 107245 98723.7 52292.6 78797.1 59910.4 31777.8
0.073161 81688.2 90647.7 61249.2 94856.8 133831 88907.6 100356 62516.6 105516 76245.3 50987 125234 98971.7 113423 105231 111452 82230.8 85049.4 101109 86276.9 62700.8 128794 74875 113777 118998 39031.9 111716 97095.8 80777.2 59839.5 113264 123062 107338 98771.9 52307.7 78870.5 59935.2 31766.5
0.0732159 81727.6 90699 61254.8 94926.7 133933 88953.6 100420 62516.5 105595 76270.5 50978.7 125349 99025.3 113522 105302 111524 82291.1 85110.6 101198 86310.2 62703.8 128876 74881.7 113875 119082 39009.4 111815 97141.3 80809.5 59836.7 113364 123171 107433 98821.5 52323 78946.1 59960.8 31754.6
0.0732701 81766.7 90749.8 61260.2 94995.8 134033 88998.9 100483 62516.3 105673 76295.2 50970.6 125462 99078.3 113620 105372 111596 82350.6 85171 101287 86343 62706.9 128957 74888.3 113972 119165 38987.2 111912 97186.2 80841.3 59833.8 113461 123279 107528 98870.6 52338.2 79020.5 59986 31742.9
0.0733237 81805.3 90800 61265.4 95064.1 134133 89043.8 100546 62515.9 105751 76319.6 50962.5 125574 99130.8 113716 105442 111667 82409.3 85230.7 101374 86375.6 62709.9 129037 74894.8 114068 119248 38965.2 112008 97230.5 80872.8 59830.9 113558 123386 107621 98919.1 52353.1 79094.1 60010.8 31731.3
0.0733772 81843.8 90850.2 61270.7 95132 134232 89088.6 100608 62515.6 105828 76344 50954.3 125686 99183.2 113813 105512 111738 82467.9 85289.9 101462 86408.1 62713 129117 74901.2 114164 119331 38943.3 112103 97274.8 80904.3 59828 113655 123492 107714 98967.4 52368 79167.5 60035.5 31719.8
0.0734292 81881.4 90898.8 61275.8 95197.1 134328 89132 100669 62515.2 105903 76367.6 50946.3 125794 99234 113907 105579 111807 82524.7 85347.4 101546 86439.6 62715.9 129195 74907.4 114257 119411 38922 112196 97318.8 80937.3 59825.2 113749 123596 107805 99014.4 52382.5 79238.8 60059.5 31708.8
0.0734805 81918.7 90946.9 61280.8 95260 134424 89175 100729 62514.5 105978 76390.9 50938.4 125902 99284 113999 105645 111875 82581 85404 101628 86470.7 62718.7 129271 74913.4 114349 119490 38900.9 112287 97365.1 80976.2 59822.3 113842 123698 107894 99060.8 52396.9 79309.4 60083.4 31698.1
0.0735305 81955.4 90993.7 61285.8 95320.8 134517 89216.9 100787 62515.4 106050 76413.7 50930.8 126006 99332.7 114089 105710 111941 82635.7 85459.1 101706 86501.1 62721.4 129345 74919.2 114438 119567 38880.3 112376 97411.3 81014.8 59819.5 113932 123797 107981 99105.9 52411.1 79378.2 60106.6 31687.7
0.0735809 81992.2 91040.8 61290.1 95381.8 134610 89258.9 100846 62516.4 106123 76436.7 50923 126111 99381.5 114180 105775 112006 82690.8 85514.6 101784 86531.6 62724.1 129420 74923.7 114527 119645 38859.5 112465 97457.8 81054.3 59816.6 114024 123898 108069 99151.2 52425.4 79447.5 60130.1 31677.3
0.0736323 82029.8 91088.9 61294.4 95444.4 134705 89301.7 100906 62517.4 106197 76460.3 50915 126219 99431.3 114272 105841 112073 82747 85571.2 101863 86562.7 62726.5 129496 74928.1 114618 119724 38838.2 112556 97505.3 81094.5 59813.2 114117 124001 108158 99197.5 52440 79518.3 60154 31666.7
0.0736834 82067.3 91136.7 61298.5 95506.7 134800 89344.2 100966 62518.3 106270 76483.8 50907.1 126326 99480.8 114364 105907 112140 82803 85627.6 101943 86593.7 62728.8 129571 74932.3 114709 119804 38816.9 112647 97552.5 81134.4 59809.6 114210 124103 108247 99243.5 52454.4 79588.9 60177.9 31656.1
0.0737339 82104.2 91183.9 61302.5 95568.1 134893 89386 101025 62519.3 106343 76506.9 50899.2 126431 99529.6 114455 105973 112206 82858.2 85683.2 102022 86624.3 62731 129646 74936.4 114799 119882 38795.4 112737 97600.1 81173.7 59806 114302 124204 108336 99288.8 52468.8 79658.6 60201.5 31645.7
0.0737835 82140.5 91230.1 61306.6 95628.5 134985 89427.1 101083 62520.3 106414 76529.6 50891.4 126535 99577.5 114545 106037 112271 82912.3 85737.7 102099 86654.3 62733.2 129719 74940.3 114887 119958 38774.3 112826 97646.8 81212.1 59802.6 114392 124303 108422 99333.2 52482.9 79727 60224.7 31635.4
0.0738328 82176.7 91276.3 61310.7 95688.7 135076 89468 101141 62521.3 106484 76552 50883.6 126638 99625 114633 106101 112335 82966.3 85792 102177 86683.9 62735.4 129791 74944.3 114974 120035 38753.3 112914 97693.2 81250.4 59799.1 114481 124402 108508 99377.5 52496.9 79795.2 60247.7 31625.2
0.0738811 82212 91321.4 61314.6 95747.6 135166 89508 101197 62522.2 106554 76573.8 50876 126739 99671.6 114720 106164 112398 83019.1 85845.1 102252 86712.9 62737.6 129863 74948 115060 120109 38732.8 113000 97738.6 81287.7 59795.6 114569 124498 108592 99420.8 52510.6 79862.1 60270.2 31615.3
0.0739289 82246.9 91365.8 61318.2 95805.9 135254 89547.6 101253 62523.2 106622 76596.6 50868.6 126839 99713.9 114807 106226 112460 83071.2 85897.8 102327 86741.7 62739.8 129933 74951.4 115144 120184 38712.5 113085 97783.5 81324.7 59792.2 114655 124594 108676 99463.7 52524.2 79928.2 60292.5 31605.5
0.0739774 82282.4 91410.6 61321.9 95865.1 135344 89587.7 101310 62524.1 106692 76619.7 50861.1 126940 99756.8 114894 106289 112523 83124 85951.2 102403 86770.9 62742 130004 74954.9 115230 120259 38691.9 113171 97828.9 81362.1 59788.6 114743 124690 108761 99507.2 52537.9 79995.3 60315 31595.6
0.0740258 82317.8 91455.5 61325.5 95924.3 135434 89627.8 101367 62524.9 106761 76642.7 50853.6 127041 99799.9 114982 106352 112586 83176.8 86004.6 102479 86800.1 62744.3 130076 74958.4 115316 120335 38671.4 113257 97874.3 81399.5 59785 114831 124787 108846 99550.7 52551.8 80062.5 60337.5 31585.6
0.0740737 82353 91499.8 61329.1 95982.8 135522 89667.4 101423 62525.6 106830 76665.3 50846.1 127141 99842.4 115068 106414 112648 83229 86057.5 102554 86829 62746.4 130146 74961.8 115401 120410 38651.1 113342 97919 81436.4 59781.3 114918 124883 108930 99593.6 52565.6 80128.9 60359.8 31575.7
0.0741216 82388.2 91544.1 61332.7 96041.2 135611 89707 101479 62526.3 106899 76688 50838.7 127241 99885 115155 106476 112710 83281.1 86110.4 102629 86857.9 62748.6 130217 74965.1 115485 120484 38630.8 113427 97963.7 81473.3 59777.7 115004 124978 109014 99636.5 52579.3 80195.3 60382.1 31565.7
0.0741695 82423.4 91588.4 61336.3 96099.6 135699 89746.6 101535 62526.9 106968 76710.7 50831.2 127341 99927.3 115241 106538 112772 83333.2 86163.3 102705 86886.8 62750.8 130288 74968.4 115570 120559 38610.5 113512 98008.3 81510.1 59774 115091 125074 109098 99679.4 52592.8 80261.6 60404.3 31555.6
0.0742161 82457.7 91631.5 61339.9 96156.5 135786 89785.2 101589 62527.5 107035 76732.6 50823.9 127439 99968.4 115326 106598 112833 83383.8 86214.9 102778 86914.7 62753 130356 74971.5 115653 120632 38590.8 113594 98051.7 81545.9 59770.4 115175 125167 109179 99721.4 52601.3 80325.9 60425.9 31545.7
0.0742627 82492.1 91674.7 61343.4 96213.4 135872 89823.7 101643 62528.1 107102 76754.6 50816.6 127536 100009 115410 106659 112893 83434.4 86266.6 102851 86942.6 62755.2 130425 74974.6 115735 120705 38570.6 113677 98095.1 81581.6 59766.8 115260 125260 109261 99763.4 52609.8 80390.2 60447.6 31535.8
0.0743098 82526.8 91718.4 61347 96270.9 135960 89862.4 101698 62528.5 107170 76776.6 50809.1 127634 100051 115495 106720 112954 83485.5 86318.8 102925 86970.7 62757.3 130493 74977.6 115818 120778 38550.2 113761 98138.8 81617.5 59763.2 115345 125354 109343 99805.9 52618.5 80455.1 60469.6 31525.9
0.0743558 82560.8 91761.1 61350.5 96327.1 136045 89900.3 101752 62529 107237 76798.1 50801.8 127730 100091 115578 106780 113014 83535.4 86369.8 102997 86998.3 62759.4 130560 74980.5 115900 120850 38530.2 113842 98181.5 81652.6 59759.7 115428 125445 109424 99847.3 52626.9 80518.5 60491 31516.1
0.0744018 82594.7 91803.7 61353.9 96383.4 136130 89938.1 101806 62529.4 107303 76820 50794.5 127826 100132 115661 106840 113073 83585.5 86420.9 103070 87025.6 62761.6 130627 74983.5 115981 120922 38510.4 113924 98224.1 81687.7 59756.2 115511 125537 109504 99889.1 52635.2 80582 60512.5 31506.4
0.0744467 82627.9 91844.8 61357.3 96438.2 136214 89974.9 101858 62529.8 107368 76841.9 50787.3 127920 100172 115742 106898 113131 83634.5 86470.8 103140 87051.8 62763.6 130693 74986.6 116060 120992 38490.9 114003 98265.7 81721.8 59752.8 115593 125627 109583 99930 52643.1 80643.8 60533.5 31496.8
0.0744916 82661.2 91885.6 61360.7 96493 136297 90011.7 101910 62530.1 107433 76863.9 50780.1 128014 100212 115824 106956 113189 83683.5 86520.9 103211 87078.1 62765.6 130758 74989.7 116139 121062 38471.4 114083 98307.4 81756.2 59749.3 115675 125717 109662 99970.9 52651.2 80705.9 60554.5 31487.1
0.0745366 82694.4 91926.3 61364 96547.8 136380 90048.5 101963 62530.5 107498 76885.8 50773 128107 100252 115905 107014 113248 83732.6 86571 103282 87104.5 62767.6 130824 74992.7 116219 121133 38451.8 114163 98349.1 81790.7 59745.8 115757 125808 109740 100012 52659.2 80767.9 60575.5 31477.3
0.0745813 82727.3 91966.8 61367.3 96602.4 136463 90085.2 102015 62530.8 107563 76907.6 50765.8 128201 100292 115986 107072 113305 83781.7 86620.9 103352 87131 62769.5 130889 74995.7 116298 121202 38432.3 114242 98390.6 81825 59742.2 115839 125897 109819 100053 52667.2 80829.9 60596.4 31467.7
0.0746256 82759.6 92006.7 61370.6 96656.5 136544 90121.4 102067 62531 107628 76929.2 50758.7 128293 100331 116066 107129 113363 83830.1 86670.3 103421 87157.2 62771.3 130953 74998.5 116376 121271 38413 114320 98431.5 81858.9 59738.7 115919 125986 109896 100093 52675.2 80891.1 60617 31458.1
0.0746696 82791.7 92046.4 61373.9 96710.5 136625 90157.5 102118 62530.8 107692 76950.6 50751.6 128385 100371 116146 107186 113420 83878.3 86719.5 103491 87183.2 62773.2 131018 75001 116453 121340 38394 114398 98470.4 81892.6 59734.9 115999 126075 109973 100133 52683.1 80952 60637.4 31448.6
0.0747139 82823.9 92086.4 61377 96764.7 136707 90193.8 102170 62530.4 107756 76972.1 50744.5 128478 100410 116226 107243 113477 83926.8 86769.1 103561 87209.5 62775.1 131082 75003 116532 121409 38374.8 114477 98508.4 81926.4 59730.8 116080 126164 110050 100174 52691.2 81013.3 60658 31439.2
0.0747585 82856.4 92126.7 61379.9 96819.4 136789 90230.3 102222 62530 107821 76993.5 50737.2 128571 100450 116306 107301 113535 83975.4 86818.9 103631 87235.8 62777 131147 75005 116610 121479 38355.4 114556 98546.4 81960.4 59726.5 116161 126253 110128 100214 52699.3 81075 60678.6 31429.7
0.0748036 82889.3 92167.5 61382.8 96874.8 136872 90267.2 102274 62529.7 107887 77015 50729.9 128666 100490 116388 107359 113593 84024.6 86869.3 103703 87262.4 62778.8 131213 75007 116690 121549 38335.8 114637 98585 81994.8 59722.2 116243 126344 110207 100255 52707.6 81137.6 60699.5 31420
0.0748484 82922.1 92208.2 61385.7 96929.9 136954 90303.9 102326 62529.3 107952 77036.5 50722.6 128759 100530 116469 107418 113652 84073.5 86919.4 103774 87288.8 62780.6 131279 75008.9 116769 121619 38316.2 114717 98623.4 82029 59718 116324 126434 110286 100296 52715.9 81200 60720.3 31410.4
0.0748943 82955.7 92249.8 61388.6 96986.2 137039 90341.4 102380 62528.9 108018 77058.4 50715.1 128855 100571 116552 107477 113711 84124 86970.7 103846 87314.4 62782.3 131346 75010.8 116850 121691 38296.2 114798 98662.6 82063.8 59713.6 116407 126527 110366 100338 52724.4 81263.8 60741.6 31400.6
0.0749396 82988.9 92290.9 61391.5 97042 137123 90378.4 102433 62528.4 108084 77080 50707.7 128950 100611 116634 107536 113770 84174.3 87021.4 103918 87339 62784.1 131412 75012.7 116930 121761 38276.4 114879 98701.2 82098.1 59709.3 116490 126618 110446 100379 52732.8 81326.9 60762.5 31390.8
0.0749846 83021.8 92331.8 61394.4 97097.5 137206 90415.2 102485 62528 108149 77101.2 50700.4 129044 100651 116716 107594 113828 84224.2 87071.6 103990 87363.5 62785.8 131477 75014.4 117010 121832 38256.7 114959 98739.5 82132.1 59704.9 116571 126708 110524 100419 52741.2 81389.5 60783.3 31381.1
0.075029 83054.4 92372.4 61397.2 97152.3 137289 90451.4 102538 62527.5 108213 77121.5 50692.9 129137 100691 116796 107652 113885 84273.7 87120.8 104061 87388.1 62786.4 131542 75016 117088 121901 38236.6 115038 98777.3 82165.6 59700.6 116652 126797 110602 100457 52749.5 81451.3 60803.7 31371.3
0.0750732 83087.1 92412.9 61400 97206.9 137372 90487.5 102591 62526.9 108277 77141.6 50685.4 129229 100730 116877 107710 113943 84323.4 87169.9 104131 87412.9 62786.3 131607 75017.6 117166 121970 38216.3 115117 98814.7 82198.9 59696.3 116733 126886 110680 100492 52757.8 81512.9 60824.1 31361.6
0.0751165 83119.1 92452.5 61402.8 97260.3 137453 90522.2 102643 62526.3 108340 77161.2 50678 129320 100768 116955 107766 113999 84372 87218 104200 87437.3 62786.1 131670 75019.1 117243 122038 38196.4 115193 98851.3 82231.5 59692 116812 126973 110756 100526 52765.9 81573.2 60844 31352.2
0.0751599 83151.3 92492.2 61405.5 97313.8 137534 90556.7 102696 62525.6 108402 77180.8 50670.4 129410 100807 117034 107822 114055 84420.2 87266.1 104269 87461.4 62786 131733 75020.6 117319 122106 38176.5 115270 98887.7 82264 59687.7 116891 127060 110833 100561 52774.1 81633.5 60864 31342.6
0.0752028 83183 92531.3 61408.2 97366.8 137615 90591 102747 62524.8 108465 77200 50662.7 129500 100845 117112 107878 114111 84467.9 87313.9 104337 87485.3 62785.8 131796 75022 117395 122173 38156.7 115346 98923.8 82296.1 59683.4 116969 127146 110909 100595 52782.1 81693.4 60883.8 31333.2
0.075246 83215 92570.8 61410.9 97420.2 137696 90625.5 102800 62524.1 108527 77219.3 50654.9 129591 100883 117190 107934 114167 84516 87362 104406 87509.2 62785.3 131859 75023.5 117472 122240 38136.8 115422 98960.1 82328.3 59679.1 117048 127233 110985 100629 52790.3 81753.8 60903.7 31323.7
0.0752899 83247.3 92610.9 61413.7 97474.5 137779 90660.5 102852 62523.2 108591 77238.8 50647 129682 100922 117270 107991 114224 84564.7 87410.8 104476 87533.6 62784.7 131923 75024.9 117549 122309 38116.6 115500 98997 82360.9 59674.6 117128 127322 111063 100664 52798.5 81815 60923.9 31314.1
0.0753343 83280 92651.3 61416.4 97529.3 137862 90695.9 102906 62522.2 108655 77258.2 50639 129775 100961 117351 108048 114281 84614 87460.2 104546 87558.1 62784.1 131987 75026.2 117627 122378 38096.2 115578 99034.2 82393.7 59670 117209 127411 111141 100699 52806.9 81877 60944.4 31304.5
0.0753789 83312.9 92692.1 61419.2 97584.6 137946 90731.7 102960 62521.2 108720 77277.7 50631 129868 101001 117432 108106 114339 84663.6 87509.9 104617 87582.8 62783.4 132053 75027.5 117706 122448 38075.6 115658 99071.6 82426.7 59665.3 117291 127501 111220 100734 52815.4 81939.5 60964.5 31294.8
0.0754227 83345 92731.9 61421.9 97638.8 138028 90766.7 103012 62520.1 108784 77296.8 50623.1 129960 101039 117511 108163 114396 84712.1 87558.7 104687 87607.1 62782.7 132117 75028.7 117784 122517 38055.4 115735 99108.3 82458.9 59660.7 117371 127589 111297 100769 52823.8 82000.6 60984.2 31285.3
0.0754654 83376.5 92770.9 61424.5 97691.8 138108 90800.8 103064 62519.1 108846 77315.5 50615.2 130049 101077 117588 108219 114451 84759.5 87606.4 104755 87630.7 62782.1 132179 75029.8 117859 122584 38035.6 115811 99144 82490.2 59656 117449 127675 111372 100803 52831.9 82060.5 61003.4 31276
0.075507 83407.2 92808.9 61427 97743.5 138186 90834.1 103114 62518 108907 77333.6 50607.1 130136 101114 117664 108273 114505 84805.7 87652.8 104822 87653.7 62781.4 132240 75030.9 117933 122649 38016.2 115884 99178.8 82520.7 59651.5 117525 127758 111446 100835 52839.9 82118.8 61022.1 31266.9
0.0755486 83437.8 92846.9 61429.5 97795.5 138264 90867.2 103164 62516.7 108967 77351.7 50599.1 130223 101150 117739 108327 114558 84851.8 87698.9 104888 87676.6 62780.8 132300 75031.9 118006 122714 37996.9 115958 99213.6 82551.9 59647 117601 127842 111519 100868 52847.9 82177 61040.7 31257.7
0.0755901 83468.3 92885.1 61432 97847.6 138341 90900.4 103214 62515.3 109029 77369.6 50591 130309 101187 117815 108381 114611 84897.7 87745 104954 87699.6 62780.1 132361 75033 118080 122779 37977.7 116032 99248.3 82583.2 59642.5 117676 127925 111593 100901 52855.9 82235.3 61059.4 31248.4
0.0756312 83498.6 92923.2 61434.4 97899.2 138418 90933.2 103264 62513.9 109089 77387.2 50583 130395 101223 117890 108435 114663 84942.8 87790.6 105019 87722.4 62779.4 132421 75034.2 118152 122843 37958.6 116105 99282.7 82614.2 59638 117752 128008 111666 100933 52863.8 82293 61077.9 31239.2
0.0756724 83528.9 92961 61436.5 97950.9 138495 90965.9 103313 62512.4 109150 77404.9 50574.9 130481 101260 117965 108489 114716 84988 87836.4 105085 87745.2 62778.7 132481 75035.3 118225 122907 37939.5 116178 99317 82645.2 59633.4 117827 128091 111739 100965 52871.8 82350.9 61096.4 31230
0.0757129 83558.9 92998.3 61438.5 98001.6 138571 90998 103362 62511 109209 77422.3 50567.1 130566 101296 118039 108541 114768 85032.4 87881.4 105149 87767.6 62778 132540 75036.3 118296 122971 37920.7 116249 99350.8 82675.6 59629 117900 128172 111811 100997 52879.7 82407.9 61114.6 31221
0.0757534 83588.8 93035.5 61440.6 98052.5 138647 91030.3 103411 62509.5 109269 77439.6 50559.2 130650 101332 118113 108594 114819 85076.9 87926.5 105214 87790.1 62777.3 132599 75037.3 118368 123034 37901.9 116320 99384.6 82706.1 59624.5 117974 128253 111883 101029 52887.8 82465.1 61132.8 31211.9
0.075794 83618.8 93072.7 61442.6 98103.5 138723 91062.5 103460 62508 109329 77457 50551.3 130735 101368 118187 108647 114871 85121.4 87971.6 105278 87812.7 62776.6 132658 75038.3 118440 123097 37883 116392 99418.4 82736.5 59620 118048 128335 111955 101061 52895.8 82522.3 61151 31202.8
0.0758345 83648.7 93110 61444.4 98154.4 138798 91094.6 103508 62506.4 109388 77474.2 50543.4 130819 101404 118261 108700 114923 85165.7 88016.7 105342 87835.2 62775.9 132717 75039.2 118511 123161 37864.2 116463 99452.2 82766.8 59615.4 118122 128416 112027 101093 52903.9 82579.4 61169.1 31193.8
0.0758753 83678.7 93147.4 61446.3 98205.7 138875 91127 103557 62504.8 109449 77491.6 50535.5 130904 101440 118335 108753 114975 85210.3 88062.2 105407 87857.9 62775.1 132775 75040.1 118583 123224 37845.2 116535 99486.1 82797.4 59610.3 118196 128498 112100 101125 52912 82636.9 61187.4 31184.3
0.0759173 83709.7 93186.1 61448.2 98258.6 138953 91160.4 103608 62503.1 109511 77509.4 50527.3 130992 101478 118411 108808 115029 85256.3 88109.1 105474 87881.4 62774.1 132835 75040.9 118657 123290 37825.5 116609 99521.1 82829.2 59605 118273 128582 112174 101158 52920.3 82696.3 61206.3 31173.9
0.0759592 83740.6 93224.7 61450 98311.2 139031 91193.7 103658 62501.4 109573 77527.1 50519 131079 101515 118488 108862 115083 85302.2 88156 105540 87904.9 62773.2 132895 75041.7 118732 123355 37805.9 116683 99556.1 82860.8 59599.8 118349 128666 112249 101191 52928.6 82755.6 61225.1 31163.6
0.0759997 83770.4 93262.3 61451.8 98362.3 139107 91226 103707 62499.8 109633 77544.4 50511 131163 101552 118562 108914 115135 85346.7 88201.5 105605 87927.6 62772.2 132953 75042.5 118803 123418 37787 116754 99589.8 82891.4 59594.8 118422 128747 112320 101223 52936.6 82813 61243.1 31153.6
0.0760393 83799.5 93299.1 61453.6 98412 139181 91257.4 103754 62498.2 109692 77561.3 50503.1 131246 101590 118635 108965 115186 85390.1 88245.8 105667 87949.6 62771.2 133009 75043.1 118873 123480 37768.5 116824 99622.7 82921.2 59590 118493 128825 112390 101254 52944.5 82869 61260.6 31143.8
0.0760783 83828.3 93335.4 61455.2 98461 139253 91288.4 103801 62496.6 109750 77578 50495.2 131327 101627 118706 109015 115236 85432.9 88289.5 105729 87971.3 62770.2 133065 75043.7 118942 123541 37750.3 116893 99655.2 82950.6 59585.2 118563 128903 112459 101284 52952.3 82924.3 61278 31134.2
0.0761172 83857 93371.5 61456.5 98509.7 139326 91319.2 103848 62495 109808 77594.6 50487 131408 101664 118778 109064 115285 85475.5 88333.1 105791 87992.8 62769.1 133120 75044.2 119011 123601 37732.3 116962 99687.4 82979.8 59580.4 118633 128981 112528 101315 52960 82979.4 61295.2 31124.5
0.0761556 83885.4 93407.3 61457.7 98558 139397 91349.6 103894 62493.4 109865 77611.1 50478.9 131487 101700 118848 109114 115334 85517.5 88376.2 105852 88014.2 62768 133175 75044.7 119079 123661 37714.3 117029 99719.3 83008.7 59575.6 118702 129057 112596 101345 52967.8 83033.9 61312.2 31114.9
0.0761942 83914 93443.3 61458.8 98606.4 139469 91380.2 103940 62491.8 109923 77627.6 50470.8 131568 101737 118919 109163 115384 85559.7 88419.5 105913 88035.7 62767 133230 75045.2 119147 123721 37696.2 117097 99751.3 83037.6 59570.8 118772 129134 112664 101375 52975.6 83088.6 61329.3 31105.2
0.0762326 83942.5 93479.1 61460 98654.6 139541 91410.7 103986 62490.1 109980 77644 50462.7 131647 101773 118990 109213 115433 85601.8 88462.8 105974 88057.2 62766 133285 75045.7 119215 123781 37678.2 117165 99783.1 83066.5 59566.1 118841 129211 112732 101405 52983.5 83143.1 61346.3 31095.7
0.0762712 83971.1 93515.2 61461.2 98703.1 139613 91441.3 104033 62488.5 110038 77660.5 50454.6 131728 101810 119061 109262 115482 85644 88506.3 106035 88078.7 62765 133340 75046 119283 123841 37660.1 117233 99815.1 83095.4 59561.3 118910 129288 112801 101436 52991.3 83197.8 61363.4 31086.2
0.0763102 83999.9 93551.4 61462.4 98752 139686 91472 104080 62486.8 110096 77676.9 50446.4 131809 101847 119133 109312 115531 85686.6 88550.1 106097 88100.3 62764 133396 75046.3 119352 123902 37641.9 117302 99847.4 83124.5 59556.6 118980 129365 112870 101466 52999.3 83253 61380.5 31076.5
0.0763496 84029 93588.2 61463.6 98801.6 139759 91503 104127 62485.1 110154 77693.6 50438.1 131891 101885 119205 109363 115581 85729.8 88594.4 106159 88122.2 62762.9 133452 75046.6 119421 123963 37623.4 117371 99880 83153.9 59551.7 119051 129443 112939 101497 53007.3 83308.9 61397.8 31066.8
0.0763891 84057.7 93625 61464.8 98851.2 139832 91534 104174 62483.4 110213 77710.3 50429.8 131973 101922 119278 109414 115632 85773.1 88638.8 106222 88144.1 62761.9 133508 75046.8 119491 124025 37604.8 117441 99912.8 83183.4 59546.8 119122 129522 113009 101528 53015.5 83365 61415.2 31057.1
0.0764285 84086.3 93661.7 61466 98900.8 139905 91564.9 104222 62481.6 110272 77727 50421.5 132055 101959 119350 109464 115682 85816.3 88683.1 106285 88166.1 62760.8 133564 75046.9 119561 124086 37586.3 117510 99945.4 83212.8 59541.9 119192 129600 113079 101559 53023.6 83421.2 61432.5 31047.5
0.0764681 84114.9 93698.6 61466.8 98950.5 139979 91596 104269 62480 110331 77743.7 50413.2 132137 101997 119423 109515 115733 85859.8 88727.6 106347 88188 62759.6 133620 75046.3 119631 124148 37567.7 117580 99978.7 83242.4 59536.9 119263 129679 113149 101590 53031.5 83477.6 61450 31037.8
0.0765067 84142.5 93734.5 61467.5 98998.8 140050 91626.2 104316 62478.7 110388 77760 50405.2 132217 102033 119494 109565 115782 85902.1 88771 106408 88209.4 62758.4 133675 75045.5 119699 124208 37549.6 117649 100012 83271.4 59531.9 119333 129756 113217 101621 53039.1 83532.7 61467 31028.4
0.0765443 84169.4 93769.5 61468.3 99045.9 140119 91655.7 104361 62477.3 110444 77775.9 50397.3 132296 102068 119563 109614 115830 85943.5 88813.4 106468 88230.5 62757.1 133729 75044.8 119766 124267 37531.9 117717 100044 83299.5 59527.1 119400 129831 113284 101650 53046.3 83586.6 61483.7 31019.2
0.0765822 84196.5 93804.7 61469.1 99093.4 140189 91685.3 104406 62475.9 110501 77791.9 50389.2 132375 102104 119632 109664 115879 85985.2 88856.1 106527 88251.7 62755.8 133783 75044 119833 124326 37514.1 117784 100077 83327.8 59522.2 119468 129907 113351 101680 53053.3 83640.8 61500.4 31009.8
0.07662 84223.6 93839.7 61469.9 99140.6 140258 91714.8 104451 62474.5 110557 77807.9 50381.2 132453 102139 119702 109713 115928 86026.9 88898.8 106587 88272.9 62754.5 133836 75043.1 119900 124385 37496.2 117852 100109 83356 59517.3 119536 129982 113417 101710 53060.4 83695 61517 31000.2
0.0766574 84250.4 93874.4 61470.7 99187.2 140327 91744 104496 62473.1 110613 77823.6 50373.2 132531 102174 119770 109761 115975 86068.4 88941 106646 88292.9 62753.1 133889 75042.3 119966 124443 37478.6 117919 100141 83383.8 59512.5 119603 130056 113483 101739 53067.4 83748.5 61533.1 30990.7
0.0766944 84277.1 93908.8 61471.4 99233.5 140395 91772.9 104541 62471.7 110668 77839.1 50365.3 132608 102209 119838 109809 116023 86109.7 88982.9 106704 88312.3 62751.8 133942 75041.4 120031 124501 37461.1 117985 100172 83411.3 59507.6 119670 130130 113549 101768 53074.5 83801.6 61549 30981.3
0.0767311 84303.6 93942.8 61472.1 99279.5 140463 91801.7 104585 62470.4 110723 77854.5 50357.5 132684 102244 119906 109857 116070 86150.5 89024.6 106762 88331.6 62750.4 133994 75040.4 120096 124558 37443.7 118050 100204 83438.4 59502.8 119736 130203 113614 101797 53081.5 83854.2 61564.8 30972
0.0767677 84329.9 93976.8 61472.8 99325.3 140530 91830.3 104629 62468.8 110778 77869.8 50349.7 132760 102278 119973 109905 116117 86191.2 89066 106820 88350.7 62749.1 134046 75039.5 120161 124615 37426.4 118116 100234 83465.3 59497.9 119801 130275 113678 101825 53088.5 83906.6 61580.6 30962.7
0.0768045 84356.3 94011 61473.5 99371.4 140597 91859.1 104673 62467.2 110833 77885.2 50341.8 132836 102313 120041 109953 116164 86232.1 89107.8 106879 88370 62747.8 134099 75038.5 120226 124672 37409 118182 100263 83492.5 59493 119867 130349 113743 101854 53095.6 83959.4 61596.5 30953.2
0.0768413 84382.7 94045.2 61474.1 99417.6 140665 91887.8 104717 62465.5 110888 77900.6 50334 132913 102347 120108 110001 116212 86273 89149.5 106937 88389.1 62746.4 134150 75037.4 120291 124730 37391.6 118248 100293 83519.5 59488 119933 130421 113808 101883 53102.7 84012.1 61612.4 30943.8
0.0768778 84409 94078.9 61474.7 99463.5 140732 91916.3 104761 62463.8 110942 77915.7 50326.2 132989 102381 120175 110049 116258 86313.8 89190.9 106995 88408.1 62745 134202 75036.3 120356 124786 37374.3 118313 100322 83546.4 59483.1 119998 130494 113873 101911 53108.9 84064.5 61628.1 30934.4
0.0769141 84435.3 94112.5 61475.4 99509.1 140800 91944.7 104804 62462.1 110997 77930.8 50318.5 133064 102415 120242 110097 116305 86354.3 89232.1 107053 88427 62743.7 134253 75034.6 120420 124843 37357 118379 100351 83573 59478.1 120063 130566 113937 101940 53115 84116.6 61643.7 30925.2
0.0769499 84461.1 94145.5 61476 99554.1 140866 91972.5 104847 62460.4 111050 77945.6 50311 133138 102449 120307 110144 116351 86394.2 89272.6 107110 88445.6 62742.3 134303 75032.8 120483 124899 37339.9 118443 100380 83599.1 59473.1 120127 130637 114000 101968 53120.9 84167.8 61659 30916.1
0.0769861 84487.2 94179 61476.6 99599.6 140933 92000.8 104890 62458.4 111104 77960.6 50303.3 133214 102483 120374 110191 116398 86434.6 89313.7 107167 88464.4 62740.9 134354 75031.1 120547 124955 37322.6 118507 100409 83625.6 59468.1 120192 130709 114064 101996 53126.9 84219.8 61674.5 30906.9
0.0770224 84513.4 94212.6 61477.1 99645.3 141000 92029.2 104934 62456.5 111159 77975.7 50295.6 133289 102517 120441 110239 116444 86475.1 89355 107225 88483.3 62739.5 134405 75029.3 120611 125012 37305.2 118573 100437 83652.1 59463.1 120257 130781 114128 102025 53132.9 84272 61690.1 30897.6
0.0770586 84539.3 94246.1 61477.7 99690.9 141067 92057.3 104977 62454.4 111213 77990.6 50287.9 133364 102551 120507 110286 116491 86515.3 89396.5 107283 88502 62738.1 134456 75027.4 120675 125068 37287.9 118637 100466 83678.4 59458.1 120322 130853 114192 102053 53139 84324 61705.8 30888.2
0.0770954 84565.7 94280.1 61478.3 99737.1 141135 92086 105021 62452.3 111268 78005.7 50280.1 133440 102586 120575 110335 116538 86556.3 89438.6 107341 88521.1 62736.6 134508 75025.4 120740 125126 37270.3 118703 100495 83705.1 59453.1 120387 130926 114256 102082 53145.1 84377 61721.8 30878.6
0.0771319 84592 94313.8 61478.8 99783.2 141203 92114.4 105065 62450.1 111323 78020.7 50272.3 133516 102620 120642 110383 116585 86597 89480.4 107399 88540 62735.1 134560 75023.5 120805 125182 37252.8 118769 100524 83731.6 59448 120453 130998 114321 102110 53151.1 84429.7 61737.7 30869.1
