0.01 13149.9 13689.2 12368.5 13711.5 18120.1 13943.6 14043 13036.4 14265.5 13173.8 12299.4 15322.9 14603.1 14677.5 13967.7 14926.2 13343.4 13494.4 13679.6 13309.6 12931.3 18359.3 13138.1 14834.6 14928.7 11333 14484 13597.7 13813.3 12309.2 14590.3 14965.7 14070.2 14529.8 9782.93 10032 10425.8 8890.1
0.02 26299.9 27378.4 24737.1 27423 36240.4 27887.2 28086.1 26072.9 28531 26347.5 24598.9 30645.9 29206.1 29355 27935.4 29852.4 26686.8 26988.9 27359.3 26619.3 25862.9 36718.6 26276.2 29669.3 29857.4 22666.1 28968 27195.3 27626.7 24618.4 29180.6 29931.3 28140.5 29059.6 19565.8 20064.3 20851.5 17780.2
0.03 39284.4 41297.9 37251.7 41245.5 54013.7 41905 42075.6 39169.2 42829.1 39658 36965.3 45945.8 43741 44084.3 42080.8 44860.7 39890.9 40008.2 40860.3 39787.2 38785.3 54749.3 39394.7 44508.6 44846 33614.9 43587.9 40904.9 41428.5 37044.3 43816.9 44930.2 42208.4 43449.1 28699.6 29699.8 30534.3 25475.6
0.04 50904.2 55173.6 47515.5 54748.5 72189.6 55526.4 56451.5 50646 57175.8 51804.9 48337.8 60966.8 58601.2 59157.3 57390.1 60423.6 51295.8 51307.8 53745.9 51500 50096.9 72669.5 51889 59122.2 60610 40259 58418.4 54032.2 52965.6 48816.4 58752.5 60034.3 55912.3 57412 35685.6 38889.7 38787.5 30022.2
0.05 61567.7 67806.5 53332.1 66910.2 91763.6 67570 71190.6 56871.5 71537 61765.8 53687.7 78121.6 73720 74203.7 73404.2 77363.2 60757.6 61336.4 66901.8 62862.8 57235.3 91307.8 63021.6 73757.3 78097.9 42923.5 72861.6 67736.6 63313.1 55852.9 73836.1 77165.7 69536.9 70829.7 41766.9 49260.8 46235.2 32229.4
0.06 71574.4 78313.1 58281.6 78725.4 111018 77198.2 84649.3 60119.6 86342.9 69100.5 54180 97534.6 85809.9 90359.9 88144.1 93161.3 69648.7 71096.4 80856.2 73995.6 60965.8 108522 70680.7 90539.7 96367.9 42680 88963.7 81428.8 71796.5 59251.3 89889 96260.6 85189.9 83363 47390.1 61205.3 52931.4 33173.2
0.0601649 71719.2 78474.7 58344.5 78923.7 111303 77346 84852.2 60178.3 86578.3 69201.7 54165.7 97872.6 85986 90640.8 88369.2 93397.2 69790.1 71263.1 81095.4 74183.2 61006.7 108794 70769.5 90827.3 96672.1 42657.7 89240.9 81652 71919.4 59279.1 90174.4 96589.7 85459.6 83566.3 47473.5 61413.2 53025.8 33179.3
0.0603271 71861.6 78632.4 58406 79119.1 111579 77491.2 85052.9 60235.9 86812.3 69301.2 54151 98204.8 86159.2 90917.9 88590.8 93628.8 69930.8 71427.3 81330.9 74369.6 61046 109058 70855.7 91109.6 96971.9 42633.8 89513.4 81871.7 72041.3 59306 90455.5 96913.5 85725.6 83763.5 47556.8 61618.8 53119.2 33182.7
0.0604847 71999.7 78785.1 58464.4 79309.1 111846 77631.7 85247.6 60291.7 87043 69397.6 54136.4 98527.4 86325.4 91187 88805.6 93853.6 70067.3 71588.6 81558.8 74550.4 61083.7 109308 70938.1 91383.6 97263.7 42609.7 89777.4 82085.1 72161.7 59332 90728.9 97228.4 85982.5 83954.9 47638.1 61818.4 53211.9 33181.2
0.0606329 72128.9 78924.6 58517.4 79488 112100 77763.6 85431 60344 87261.5 69487 54119.6 98831.2 86479.7 91441.3 89008.3 94065.1 70194.6 71742.3 81773.3 74720.9 61117 109544 71015.8 91641.5 97538.7 42586.5 90026.2 82286.3 72275.2 59356.7 90987.3 97525.4 86225.6 84135.4 47713.9 62006.5 53300.9 33178.2
0.0607701 72248.9 79052.8 58566 79653.7 112334 77885.4 85600.4 60392.1 87464 69569.2 54102.3 99112.5 86621.8 91676.7 89195.7 94260.9 70311.7 71884.9 81972 74878.4 61147.7 109762 71087.6 91880.4 97793 42565.1 90255.9 82472.2 72380.2 59379.5 91226.3 97800 86450.5 84301.9 47783.2 62181.2 53383.6 33175.5
0.0609064 72367.4 79180.3 58614.1 79818.7 112572 78005.7 85767.9 60439.4 87665.6 69650.9 54084.4 99392.2 86762.7 91910.7 89382.1 94455.8 70429.3 72026.9 82169.6 75034.6 61177.6 109978 71158.8 92118.4 98045.8 42544.8 90484.9 82657 72484.6 59402 91464 98072.9 86674.3 84469.3 47839.9 62355.6 53466 33173
0.0610463 72488.9 79310.4 58663.5 79988.7 112815 78129.1 85940 60487.2 87873 69734.3 54062.9 99679.6 86907.3 92150.7 89573.7 94656.4 70552.9 72172.5 82372.4 75194.2 61208 110199 71231.8 92363.3 98305.6 42523.1 90719.1 82846.6 72591.5 59424.9 91707.9 98352.8 86903.9 84640.4 47897.3 62535.9 53550.2 33170.6
0.0611875 72611.5 79441.8 58713.3 80160.3 113061 78253.5 86114 60534.5 88082.9 69818.5 54040.8 99969.2 87053.1 92393 89767.3 94859.1 70677.7 72318.7 82577.5 75355.1 61238.5 110422 71305.2 92610.5 98567.7 42499.9 90955.5 83038.1 72699.6 59447.9 91954 98635.2 87135.7 84812.8 47955.4 62721.4 53635.3 33168.2
0.0613226 72729.3 79567 58760.9 80325.2 113292 78372.4 86280.1 60579.3 88283.7 69899.2 54017.5 100246 87192 92624.1 89952.1 95052.6 70796 72458.2 82773.8 75516.4 61267.7 110635 71375.4 92846.5 98818.1 42477.1 91181.4 83221.4 72802.1 59469.8 92189 98905.2 87357.2 84976.6 48011.1 62898.9 53716.5 33166
0.0614559 72845.7 79690.7 58808.1 80487.9 113521 78490 86444.4 60621.9 88482 69978.4 53993.8 100520 87329.2 92852.3 90134.7 95243.4 70912.7 72596.1 82968 75675.3 61296.5 110846 71444.8 93079.2 99065 42454.6 91404.3 83402.7 72902.7 59491.3 92421.3 99172.5 87576.1 85138.1 48066.3 63074.5 53796.7 33163.7
0.061594 72966.3 79819.1 58857.1 80654.4 113758 78611.8 86614.5 60665.7 88687.3 70058.8 53969.2 100803 87471.1 93088.8 90324.5 95441 71033.1 72739.2 83169.8 75840 61325.8 111065 71516.3 93320.3 99320.5 42431.8 91635.5 83589.9 73004.8 59513.4 92662 99449.3 87802.9 85305.3 48123.7 63256.8 53879.3 33161.2
0.0617435 73097.3 79957.9 58909.8 80833.6 114016 78743.8 86798.7 60712.7 88910.2 70145.1 53941.8 101110 87626 93345.4 90530.4 95655 71164.3 72893.3 83389.2 76016 61357.1 111300 71593.3 93580.9 99597.4 42406.7 91885.9 83792.1 73114.7 59536.7 92922.6 99749 88048.6 85489.1 48186.6 63454.9 53969.4 33158.6
0.0618937 73229.2 80098.1 58962 81013.6 114276 78874.3 86982.9 60759.4 89133.1 70231.8 53914.6 101419 87781.6 93602.2 90736.7 95870 71298.7 73048 83610 76188.4 61387.9 111533 71669.7 93842.1 99875.5 42381.2 92136.9 83994.7 73224.7 59560.4 93184.5 100051 88295.5 85674.6 48250.1 63653.7 54059.9 33156.4
0.0620354 73353.8 80230.7 59005.1 81183.9 114521 78997.6 87155.8 60803.2 89343.4 70314.1 53889.5 101714 87927.9 93844.9 90931.6 96073.3 71425 73194.2 83818.8 76351.1 61417.1 111754 71729.8 94089.6 100139 42356.8 92374 84185.8 73327.8 59582.8 93432.4 100339 88529 85848.9 48310 63841.7 54145 33154.5
0.0621665 73469.4 80353.4 59044.7 81341 114747 79111.6 87316.1 60843.4 89538.6 70393.1 53866.4 101987 88063.1 94069.5 91105.7 96261.8 71541.4 73330 84012.1 76500.8 61440.6 111959 71784.9 94318.8 100382 42332.4 92594.9 84363.8 73422.9 59603.5 93660.9 100604 88745.1 86012.6 48365.4 64016.4 54221.3 33152.3
0.0622953 73582.9 80474.3 59083.4 81494.4 114970 79223.4 87473.7 60882.7 89730.9 70473.1 53844.2 102256 88195.5 94290.1 91273.2 96447 71656 73462.8 84202.1 76647.8 61463.1 112160 71839.7 94543.8 100621 42307.6 92812.4 84539.4 73516.8 59624 93884.8 100865 88957.2 86173.7 48420 64188.5 54295.8 33149.3
0.0624221 73695 80592.9 59121.4 81644.2 115190 79333.4 87628.8 60921.2 89920 70552.1 53822.4 102520 88326.1 94506.7 91438.7 96629.5 71769.3 73593.7 84389.5 76792.6 61485.2 112358 71893.5 94765.3 100857 42282.9 93026.5 84712.5 73608.7 59643.9 94105.1 101122 89165.8 86332.2 48473.9 64359 54368.8 33146.4
0.0625494 73806.8 80712.1 59159.7 81794.7 115412 79443.7 87784.8 60958.7 90110.4 70630.8 53800.4 102785 88457.5 94724.4 91605 96812.8 71882.3 73725.1 84576.9 76938 61507.6 112558 71947.4 94987.5 101094 42258.1 93241.4 84886.4 73701.2 59663.6 94325.5 101380 89375.1 86488.9 48528 64530.5 54442.3 33143.4
0.0626702 73912.5 80825.2 59195.9 81937.5 115623 79548.3 87932.8 60993.9 90291.3 70705.3 53779.3 103037 88582.1 94930.9 91763 96986.7 71989.7 73850 84754.5 77075.6 61528.7 112747 71998.3 95198.2 101318 42234.7 93445.2 85050.5 73788.5 59681.6 94534.4 101624 89573.7 86637.5 48579.5 64693.3 54512 33140.6
0.0627912 74017.5 80938.8 59231.8 82080.8 115834 79653.4 88079.4 61029.1 90472.3 70779.9 53757.2 103289 88707.9 95137.9 91921.3 97161.1 72097.1 73973.8 84932.6 77213.7 61549.9 112936 72049.2 95409.4 101543 42211 93649.3 85214.9 73875.7 59697.8 94743.8 101869 89774 86787.4 48630.6 64849.8 54581.6 33137.2
0.0629168 74114.6 81056.9 59268.9 82229.4 116053 79764.1 88232.1 61065.3 90660.2 70857.1 53733.8 103552 88838.6 95352.6 92085 97343.7 72205.9 74102.7 85118.2 77356.2 61571.4 113133 72101.9 95627.9 101777 42186.3 93861.1 85387 73966.8 59713.7 94961.1 102124 89983 86943 48683.5 65010.7 54654 33132.8
0.0630406 74209.6 81172.3 59305.3 82375.7 116266 79873.4 88382.4 61100.7 90844.4 70933 53710.8 103812 88967.3 95564.4 92246.5 97524.1 72312.6 74229.7 85301.1 77496.7 61591.8 113328 72153.9 95843.7 102008 42161.8 94070.2 85556.6 74056.9 59726.4 95175.1 102375 90189.2 87096.3 48735.8 65169.8 54725.4 33127
0.0631638 74304.2 81286.9 59341.5 82522 116475 79982.4 88531.7 61134.4 91028.2 71008.8 53687.9 104072 89095.2 95775.5 92406.8 97699.9 72418.9 74356.1 85483.5 77637.2 61612.4 113522 72205.2 96059.5 102237 42137.1 94278.6 85724.7 74146.8 59738.1 95388.6 102626 90394.8 87249.4 48788 65327.4 54796.3 33121.3
0.0632825 74396 81397.1 59376.1 82663.6 116677 80087.4 88675.4 61166.1 91205.5 71081.8 53665.9 104322 89217.1 95979.2 92559.3 97867.5 72521.1 74477.4 85659.4 77772.4 61632.2 113708 72252.1 96267.3 102459 42111.6 94478.8 85885.9 74233.1 59749.1 95595.1 102868 90593 87396.9 48838.2 65478.5 54864.1 33115.9
0.0633993 74486.7 81504.8 59410.4 82803.1 116875 80190.9 88816.4 61197.2 91380.2 71153.5 53644.4 104569 89336.7 96179.5 92707.7 98032.6 72621.7 74596.9 85832.7 77905.2 61657.4 113891 72295.6 96471.9 102677 42086 94675.9 86044.6 74318.1 59759.7 95798.5 103106 90787.6 87541.3 48888 65628.2 54930.8 33110.4
0.0635119 74574.2 81608.6 59443.2 82937.7 117066 80296.6 88952.3 61227.1 91548.9 71222.4 53624.7 104806 89452.4 96372.5 92851.1 98191.4 72718.7 74712.3 86000 78033.3 61682.4 114068 72337.1 96668.2 102886 42061.2 94865.7 86197.5 74400 59769.6 95994.1 103336 90975 87680.5 48936.1 65772.9 54995.2 33105.5
0.0636279 74664.3 81715.4 59476.9 83076.8 117263 80407.4 89092.7 61257.8 91722.8 71293.2 53604.9 105049 89571 96572.1 92998.9 98353.7 72818.6 74831.4 86172.5 78165.2 61707.9 114250 72379.2 96870 103097 42035.3 95061.4 86354.2 74482.6 59779.8 96196.3 103571 91168.2 87824 48985.3 65922.5 55061.6 33100.1
0.063744 74754.5 81822.5 59510.9 83216.4 117460 80518.4 89233.9 61288.1 91898.7 71364.4 53585 105292 89689.1 96774.8 93147 98516.6 72918.6 74950.8 86345.6 78296.7 61733.9 114434 72421.3 97072.3 103293 42008.9 95257.7 86510.8 74564.7 59789.8 96401.9 103808 91362.2 87968.3 49034.5 66072.5 55128.2 33091.6
0.0638599 74844.2 81929.5 59544.5 83355.6 117657 80629 89374.7 61318 92074.9 71435.4 53563.7 105535 89807.1 96977.2 93294.7 98679 73018.7 75070.1 86518.2 78427.5 61759.7 114617 72463.4 97273.9 103488 41982.5 95453.5 86667.2 74647 59799.4 96607.2 104044 91555.9 88112.4 49082.8 66222.2 55194.7 33083
0.0639871 74942.2 82047.3 59581 83508.3 117874 80750.6 89530.1 61350.5 92268.6 71513.4 53539 105802 89936.2 97199.7 93457 98857.4 73128.2 75200.9 86707.5 78569.8 61786.2 114817 72509.7 97495.2 103703 41953.2 95668.5 86838.6 74737.2 59809.9 96832.8 104304 91769 88270.6 49134.5 66386.6 55267.6 33073.6
0.0641159 75041.6 82165.5 59617.9 83662.9 118093 80872.7 89687.6 61382.9 92465.8 71591.4 53513.9 106073 90067.6 97425.2 93621.7 99038.2 73239 75333.4 86898.6 78714.1 61812.3 115016 72556.8 97719.5 103922 41923.4 95886.6 87012.6 74828.9 59820.7 97061.7 104567 91985 88430.9 49186.7 66553.4 55341.7 33063.9
0.0642394 75137 82278.6 59653.1 83811.3 118303 80986.8 89838.6 61412.9 92655 71666.4 53489.4 106332 90193.5 97641.4 93779.7 99211.7 73345.1 75460 87081.3 78852.4 61837.3 115207 72602 97935.1 104131 41894.8 96095.6 87179.2 74916.5 59831 97281.2 104820 92191.2 88584.5 49237.1 66713.5 55411.1 33054.8
0.0643545 75227.3 82384 59685.7 83949.9 118500 81093.2 89978.7 61440.9 92831.7 71736.1 53464.7 106575 90311.5 97843 93927.1 99373.7 73444 75578.8 87251.4 78981.1 61860.6 115386 72643.7 98136.4 104325 41868.6 96290.6 87334.4 74997.5 59840.1 97485.8 105055 92382.9 88727.4 49284.1 66862.9 55473.6 33046.3
0.0644642 75313.2 82484.3 59715.6 84082.4 118687 81194.6 90111.7 61467.3 93000.1 71802.4 53441.4 106805 90425.6 98035.7 94062.5 99528 73538.3 75692.3 87414 79104 61882.6 115556 72682 98328.3 104512 41844.1 96477.1 87483.3 75074.7 59849.1 97681 105280 92565.8 88863.7 49329.1 67005.9 55533.1 33038.3
0.0645695 75396.7 82578.3 59744.2 84209.8 118867 81291.9 90239.9 61492.6 93161.9 71865.9 53419.4 107027 90535.2 98221.6 94192.6 99676.3 73628.5 75801.8 87570.3 79222.1 61904.1 115720 72717.9 98512.5 104691 41819.5 96656 87626.1 75148.6 59856.7 97868.8 105495 92742.2 88993.2 49372.3 67143.2 55590.7 33030.5
0.0646731 75479 82670.7 59772.5 84335.1 119044 81387.4 90365.9 61517.2 93321.2 71927.8 53396.9 107245 90642.9 98404.5 94320.5 99822.2 73717.1 75910.2 87723.8 79338.2 61925.2 115881 72752.9 98693.6 104867 41794.4 96831.7 87766.3 75221.1 59864.1 98053.2 105707 92915.7 89119.8 49414.9 67278 55648.3 33022.1
0.064775 75559.6 82761.5 59800.3 84458.8 119218 81481.6 90489.9 61541.7 93465.5 71988.6 53374.4 107460 90748.9 98584.3 94446.4 99965.9 73804.3 76017.2 87877.4 79452.3 61945.9 116040 72787.1 98872.1 105040 41769.6 97004.6 87904.6 75293.6 59871 98234.6 105916 93086.3 89244.3 49456.7 67410.6 55705.4 33013.9
0.0648753 75638.6 82850.8 59827.1 84580.6 119390 81574.2 90611.9 61565.9 93605.5 72048.4 53352 107671 90853.3 98761.1 94570.5 100108 73890.2 76122.6 88029.1 79564.6 61966.5 116198 72820.6 99048.1 105211 41745.2 97174.6 88040.8 75365.1 59877.8 98413 106121 93254.2 89366.9 49497.6 67541 55761.5 33005.9
0.0649789 75720.4 82942.5 59853.2 84706.5 119567 81669.8 90738 61590.8 93750.3 72110.1 53328.5 107889 90960.5 98943.6 94698.8 100254 73979 76231.6 88185.7 79680.6 61987.7 116360 72854.9 99229.8 105387 41719.8 97349.6 88181.4 75438.9 59884.7 98597.5 106333 93427.5 89493.5 49539.4 67676.1 55819.4 32997.7
0.0650851 75804.5 83036.7 59879.7 84836.1 119748 81767.7 90867.5 61616.1 93898.8 72171.1 53303.8 108113 91070.4 99131 94829.9 100404 74070 76343.4 88346.3 79799.2 62009.1 116527 72890.3 99415.9 105568 41692.4 97528.8 88325.5 75514.1 59891.8 98787.2 106551 93605.5 89623.3 49582.6 67814.5 55878 32989.4
0.0651861 75884.7 83126.1 59905 84959.6 119921 81859.8 90990.8 61639.8 94040.2 72226.9 53279.9 108326 91173.9 99309.4 94954.7 100547 74156.4 76449.7 88499.3 79912.1 62029.3 116685 72923.8 99593 105740 41666.3 97699.3 88462.7 75585.1 59898.6 98968.3 106758 93775.1 89746.7 49623.6 67946.5 55933.7 32981.5
0.0652844 75963 83213.1 59929.6 85079.2 120089 81949.1 91110.7 61662.6 94177.3 72281.1 53256.4 108533 91274.6 99483 95076.5 100685 74240.6 76553.2 88648.3 80022.1 62049 116840 72956.5 99765.5 105907 41641.1 97865.5 88596.3 75654.3 59904.9 99144.4 106961 93940.1 89866.8 49663.6 68075.3 55987.9 32974
0.0653829 76040.9 83300.6 59954.1 85198.7 120255 82039.4 91229.2 61685.7 94314.7 72335.4 53232.7 108741 91375.2 99656.9 95198.8 100820 74325.7 76657 88797.7 80133.6 62068.6 116995 72989.2 99938.9 106075 41616.2 98032.7 88730.4 75723.8 59911.2 99320.8 107163 94105.6 89988.5 49701 68204.6 56042.3 32966.5
0.0654785 76116.5 83385.6 59977.9 85314.9 120413 82127 91339.9 61708.1 94448.1 72388.1 53209.7 108942 91472.3 99825.9 95317.5 100951 74408.5 76757.9 88942.8 80242.8 62087.1 117146 73020.5 100107 106238 41592.8 98195 88860.1 75790.4 59917.3 99492.1 107359 94266.6 90107.5 49736.2 68330.3 56095 32959
0.0655699 76188.7 83472.6 60000.6 85426.3 120565 82210.7 91445.7 61728.2 94575.6 72438.5 53188 109134 91564.6 99986.3 95431.3 101076 74488.2 76854.4 89080.9 80347.2 62104.2 117290 73050.2 100268 106393 41570.5 98350.5 88983.8 75853.3 59923.3 99655.6 107547 94419.6 90221.1 49769.8 68450.7 56145.5 32951.9
0.0656586 76256.9 83558.1 60022.7 85534.7 120711 82292.2 91548.4 61747.7 94699.5 72487.3 53167.1 109322 91653.6 100142 95541.8 101200 74565.9 76948.2 89215.1 80448.4 62120.7 117430 73079.2 100424 106544 41547.9 98501.9 89104.2 75914.3 59929.2 99814.7 107729 94568.4 90331.7 49802.6 68568 56194.3 32944.7
0.0657475 76322.6 83643.5 60044.9 85643.4 120855 82374.4 91651 61767.3 94823.6 72535.9 53146 109510 91742.2 100298 95652 101323 74643.7 77042 89350 80549.9 62136 117570 73108.2 100580 106695 41525 98653.3 89225.1 75975.4 59934.6 99974 107911 94717.7 90442.9 49835.6 68685.6 56243.1 32937.2
0.0658371 76388.9 83729.1 60067.2 85753 121001 82457.3 91753.9 61786.9 94948.7 72584.7 53124.9 109700 91830.4 100455 95762.8 101448 74722 77136.8 89485.9 80652.1 62151.5 117712 73137.5 100738 106847 41501.8 98805.7 89346.6 76036.8 59938 100134 108095 94868.4 90555 49868.9 68804.3 56290.5 32929.6
0.0659293 76457.4 83817 60090.2 85865.8 121151 82542.5 91859.9 61807 95077.5 72635 53103 109896 91920.6 100617 95876.8 101576 74802.7 77234.7 89626.1 80757.7 62167.4 117858 73167.4 100900 107005 41477.9 98962.6 89471.5 76099.8 59941.5 100300 108285 95023.4 90670.5 49903.3 68926.8 56339.4 32921.8
0.0660206 76525.3 83904.4 60112.8 85977.1 121305 82626.7 91965.7 61826.7 95204.8 72684.5 53081.2 110089 92010.1 100777 95989.5 101703 74889.6 77331.5 89764.9 80844.4 62182.9 118003 73196.9 101060 107160 41454 99117.3 89594.8 76162 59944.8 100463 108472 95176.5 90782.9 49937.9 69047.9 56387.8 32913.8
0.0661099 76591.9 83990.3 60134.6 86086.4 121456 82709.2 92069.4 61846 95330.3 72733.1 53059.8 110278 92097.9 100934 96100 101827 74974.1 77427 89900.8 80928.6 62198.2 118142 73224.8 101217 107313 41430.4 99268.9 89715.7 76223.2 59947.8 100623 108655 95326.7 90892.6 49971.9 69166.6 56435.6 32906.2
0.0661993 76658.3 84076 60156.3 86195.8 121607 82791.8 92173.2 61865.2 95455.6 72781.6 53038.1 110468 92185.9 101090 96210.7 101951 75058.6 77522.3 90037 81012.8 62213.4 118281 73252.4 101374 107466 41406.6 99420.6 89836.1 76284.2 59950.9 100783 108839 95476.9 91002.4 50005.9 69285.6 56483.2 32898.7
0.0662897 76725.3 84162.6 60178 86306.6 121759 82875.4 92278.1 61884.4 95582.4 72830.6 53015.7 110659 92274.9 101249 96323 102076 75143.9 77618.7 90175 81097.7 62228.3 118422 73280.1 101533 107620 41382.3 99574 89957.6 76345.8 59952.3 100946 109025 95628.9 91113.4 50040.2 69406.4 56531.2 32890.8
0.0663784 76790.9 84247.7 60198.8 86415.2 121909 82957.2 92381 61902.9 95707.2 72878.7 52993.6 110846 92362.1 101405 96433.2 102199 75227.6 77713.3 90310.3 81181 62242.9 118560 73306.7 101688 107771 41358.5 99724.2 90076.6 76406.2 59953.7 101105 109207 95778 91222.3 50073.9 69524.9 56578.4 32883
0.0664665 76856.2 84332.5 60217.2 86523.1 122058 83038.5 92483.3 61921.2 95831.3 72926.9 52971.4 111033 92449 101560 96542.7 102320 75313.2 77807.6 90445 81260.1 62257.3 118697 73329 101843 107922 41335 99873.4 90194.8 76466.2 59954.9 101263 109389 95926.3 91331.9 50107.5 69642.8 56625.1 32875.1
0.0665578 76923.8 84420.5 60236.2 86635.2 122213 83122.7 92589.6 61940.3 95960.1 72977.1 52947.4 111228 92539 101720 96656.4 102447 75401.9 77905.3 90584.7 81342.4 62272.2 118840 73350.7 102003 108078 41310.5 100028 90317.2 76528.2 59956.3 101427 109578 96079.8 91445 50142.4 69765 56673.6 32866.8
0.0666475 76990.3 84506.7 60254.7 86745.4 122365 83205.3 92693.9 61958.8 96086.5 73026.5 52922.5 111419 92627.5 101878 96768 102571 75489 78001.1 90721.8 81423.5 62286.9 118980 73371.6 102161 108232 41286.3 100180 90437.3 76589.1 59957.7 101588 109764 96230.6 91556.2 50176.8 69885.1 56721.2 32858.7
0.0667366 77056.3 84592.6 60272.9 86853.9 122516 83287.3 92797.4 61977.1 96212.2 73075.5 52897.7 111609 92715.2 102035 96879.1 102694 75575.5 78096.3 90858 81504.1 62301.4 119119 73391.9 102317 108384 41261.9 100332 90556.4 76649.7 59959.1 101747 109948 96380.3 91666.5 50211.1 70004.6 56768.6 32850.7
0.0668263 77122.4 84679.1 60291.2 86963.4 122668 83370 92901.4 61992.8 96338.8 73124.8 52872.9 111801 92803.5 102192 96995.5 102819 75662.7 78192.2 90998.6 81585.3 62316.2 119259 73412.5 102476 108538 41237.3 100488 90657.3 76711.7 59959.7 101908 110134 96531 91777.3 50245.9 70125.4 56816.2 32842.5
0.0669159 77188.5 84765.4 60309.5 87072.9 122821 83452.7 93005.1 62008.4 96464.9 73173.7 52848.2 111993 92891.3 102350 97111.4 102944 75749.6 78287.5 91139.3 81666.1 62331 119399 73433.1 102634 108691 41212.6 100644 90758.1 76773.2 59960 102068 110320 96681.6 91887.9 50278.7 70246.3 56863.7 32834.3
0.0670075 77256.3 84853.3 60328.1 87185.1 122977 83537.5 93111.2 62023.1 96593.9 73223.8 52822.7 112189 92980.9 102511 97229.8 103071 75838.5 78384.3 91283.4 81748.6 62345.9 119543 73454.2 102797 108848 41187 100803 90861.5 76836.1 59960.2 102232 110510 96835.6 92001.2 50310 70370.2 56912.5 32826
0.0670982 77323.5 84939.8 60346.4 87296.2 123131 83621.5 93216.5 62037.2 96721.8 73273.5 52796.8 112384 93070.1 102669 97347.1 103197 75926.5 78480 91426.2 81829.9 62360.5 119685 73475.2 102957 109003 41161.6 100961 90963.7 76898.2 59960.3 102394 110699 96987.6 92113.2 50341.3 70492.9 56960.8 32817.8
0.0671898 77391.5 85027.1 60364.8 87408.8 123287 83706 93322.6 62051.3 96851.1 73323.6 52769.7 112580 93160.1 102829 97465.3 103325 76015.1 78576.6 91570.4 81912 62375.2 119828 73496.5 103119 109159 41135.9 101120 91066.5 76959.5 59960.1 102557 110889 97140.8 92226.1 50372.9 70616.4 57009.5 32809.7
0.06728 77458.4 85113.3 60382.9 87520 123441 83789.1 93427.1 62065.1 96978.4 73372.8 52742.9 112774 93248.9 102987 97582 103451 76102.4 78671.7 91712.9 81993 62389.7 119969 73517.2 103279 109313 41110.5 101277 91167.7 77019.2 59959.8 102718 111077 97291.9 92337.6 50403.8 70737.6 57057.5 32801.9
0.0673702 77525.1 85199.4 60401.2 87631.2 123595 83871.4 93531.8 62078.6 97105.3 73421.9 52716.2 112967 93337.5 103144 97698.6 103576 76189.7 78766.6 91855.9 82074 62402.7 120110 73537.7 103439 109467 41085.1 101434 91268.8 77078.4 59959.6 102879 111264 97442.8 92449.1 50434.6 70859 57105.2 32794.2
0.0674539 77587.2 85279.4 60418 87734.7 123738 83947.7 93629.1 62091 97223.4 73467.5 52691.8 113147 93419.9 103291 97807.1 103693 76270.8 78854.7 91988.8 82149.3 62414.7 120240 73556.3 103588 109610 41060.3 101580 91362.8 77133.5 59959.3 103029 111438 97583.1 92552.6 50463.5 70971.8 57149.3 32786.6
0.0675359 77648 85357.6 60434.2 87836 123878 84022.5 93724.2 62103.1 97338.9 73511.9 52668.1 113322 93500.6 103435 97913.4 103807 76350.2 78940.8 92118.7 82223 62426.5 120368 73574.4 103733 109750 41036.1 101723 91454.7 77187.5 59959 103175 111608 97720.4 92653.9 50491.7 71082.3 57192.4 32778.6
0.0676199 77710.3 85437.8 60450.6 87939.8 124022 84098.9 93821.2 62115.4 97457.1 73557.4 52643.8 113502 93582.8 103582 98022.3 103924 76431.5 79029.1 92252 82298.6 62438.3 120498 73592.8 103882 109892 41011.7 101869 91549 77242.9 59958.7 103325 111782 97860.9 92757.5 50520.4 71195.7 57235.5 32770.4
0.0677041 77772.7 85518.4 60467.2 88043.5 124165 84175.5 93918.4 62127.2 97575.7 73603 52619.4 113682 93665.2 103729 98131.9 104040 76513 79117.4 92385.8 82374.5 62450.2 120630 73611.2 104031 110036 40987.1 102016 91643.8 77298.7 59958.4 103475 111956 98001.8 92861.3 50549.1 71309.8 57277.8 32762.2
0.0677885 77835.3 85599.2 60483.7 88147.7 124310 84252.2 94015.9 62138.8 97694.8 73648.6 52594.9 113862 93747.8 103876 98242.2 104155 76594.7 79206.1 92520 82450.7 62462 120762 73629.6 104181 110180 40962.6 102164 91739.3 77354.6 59957.8 103625 112131 98143.1 92965.4 50577.9 71424.3 57320.1 32753.9
0.0678705 77896.4 85677.4 60499.7 88248.6 124450 84326.7 94110.6 62150.2 97810.1 73692.3 52571.2 114038 93827.3 104020 98349.8 104267 76673.9 79292.1 92650.2 82524.6 62473.3 120890 73647.3 104327 110319 40938.5 102308 91832.7 77408.8 59957 103772 112301 98280.4 93066.3 50605.9 71535.7 57361.2 32746
0.0679506 77956.1 85754.2 60515.3 88347.3 124587 84399.5 94203 62161.1 97923.2 73734.8 52548 114209 93905 104160 98455 104377 76751.3 79376.5 92777.4 82597 62484.3 121015 73664.4 104470 110456 40914.2 102449 91924.1 77461.6 59956.2 103915 112467 98414.1 93164.9 50633.4 71645 57401.3 32738.3
0.0680313 78016.3 85831.7 60530.9 88446.8 124724 84472.9 94295.2 62172.1 98037.9 73777.2 52524.5 114381 93983.5 104301 98561 104487 76829.2 79461.8 92905.6 82669.9 62494 121139 73681.6 104613 110593 40889.5 102591 92016.2 77514.4 59955.5 104059 112634 98549.1 93264.6 50661.1 71755.4 57442 32730.1
0.0681098 78074.8 85907.1 60546 88543.2 124857 84543.1 94384.5 62182.8 98151.7 73818 52501.5 114549 94059.7 104439 98664.3 104593 76905 79545 93029.8 82741.1 62502.3 121255 73697.9 104753 110727 40865.5 102729 92106 77567.1 59954.6 104200 112796 98680.5 93361.8 50688.1 71863.1 57481.9 32718.9
0.0681861 78131.2 85979.1 60560.5 88636.7 124984 84610.3 94471.3 62193.1 98263.2 73857.5 52479 114713 94133.7 104573 98764.5 104697 76978.4 79625.9 93150.6 82810.6 62510.3 121369 73713.6 104889 110857 40842.1 102863 92193.3 77618.3 59953.8 104336 112954 98808.5 93456.5 50714.5 71967.8 57520.6 32706.3
0.0682627 78186 86051 60574.2 88730.6 125113 84677.8 94558.5 62203.4 98375.2 73896.8 52455.8 114875 94208.1 104707 98864.8 104801 77052 79707.7 93272.3 82880.5 62518.2 121482 73738.5 105025 110988 40818.6 102998 92280.9 77669.9 59954.3 104472 113111 98937 93551.6 50741.1 72073.1 57560 32692.9
0.0683367 78239 86120.4 60587.4 88821.4 125237 84742.9 94643 62213.3 98483.5 73934.9 52433.4 115032 94280.1 104837 98961.6 104902 77123.3 79787.1 93389.4 82948.2 62526 121593 73762.6 105157 111114 40795.9 103128 92365.5 77719.6 59954.5 104604 113263 99061.1 93642.7 50766.9 72174.7 57597.9 32679.5
0.0684108 78292 86190 60600.5 88912.4 125361 84808.2 94728.3 62223.2 98592.1 73972.9 52411 115189 94352 104967 99058.6 105003 77194.9 79866.7 93506.1 83015.7 62534 121703 73786.6 105289 111240 40773.1 103258 92450.3 77769.5 59954.3 104736 113414 99185.5 93734.1 50792.6 72276.1 57635.8 32666.2
0.0684876 78346.9 86262 60614.1 89006.9 125494 84876 94817.6 62233.5 98704.7 74012.3 52387 115352 94427.2 105102 99159 105108 77275 79949.1 93627.2 83070.6 62542.1 121818 73811.3 105425 111371 40749.3 103393 92538.3 77821.1 59954.2 104872 113571 99314.2 93827.6 50818.8 72381 57675.2 32652.6
0.0685662 78402.6 86335.5 60627.9 89103.9 125631 84945.3 94908.9 62244 98819.9 74052.8 52362.3 115518 94504.2 105240 99261.6 105215 77357.1 80033.4 93751 83126.1 62550.3 121934 73836.5 105565 111505 40724.7 103531 92628.3 77873.9 59954.1 105012 113732 99446 93923.2 50845.2 72488.4 57715.1 32638.5
0.068644 78457.9 86408.4 60641.5 89199.8 125766 85014 94999.2 62254.4 98933.6 74092.3 52337.8 115683 94580.3 105377 99363.4 105321 77438.3 80117 93873.5 83180.8 62558.4 122050 73861.5 105704 111638 40700.3 103667 92717.6 77926.1 59953 105151 113892 99576.4 94018 50871.5 72594.8 57753.8 32624.4
0.0687218 78513.3 86481.2 60655.1 89295.7 125901 85082.7 95089.3 62264.8 99047.2 74131.8 52313.2 115848 94656.2 105514 99465.2 105427 77519.4 80200.6 93996 83235.6 62566.5 122165 73886.4 105842 111770 40675.9 103803 92807.1 77978.4 59951.9 105290 114051 99706.7 94112.6 50897.8 72701.2 57792.5 32610.3
0.0687962 78566.5 86550.8 60667.9 89387.7 126031 85148.3 95175.3 62274.6 99155.5 74169.5 52289.7 116006 94728.4 105644 99562.8 105528 77597.1 80280.6 94113.5 83288 62574.1 122276 73910.1 105975 111897 40652.2 103933 92892.5 78027.4 59950.9 105422 114204 99831.3 94203 50923 72803.2 57829.4 32597
0.0688703 78619.5 86620 60680.6 89479.1 126160 85213.6 95261 62284.4 99263.4 74207.1 52266.3 116163 94800.3 105775 99659.9 105629 77674.5 80360.4 94230.6 83340.4 62580.6 122386 73933.5 106107 112023 40628.6 104062 92977.4 78076 59949.8 105554 114355 99955.5 94293.1 50948.1 72904.9 57865.9 32583.7
0.0689462 78674 86691.2 60693.5 89572.9 126292 85280.2 95349.1 62293.9 99374.1 74245.5 52242.2 116324 94873.8 105908 99758.9 105733 77753.9 80442.4 94351 83394.2 62587.2 122499 73957.4 106242 112152 40604.3 104195 93064.6 78125.6 59948.6 105690 114511 100083 94385.7 50973.5 73009.4 57903.4 32570
0.0690216 78728.2 86761.9 60706.2 89666 126424 85345.9 95436.5 62303.1 99483.9 74283.4 52218 116484 94946.7 106040 99856.8 105836 77832.9 80523.8 94470.7 83447.7 62593.6 122610 73980.9 106377 112280 40579.5 104327 93151 78174.6 59947.4 105824 114665 100209 94477.6 50998.6 73113.2 57940.5 32556.3
0.0690956 78781.5 86831.3 60718.6 89757.5 126553 85410.3 95522.3 62312.1 99591.7 74320.5 52194.4 116640 95018 106170 99952.8 105938 77910.5 80603.5 94588.1 83500.3 62599.9 122720 74003.9 106509 112406 40555 104456 93235.7 78222.6 59946.1 105955 114815 100333 94567.8 51023.3 73215.3 57977 32542.9
0.0691693 78834.5 86899.9 60730.9 89848.7 126681 85474.7 95607.9 62321 99699.4 74357.4 52170.5 116797 95089.2 106300 100049 106039 77987.7 80683.1 94705.2 83552.9 62606.1 122830 74026.5 106640 112532 40530.5 104585 93320.2 78270.5 59944.5 106086 114966 100457 94657.6 51047.9 73317.1 58013 32529.6
0.0692422 78886.6 86967.6 60743.1 89939 126808 85538.4 95692.5 62329.8 99806 74393.8 52146.2 116951 95159.7 106428 100143 106138 78064 80761.7 94821 83604.9 62612.4 122938 74048.5 106770 112656 40506.3 104713 93403.7 78317.9 59942.3 106216 115115 100579 94746.3 51072.3 73417.8 58047.8 32516.4
0.0693179 78940.5 87037.9 60755.8 90032.9 126939 85604.5 95780.6 62338.9 99916.9 74431.6 52120.7 117112 95233.1 106561 100241 106242 78142.2 80843.3 94941.1 83658.2 62618.9 123050 74071.2 106905 112785 40481.2 104845 93490.5 78367.1 59939.3 106351 115270 100707 94838.2 51097.7 73522.5 58084 32502.7
0.0693952 78995.7 87109.8 60768.7 90128.9 127074 85671.8 95869.9 62348.2 100030 74470.3 52094.9 117276 95308.1 106697 100342 106348 78221.5 80926.7 95064 83712.8 62625.4 123165 74094.4 107043 112916 40455.4 104979 93579 78417.3 59936.3 106488 115428 100837 94932.2 51123.6 73629.4 58120.9 32488.7
0.0694721 79050.9 87182.2 60781.4 90224.4 127211 85738.9 95964.1 62357.2 100143 74508.7 52069 117440 95382.8 106833 100442 106453 78301.7 81009.6 95186.3 83769.9 62626.8 123279 74117.2 107180 113048 40428.7 105113 93667 78467 59933.3 106625 115586 100970 95008.8 51149.3 73735.4 58157.6 32474.7
0.0695468 79104.5 87252.2 60793.5 90317.1 127344 85803.9 96055.4 62365.6 100252 74546 52043.7 117599 95455.1 106965 100539 106555 78379.6 81090.2 95305.1 83825.4 62628 123390 74137.8 107313 113175 40402 105243 93752.3 78515.2 59930.3 106758 115739 101099 95083.4 51174.3 73838.3 58193.2 32461.1
0.0696207 79157.5 87321.6 60805.4 90408.9 127477 85868.3 96145.7 62372.8 100360 74582.9 52018.6 117756 95526.8 107095 100636 106656 78456.7 81170.1 95423.5 83880.4 62629.3 123500 74158.1 107444 113301 40375.5 105373 93833 78563 59927.3 106890 115890 101226 95157.2 51199 73940.4 58228.5 32447.6
0.0696933 79209.3 87389.7 60817.1 90499.3 127606 85931.7 96234.2 62377.7 100466 74619.3 51993.8 117911 95597 107223 100733 106756 78532.2 81248.7 95542 83934.5 62630.3 123608 74178.1 107575 113425 40349.5 105503 93900 78610.3 59923.9 107019 116039 101351 95229.6 51223.3 74040.7 58263.2 32434.1
0.0697651 79260.4 87457.3 60828.5 90588.9 127735 85994.3 96321.7 62382.4 100572 74655.1 51968.8 118064 95666.5 107350 100830 106855 78606.8 81326.2 95658.9 83988 62631.3 123714 74197.9 107703 113548 40323.7 105631 93966.3 78657.7 59920.5 107147 116187 101475 95301.3 51247.2 74140.1 58297.8 32420.9
0.0698367 79311.5 87524.6 60839.9 90678.2 127863 86056.8 96409 62386.9 100678 74690.6 51943.1 118217 95735.3 107476 100927 106953 78681.1 81403.4 95775.6 84041.4 62632.3 123820 74217.5 107831 113670 40297.9 105759 94032.3 78704.7 59916.9 107275 116334 101598 95372.8 51271.1 74239.2 58332.4 32407.8
0.0699072 79361.9 87591 60851.2 90766.3 127989 86118.2 96495 62391.4 100782 74725.5 51917.8 118367 95802.9 107600 101022 107050 78754.3 81479.4 95890.5 84094 62633.3 123925 74236.6 107957 113791 40272.6 105885 94097.4 78750.8 59913.4 107401 116478 101720 95443.3 51294.6 74336.7 58366.3 32395.1
0.069979 79413 87658.5 60862.6 90856.1 128117 86180.8 96582.6 62396.1 100888 74760.9 51892 118520 95871.8 107726 101119 107149 78828.9 81556.7 96007.8 84147.7 62634.6 124031 74256 108086 113913 40246.9 106013 94164 78797.3 59909.8 107529 116625 101844 95515.2 51318.4 74436.2 58400.7 32382.2
0.0700485 79462.7 87723.9 60873.6 90943.1 128241 86241.3 96667.5 62400.7 100991 74795.1 51867.1 118668 95938.6 107848 101213 107244 78901.2 81631.6 96121.6 84199.8 62635.7 124134 74274.6 108210 114032 40222 106137 94228.8 78842.5 59906.3 107652 116768 101964 95584.4 51341 74532.6 58434.1 32369.7
0.0701194 79513.4 87790.7 60884.7 91031.9 128368 86303 96754.2 62405.4 101096 74829.9 51841.7 118819 96006.6 107973 101308 107341 78974.8 81708 96237.6 84252.8 62636.8 124239 74293.3 108337 114154 40196.7 106264 94294.8 78888.5 59902.6 107779 116912 102086 95654 51364.2 74631.2 58468.1 32357.1
0.070189 79563.3 87856.1 60895.4 91119.2 128492 86363.6 96839.2 62410.1 101199 74862.5 51816.6 118967 96073.3 108095 101402 107436 79047 81783 96350.3 84304.9 62637.8 124341 74311.7 108461 114272 40171.7 106388 94359.7 78933.7 59898.9 107903 117055 102206 95722.4 51387.1 74727.9 58501.5 32344.6
0.0702573 79612.4 87920.4 60905.3 91204.9 128614 86423.1 96922.7 62414.9 101300 74894.4 51792 119112 96138.7 108215 101494 107530 79118 81856.7 96458.1 84356.2 62638.9 124443 74328.1 108583 114389 40147.2 106510 94424.4 78977.7 59895.2 108025 117195 102324 95789.8 51409.5 74823 58534.4 32331.9
0.0703265 79662.2 87985.7 60914.7 91291.7 128738 86483.3 97007.2 62419.6 101403 74926.7 51767.1 119260 96204.9 108337 101585 107625 79189.9 81931.5 96567.4 84408.2 62639.1 124545 74343.9 108706 114508 40122.3 106634 94490.1 79021.8 59891.6 108149 117337 102444 95858.2 51432.3 74919.5 58567.7 32318.9
0.0703965 79712.3 88051.6 60924.2 91379.5 128862 86544.1 97092.8 62424.3 101506 74959.4 51741.9 119410 96271.6 108460 101675 107721 79262.5 82007.5 96678.1 84461 62639.3 124650 74359.7 108831 114628 40097.1 106760 94557.1 79066.3 59887.9 108274 117481 102565 95927.3 51455.3 75017.2 58601.7 32305.8
0.0704682 79764.2 88119 60934.2 91469.5 128989 86606.3 97180 62429 101612 74992.7 51715.7 119562 96339.8 108586 101767 107819 79337 82085.9 96791.7 84515.1 62639.5 124757 74377.1 108959 114751 40071.6 106889 94625.5 79111.6 59888.7 108402 117628 102688 95998.2 51478.9 75117.7 58637 32292.4
0.0705389 79814.3 88185.4 60944.1 91558.4 129114 86667.8 97266 62433.5 101716 75025.4 51689.7 119711 96407.2 108710 101857 107917 79410.5 82163.5 96904 84568.6 62639.2 124863 74394.4 109085 114872 40046.3 107016 94693 79156.3 59889.9 108528 117772 102810 96068.2 51502.2 75216.7 58671.7 32279.2
0.0706096 79864 88251.6 60953.2 91647.3 129239 86729.1 97352 62437.9 101821 75058.2 51663.8 119861 96474.4 108834 101948 108014 79484 82241 97016.3 84622 62638.6 124969 74411.4 109211 114992 40021.2 107143 94760.4 79200.8 59891.1 108654 117916 102932 96138.2 51525.5 75315.8 58706.3 32266.2
0.0706789 79912.5 88316.6 60961.8 91734.3 129361 86789.3 97436.4 62442.1 101923 75090.5 51638.1 120008 96540.1 108956 102036 108110 79556 82317.1 97126.5 84674.4 62638 125072 74428 109335 115111 39996.5 107267 94826.2 79244.2 59892.3 108777 118057 103052 96206.7 51548.2 75413 58740.3 32253.7
0.0707495 79961.9 88382.9 60970.8 91822.7 129486 86850.6 97522.5 62446.2 102027 75123.4 51612 120157 96607.2 109080 102126 108207 79630.2 82394.5 97238.9 84726.5 62637.2 125178 74444.9 109461 115232 39971.3 107394 94893.2 79288.2 59893.4 108903 118201 103174 96277.4 51571.7 75512 58774.9 32240.9
0.0708229 80013.5 88452.2 60980.3 91914.4 129618 86914.4 97612.3 62450.4 102136 75157.5 51584.9 120313 96677.1 109210 102220 108308 79709.6 82475 97355.6 84774.8 62636.5 125287 74462.2 109592 115357 39944.9 107526 94963 79333.7 59894.5 109033 118351 103300 96350.7 51596.5 75615 58810.8 32227.3
0.0708957 80064.8 88520.9 60989.8 92005.2 129749 86977.9 97701.4 62454.5 102244 75191.2 51558 120467 96746.1 109338 102313 108408 79788.9 82554.8 97471.6 84821.4 62635.8 125396 74478.9 109721 115481 39918.5 107656 95032.4 79378.7 59895.6 109163 118499 103426 96423.5 51621 75717.1 58846.5 32213.8
0.0709662 80114.6 88587.4 60998.9 92093.2 129876 87039.1 97787.7 62458.5 102349 75223.7 51532.1 120616 96812.9 109462 102403 108505 79865.7 82631.7 97584 84866.4 62635 125502 74494.8 109847 115602 39892.8 107783 95099.6 79422.3 59896.7 109288 118643 103548 96494 51644.6 75816 58881.2 32200.6
0.0710332 80161.9 88650.8 61007.4 92176.6 129995 87097.2 97869.7 62462.3 102449 75254.6 51507.3 120758 96876.3 109580 102489 108597 79939 82704.9 97690.3 84909.8 62634.2 125603 74509.8 109966 115716 39868.3 107903 95163.4 79464 59897.7 109407 118779 103663 96561.6 51666 75910 58914.3 32188.1
0.0711028 80210.9 88716.7 61015.9 92263.6 130118 87157.4 97954.7 62466.1 102553 75286.7 51481.6 120905 96942 109703 102578 108693 80015 82780.8 97800.3 84955.1 62633.3 125707 74525.2 110090 115835 39842.5 108027 95229.7 79507.6 59898.4 109530 118921 103783 96631.9 51687.9 76007.7 58948.6 32175
0.0711704 80258.5 88781.7 61024.4 92348.3 130238 87215.8 98037.4 62469.6 102654 75318.6 51456.7 121047 97010.1 109824 102665 108785 80089 82854.4 97907.4 84999.2 62632.4 125809 74539.9 110210 115943 39816.7 108148 95294.2 79550.1 59899 109652 119058 103900 96700 51709.1 76102.9 58981.8 32162.2
0.0712365 80305.1 88845.1 61032.8 92431.1 130355 87273 98118.2 62472.6 102753 75349.7 51432.4 121186 97076.6 109944 102749 108876 80161.3 82926.2 98012 85042.1 62631.5 125908 74554.2 110327 116044 39791.5 108266 95357.3 79591.6 59898.7 109773 119192 104013 96766.7 51729.9 76196.2 59014.2 32149.7
0.0713017 80351.2 88907.7 61041 92513 130471 87329.5 98196.6 62475.6 102850 75380.6 51408.3 121324 97142.2 110063 102833 108965 80232.1 82997.1 98115.2 85083.8 62630.3 126006 74568.2 110443 116144 39766.6 108383 95419.6 79632.5 59898.2 109891 119324 104126 96837 51750.4 76288.5 59046 32137.8
0.0713672 80397.6 88970.2 61049.4 92595.2 130587 87386.2 98274.1 62478.5 102944 75411.6 51384.3 121462 97208.1 110181 102917 109055 80302.5 83068.5 98219.8 85125.2 62628.7 126104 74582.2 110559 116245 39740.9 108500 95482.2 79674.2 59897.5 110011 119457 104239 96912.3 51771.1 76381.4 59078.1 32126
0.0714326 80443.9 89032.2 61057.6 92677.4 130703 87442.7 98351.5 62481.5 103037 75442.6 51360.3 121600 97273.9 110300 103000 109145 80372.6 83139.8 98324.1 85166.5 62627.1 126202 74596.1 110676 116345 39715.4 108617 95544.7 79715.6 59896.8 110130 119590 104351 96987.4 51791.8 76474.1 59110.1 32114.3
0.0714976 80490.6 89092.9 61065.6 92759.1 130817 87499.2 98428 62484.5 103130 75473.4 51336.5 121738 97339.3 110417 103083 109235 80442 83210.8 98427.7 85207.7 62625.7 126299 74610 110792 116445 39690 108733 95607.1 79756.8 59896 110248 119722 104464 97062.3 51812.4 76566.4 59141.7 32102.6
0.071561 80536.2 89152.4 61073.4 92838.7 130930 87554.4 98500.5 62487.4 103221 75502.9 51313.3 121872 97403.2 110532 103165 109322 80509.7 83280.5 98528.7 85248 62624.4 126394 74623.3 110905 116542 39665.8 108846 95667.9 79797.1 59895.4 110363 119851 104573 97135.6 51832.5 76656.3 59172.8 32090.8
0.0716248 80582.1 89212.1 61081.2 92918.9 131042 87609.9 98573.5 62490.3 103313 75532.6 51289.4 122007 97466.8 110648 103246 109410 80577.8 83350.7 98630.3 85288.4 62623.1 126489 74636.6 111019 116640 39641.4 108960 95729.1 79837.6 59894.7 110480 119980 104683 97209.4 51852.8 76747 59204.1 32079
0.0716875 80627.2 89270.8 61088.8 92997.6 131153 87664.4 98645.2 62493.1 103402 75561.9 51265.5 122140 97528.8 110762 103327 109496 80644.8 83419.8 98730.3 85328.3 62621.4 126583 74649.7 111131 116736 39617.3 109072 95789.2 79876.9 59894.1 110594 120108 104791 97281.9 51872.6 76836.2 59234.9 32067.4
0.0717495 80672 89328.7 61096.4 93075.1 131263 87717.2 98716.1 62495.7 103491 75590.9 51241.8 122272 97589.9 110874 103406 109581 80711 83488.1 98829.3 85367.7 62619.4 126675 74662.6 111242 116831 39593.5 109183 95848.6 79915.5 59893.5 110707 120234 104898 97353.6 51892.1 76924.4 59265.4 32055.5
0.0718105 80716 89385.7 61103.8 93151.4 131371 87769.1 98785.7 62498.1 103578 75619.6 51223.2 122401 97649.7 110984 103484 109662 80776 83555.2 98926.6 85406.4 62617.4 126767 74674.6 111351 116925 39570.2 109292 95907.2 79953.3 59892.7 110818 120357 105003 97424.1 51911.3 77011.3 59295.4 32043.6
0.0718708 80759.6 89442.1 61111.2 93226.8 131477 87820.3 98854.5 62500.4 103664 75648.3 51208.9 122528 97708.6 111093 103561 109742 80840.3 83621.6 99022.8 85444.7 62615.5 126857 74685.8 111459 117017 39547.2 109400 95964.9 79990.7 59891.8 110927 120479 105107 97493.8 51930.3 77097.1 59324.9 32031.9
0.0719317 80803.8 89499.2 61118.6 93303.3 131585 87872 98924.2 62502.6 103751 75677.1 51194.4 122656 97768.3 111204 103639 109823 80905.5 83688.8 99120.4 85483.5 62613.5 126948 74697 111568 117111 39524 109509 96023.1 80028.4 59890.7 111038 120602 105212 97564.3 51949.7 77184.2 59354.7 32019.8
0.0719931 80848.4 89556.7 61125.5 93380.1 131693 87924.1 98994.5 62504.7 103838 75705.6 51180 122785 97828.4 111315 103717 109904 80971.1 83756.4 99218.7 85522.5 62611.6 127040 74708.2 111678 117205 39500.5 109619 96081.7 80066.3 59889.4 111150 120725 105318 97635.3 51969.1 77271.8 59384.6 32007.8
0.0720535 80892.2 89613.3 61132.2 93455.7 131799 87975.2 99063.6 62506.7 103925 75733.4 51165.6 122912 97887.4 111424 103795 109984 81035.6 83822.9 99315.4 85561 62610.4 127131 74719.1 111787 117297 39477.5 109727 96139.3 80103.6 59887.8 111259 120847 105422 97705.2 51988.1 77356.3 59414 31995.7
0.0721118 80934.5 89668 61138.6 93528.7 131902 88024.7 99130.4 62508.6 104008 75760.1 51151.2 123034 97944.5 111529 103869 110062 81097.9 83887.2 99408.9 85598.3 62609.4 127218 74729.6 111891 117387 39455 109832 96195.1 80139.6 59885.8 111365 120964 105522 97772.8 52006.4 77437.5 59442.3 31984.1
0.0721698 80976.3 89722.1 61145 93601.5 132006 88073.9 99196.2 62510.6 104091 75786.5 51136.7 123157 98001.6 111634 103943 110139 81159.9 83951.1 99501.8 85635.2 62612.1 127305 74740 111995 117476 39432.8 109935 96250.7 80175.3 59883.7 111470 121081 105622 97839.5 52024.7 77518 59470.5 31972.6
0.0722281 81018.1 89776.3 61151.4 93674.6 132110 88123.2 99261.2 62512.3 104174 75813.1 51122.1 123279 98058.9 111739 104018 110216 81221.9 84015.4 99595 85672.3 62622.1 127393 74750.1 112100 117565 39410.7 110039 96306.5 80211.3 59881.6 111576 121198 105720 97905.4 52043.1 77597.8 59498.9 31961.1
0.0722855 81059.4 89829.9 61157.6 93746.9 132213 88171.8 99325.3 62513.6 104257 75839.8 51113.8 123400 98115.3 111842 104092 110292 81283 84078.7 99687.2 85708.9 62632 127479 74758.4 112203 117653 39388.5 110142 96359 80246.8 59879.7 111679 121313 105818 97970.2 52061.3 77676.5 59526.8 31949.7
0.0723412 81099.6 89882 61163.7 93817.2 132314 88218.9 99388.1 62514.3 104337 75865.8 51106.1 123516 98170 111942 104165 110366 81342.4 84140.3 99777.2 85744.7 62640.7 127562 74766.3 112303 117738 39366.7 110243 96406.5 80281.4 59877.6 111780 121424 105913 98031.3 52078.5 77752.9 59553.6 31938.7
0.0723969 81140 89934.5 61169.6 93887.5 132417 88266 99454.3 62514.8 104416 75891.6 51098.5 123633 98224.6 112043 104237 110440 81402.7 84201.8 99867.1 85781.8 62645.6 127646 74774.1 112404 117824 39344.2 110343 96453.6 80315.8 59875.5 111881 121535 106010 98081.5 52094 77828.4 59580.1 31927.6
0.0724528 81180.5 89987 61175.6 93958.2 132521 88313.3 99520.8 62515.2 104496 75917.6 51090.7 123750 98279.3 112144 104310 110514 81463.2 84263.5 99957.5 85819.1 62650.4 127730 74781.8 112504 117909 39321.7 110444 96500.9 80350.3 59873.3 111982 121647 106107 98131.9 52109.7 77904.2 59606.5 31916.4
0.0725099 81222 90040.5 61181.7 94030.5 132628 88361.6 99588.6 62515.6 104578 75944.2 51082.8 123870 98335.1 112247 104384 110589 81525.1 84326.6 100050 85857.3 62655.4 127817 74789.7 112607 117997 39298.7 110547 96549.3 80385.3 59870.9 112085 121761 106206 98183.5 52125.7 77981.7 59633 31904.8
0.0725667 81263.2 90093.7 61187.6 94102.3 132732 88409.7 99656.1 62516 104660 75970.7 51074.8 123989 98390.5 112350 104458 110664 81586.1 84389.5 100142 85895.3 62660.3 127902 74797.5 112709 118084 39275.8 110649 96597.3 80420 59868.5 112188 121875 106305 98234.8 52141.5 78058.9 59659.4 31892.5
0.072623 81303.7 90146.4 61193.5 94173.6 132836 88457.4 99723.1 62516.3 104741 75997 51066.7 124107 98445.6 112451 104532 110739 81646.5 84451.9 100233 85933.1 62665.1 127987 74805.2 112811 118171 39253 110751 96645 80454.2 59865.9 112290 121988 106403 98285.5 52157.3 78135.5 59685.5 31880.3
0.0726797 81343.9 90199.4 61199.5 94245.2 132940 88504.9 99790.4 62516.5 104822 76023.3 51058.5 124226 98500.9 112554 104605 110814 81707.4 84514.6 100325 85971 62670 128073 74812.9 112913 118258 39229.9 110853 96693 80488.6 59863.2 112393 122101 106501 98336.6 52173.1 78212.7 59711.7 31868.2
0.0727348 81383.1 90250.7 61205.2 94315 133041 88551 99855.6 62516.7 104901 76048.9 51050.5 124342 98554.8 112653 104677 110887 81766.7 84575.6 100415 86007.8 62674.6 128156 74820.4 113012 118342 39207.4 110952 96739.7 80522.1 59860.5 112493 122211 106597 98386.4 52188.4 78287.8 59737.2 31856.4
0.0727891 81421.8 90301.1 61210.9 94383.7 133141 88596.5 99919.3 62516.9 104979 76074.1 51042.5 124455 98608 112751 104748 110959 81825.1 84635.7 100503 86044 62678.3 128238 74827.7 113110 118426 39185.1 111050 96785.5 80555 59857.9 112591 122320 106691 98435.6 52203.5 78361.8 59762.3 31844.9
0.0728425 81460 90350.7 61216.4 94451.4 133240 88641.2 99981.8 62517 105056 76098.8 51034.6 124567 98660.2 112848 104817 111030 81882.5 84695 100590 86079.7 62682.1 128318 74834.8 113206 118508 39163.1 111146 96830.5 80587.4 59855.3 112688 122426 106784 98484.1 52218.3 78434.5 59787.1 31833.6
