0.01 -0.0307061
0.02 -0.0307061
0.03 -0.0307061
0.04 -0.0307061
0.05 -0.0307061
0.06 -0.0307061
0.07 -0.0307061
0.08 -0.0307061
0.09 -0.0307061
0.1 -0.0307061
0.11 -0.0307061
0.12 -0.0307061
0.13 -0.0307061
0.14 -0.0307061
0.15 -0.0307061
0.16 -0.0307061
0.17 -0.0307061
0.18 -0.0307061
0.19 -0.0307061
0.2 -0.0307061
0.21 -0.0307061
0.22 -0.0307061
0.23 -0.0307061
0.24 -0.0307061
0.25 -0.0307061
0.26 -0.0307061
0.27 -0.0307061
0.28 -0.0307061
0.29 -0.0307061
0.3 -0.0307061
0.31 -0.0307061
0.32 -0.0307061
0.33 -0.0307061
0.34 -0.0307061
0.35 -0.0307061
0.36 -0.0307061
0.37 -0.0307061
0.38 -0.0307061
0.39 -0.0307061
0.4 -0.0307061
0.41 -0.0307061
0.42 -0.0307061
0.43 -0.0307061
0.44 -0.0307061
0.45 -0.0307061
0.46 -0.0307061
0.47 -0.0307061
0.48 -0.0307061
0.49 -0.0307061
0.5 -0.0307061
0.51 -0.0307061
0.52 -0.0307061
0.53 -0.0307061
0.54 -0.0307061
0.55 -0.0307061
0.56 -0.0307061
0.57 -0.0307061
0.58 -0.0307061
0.59 -0.0307061
0.6 -0.0307061
0.61 -0.0307061
0.62 -0.0307061
0.63 -0.0307061
0.64 -0.0307061
0.65 -0.0307061
0.66 -0.0307061
0.67 -0.0307061
0.68 -0.0307061
0.69 -0.0307061
0.7 -0.0307061
0.71 -0.0307061
0.72 -0.0307061
0.73 -0.0307061
0.74 -0.0307061
0.75 -0.0307061
0.76 -0.0307061
0.77 -0.0307061
0.78 -0.0307061
0.79 -0.0307061
0.8 -0.0307061
0.81 -0.0307061
0.82 -0.0307061
0.83 -0.0307061
0.84 -0.0307061
0.85 -0.0307061
0.86 -0.0307061
0.87 -0.0307061
0.88 -0.0307061
0.89 -0.0307061
0.9 -0.0307061
0.91 -0.0307061
0.92 -0.0307061
0.93 -0.0307061
0.94 -0.0307061
0.95 -0.0307061
0.96 -0.0307061
0.97 -0.0307061
0.98 -0.0307061
0.99 -0.0307061
1 -0.0307061
0.908802 -0.0111688
2.36271 0.00836848
4.81659 0.0279058
3.11647 0.0376744
