0.01 -0.000307061
0.02 -0.000614122
0.03 -0.000921182
0.04 -0.00122824
0.05 -0.0015353
0.06 -0.00184236
0.07 -0.00214943
0.08 -0.00245649
0.09 -0.00276355
0.1 -0.00307061
0.11 -0.00337767
0.12 -0.00368473
0.13 -0.00399179
0.14 -0.00429885
0.15 -0.00460591
0.16 -0.00491297
0.17 -0.00522003
0.18 -0.00552709
0.19 -0.00583415
0.2 -0.00614122
0.21 -0.00644828
0.22 -0.00675534
0.23 -0.0070624
0.24 -0.00736946
0.25 -0.00767652
0.26 -0.00798358
0.27 -0.00829064
0.28 -0.0085977
0.29 -0.00890476
0.3 -0.00921182
0.31 -0.00951888
0.32 -0.00982594
0.33 -0.010133
0.34 -0.0104401
0.35 -0.0107471
0.36 -0.0110542
0.37 -0.0113612
0.38 -0.0116683
0.39 -0.0119754
0.4 -0.0122824
0.41 -0.0125895
0.42 -0.0128966
0.43 -0.0132036
0.44 -0.0135107
0.45 -0.0138177
0.46 -0.0141248
0.47 -0.0144319
0.48 -0.0147389
0.49 -0.015046
0.5 -0.015353
0.51 -0.0156601
0.52 -0.0159672
0.53 -0.0162742
0.54 -0.0165813
0.55 -0.0168883
0.56 -0.0171954
0.57 -0.0175025
0.58 -0.0178095
0.59 -0.0181166
0.6 -0.0184236
0.61 -0.0187307
0.62 -0.0190378
0.63 -0.0193448
0.64 -0.0196519
0.65 -0.019959
0.66 -0.020266
0.67 -0.0205731
0.68 -0.0208801
0.69 -0.0211872
0.7 -0.0214943
0.71 -0.0218013
0.72 -0.0221084
0.73 -0.0224154
0.74 -0.0227225
0.75 -0.0230296
0.76 -0.0233366
0.77 -0.0236437
0.78 -0.0239507
0.79 -0.0242578
0.8 -0.0245649
0.81 -0.0248719
0.82 -0.025179
0.83 -0.025486
0.84 -0.0257931
0.85 -0.0261002
0.86 -0.0264072
0.87 -0.0267143
0.88 -0.0270213
0.89 -0.0273284
0.9 -0.0276355
0.91 -0.0279425
0.92 -0.0282496
0.93 -0.0285567
0.94 -0.0288637
0.95 -0.0291708
0.96 -0.0294778
0.97 -0.0297849
0.98 -0.030092
0.99 -0.030399
1 -0.0307061
