0.01 -0.00982985
0.011 -0.00982985
0.021 -0.00982985
0.022 -0.00982985
0.032 -0.00982985
0.033 -0.00982985
0.043 -0.00982985
0.044 -0.00982985
0.054 -0.00982985
0.055 -0.00982985
0.065 -0.00982985
0.066 -0.00982985
0.076 -0.00982985
0.077 -0.00982985
0.087 -0.00982985
0.088 -0.00982985
0.098 -0.00982985
0.099 -0.00982985
0.109 -0.00982985
0.11 -0.00982985
0.12 -0.00982985
0.121 -0.00982985
0.131 -0.00982985
0.132 -0.00982985
0.142 -0.00982985
0.143 -0.00982985
0.153 -0.00982985
0.154 -0.00982985
0.164 -0.00982985
0.165 -0.00982985
0.175 -0.00982985
0.176 -0.00982985
0.186 -0.00982985
0.187 -0.00982985
0.197 -0.00982985
0.198 -0.00982985
0.208 -0.00982985
0.209 -0.00982985
0.219 -0.00982985
0.22 -0.00982985
0.23 -0.00982985
0.231 -0.00982985
0.241 -0.00982985
0.242 -0.00982985
0.252 -0.00982985
0.253 -0.00982985
0.263 -0.00982985
0.264 -0.00982985
0.274 -0.00982985
0.275 -0.00982985
0.285 -0.00982985
0.286 -0.00982985
0.296 -0.00982985
0.297 -0.00982985
0.307 -0.00982985
0.308 -0.00982985
0.318 -0.00982985
0.319 -0.00982985
0.329 -0.00982985
0.33 -0.00982985
0.34 -0.00982985
0.341 -0.00982985
0.351 -0.00982985
0.352 -0.00982985
0.362 -0.00982985
0.363 -0.00982985
0.373 -0.00982985
0.374 -0.00982985
0.384 -0.00982985
0.385 -0.00982985
0.395 -0.00982985
0.396 -0.00982985
0.406 -0.00982985
0.407 -0.00982985
0.417 -0.00982985
0.418 -0.00982985
0.428 -0.00982985
0.429 -0.00982985
0.439 -0.00982985
0.44 -0.00982985
0.45 -0.00982985
0.451 -0.00982985
0.461 -0.00982985
0.462 -0.00982985
0.472 -0.00982985
0.473 -0.00982985
0.483 -0.00982985
0.484 -0.00982985
0.494 -0.00982985
0.495 -0.00982985
0.505 -0.00982985
0.506 -0.00982985
0.516 -0.00982985
0.517 -0.00982985
0.527 -0.00982985
0.528 -0.00982985
0.538 -0.00982985
0.539 -0.00982985
0.549 -0.00982985
0.55 -0.00982985
0.56 -0.00982985
0.561 -0.00982985
0.571 -0.00982985
0.572 -0.00982985
0.582 -0.00982985
0.583 -0.00982985
0.593 -0.00982985
0.594 -0.00982985
0.604 -0.00982985
0.605 -0.00982985
0.615 -0.00982985
0.616 -0.00982985
0.626 -0.00982985
0.627 -0.00982985
0.637 -0.00982985
0.638 -0.00982985
0.648 -0.00982985
0.649 -0.00982985
0.659 -0.00982985
0.66 -0.00982985
0.67 -0.00982985
0.671 -0.00982985
0.681 -0.00982985
0.682 -0.00982985
0.692 -0.00982985
0.693 -0.00982985
0.703 -0.00982985
0.704 -0.00982985
0.714 -0.00982985
0.715 -0.00982985
0.725 -0.00982985
0.726 -0.00982985
0.736 -0.00982985
0.737 -0.00982985
0.747 -0.00982985
0.748 -0.00982985
0.758 -0.00982985
0.759 -0.00982985
0.769 -0.00982985
0.77 -0.00982985
0.78 -0.00982985
0.781 -0.00982985
0.791 -0.00982985
0.792 -0.00982985
0.802 -0.00982985
0.803 -0.00982985
0.813 -0.00982985
0.814 -0.00982985
0.824 -0.00982985
0.825 -0.00982985
0.835 -0.00982985
0.836 -0.00982985
0.846 -0.00982985
0.847 -0.00982985
0.857 -0.00982985
0.858 -0.00982985
0.868 -0.00982985
0.869 -0.00982985
0.879 -0.00982985
0.88 -0.00982985
0.89 -0.00982985
0.891 -0.00982985
0.901 -0.00982985
0.902 -0.00982985
0.912 -0.00982985
0.913 -0.00982985
0.923 -0.00982985
0.924 -0.00982985
0.934 -0.00982985
0.935 -0.00982985
0.945 -0.00982985
0.946 -0.00982985
0.956 -0.00982985
0.957 -0.00982985
0.967 -0.00982985
0.968 -0.00982985
0.978 -0.00982985
0.979 -0.00982985
0.989 -0.00982985
0.99 -0.00982985
1 -0.00982985
1.001 -0.00982985
1.011 -0.00982985
1.012 -0.00982985
1.022 -0.00982985
1.023 -0.00982985
1.033 -0.00982985
1.034 -0.00982985
1.044 -0.00982985
1.045 -0.00982985
1.055 -0.00982985
1.056 -0.00982985
1.066 -0.00982985
1.067 -0.00982985
1.077 -0.00982985
1.078 -0.00982985
1.088 -0.00982985
1.089 -0.00982985
1.099 -0.00982985
1.1 -0.00982985
1.11 -1.98644e-11
1.12 -1.98483e-11
1.13 -1.98406e-11
1.14 -1.98352e-11
1.15 -1.9832e-11
1.16 -1.98302e-11
1.17 -1.98291e-11
1.18 -1.98285e-11
1.19 -1.98281e-11
1.2 -1.98279e-11
1.21 -1.98278e-11
1.22 -1.98277e-11
1.23 -1.98277e-11
1.24 -1.98277e-11
1.25 -1.98276e-11
1.26 -1.98276e-11
1.27 -1.98276e-11
1.28 -1.98276e-11
1.29 -1.98276e-11
1.3 -1.98276e-11
1.31 -1.98276e-11
1.32 -1.98276e-11
1.33 -1.98276e-11
1.34 -1.98276e-11
1.35 -1.98276e-11
1.36 -1.98276e-11
1.37 -1.98276e-11
1.38 -1.98276e-11
1.39 -1.98276e-11
1.4 -1.98276e-11
1.41 -1.98276e-11
1.42 -1.98276e-11
1.43 -1.98276e-11
1.44 -1.98276e-11
1.45 -1.98276e-11
1.46 -1.98276e-11
1.47 -1.98276e-11
1.48 -1.98276e-11
1.49 -1.98276e-11
1.5 -1.98276e-11
1.51 -1.98276e-11
1.52 -1.98276e-11
1.53 -1.98276e-11
1.54 -1.98276e-11
1.55 -1.98276e-11
1.56 -1.98276e-11
1.57 -1.98276e-11
1.58 -1.98276e-11
1.59 -1.98276e-11
1.6 -1.98276e-11
1.61 -1.98276e-11
1.62 -1.98276e-11
1.63 -1.98276e-11
1.64 -1.98276e-11
1.65 -1.98276e-11
1.66 -1.98276e-11
1.67 -1.98276e-11
1.68 -1.98276e-11
1.69 -1.98276e-11
1.7 -1.98276e-11
1.71 -1.98276e-11
1.72 -1.98276e-11
1.73 -1.98276e-11
1.74 -1.98276e-11
1.75 -1.98276e-11
1.76 -1.98276e-11
1.77 -1.98276e-11
1.78 -1.98276e-11
1.79 -1.98276e-11
1.8 -1.98276e-11
1.81 -1.98276e-11
1.82 -1.98276e-11
1.83 -1.98276e-11
1.84 -1.98276e-11
1.85 -1.98276e-11
1.86 -1.98276e-11
1.87 -1.98276e-11
1.88 -1.98276e-11
1.89 -1.98276e-11
1.9 -1.98276e-11
1.91 -1.98276e-11
1.92 -1.98276e-11
1.93 -1.98276e-11
1.94 -1.98276e-11
1.95 -1.98276e-11
1.96 -1.98276e-11
1.97 -1.98276e-11
1.98 -1.98276e-11
1.99 -1.98276e-11
2 -1.98276e-11
2.01 -1.98276e-11
2.02 -1.98276e-11
2.03 -1.98276e-11
2.04 -1.98276e-11
2.05 -1.98276e-11
2.06 -1.98276e-11
2.07 -1.98276e-11
2.08 -1.98276e-11
2.09 -1.98276e-11
2.1 -1.98276e-11
