0.01 -0.0307061
0.011 -0.0307061
0.021 -0.0307061
0.022 -0.0307061
0.032 -0.0307061
0.033 -0.0307061
0.043 -0.0307061
0.044 -0.0307061
0.054 -0.0307061
0.055 -0.0307061
0.065 -0.0307061
0.066 -0.0307061
0.076 -0.0307061
0.077 -0.0307061
0.087 -0.0307061
0.088 -0.0307061
0.098 -0.0307061
0.099 -0.0307061
0.109 -0.0307061
0.11 -0.0307061
0.12 -0.0307061
0.121 -0.0307061
0.131 -0.0307061
0.132 -0.0307061
0.142 -0.0307061
0.143 -0.0307061
0.153 -0.0307061
0.154 -0.0307061
0.164 -0.0307061
0.165 -0.0307061
0.175 -0.0307061
0.176 -0.0307061
0.186 -0.0307061
0.187 -0.0307061
0.197 -0.0307061
0.198 -0.0307061
0.208 -0.0307061
0.209 -0.0307061
0.219 -0.0307061
0.22 -0.0307061
0.23 -0.0307061
0.231 -0.0307061
0.241 -0.0307061
0.242 -0.0307061
0.252 -0.0307061
0.253 -0.0307061
0.263 -0.0307061
0.264 -0.0307061
0.274 -0.0307061
0.275 -0.0307061
0.285 -0.0307061
0.286 -0.0307061
0.296 -0.0307061
0.297 -0.0307061
0.307 -0.0307061
0.308 -0.0307061
0.318 -0.0307061
0.319 -0.0307061
0.329 -0.0307061
0.33 -0.0307061
0.34 -0.0307061
0.341 -0.0307061
0.351 -0.0307061
0.352 -0.0307061
0.362 -0.0307061
0.363 -0.0307061
0.373 -0.0307061
0.374 -0.0307061
0.384 -0.0307061
0.385 -0.0307061
0.395 -0.0307061
0.396 -0.0307061
0.406 -0.0307061
0.407 -0.0307061
0.417 -0.0307061
0.418 -0.0307061
0.428 -0.0307061
0.429 -0.0307061
0.439 -0.0307061
0.44 -0.0307061
0.45 -0.0307061
0.451 -0.0307061
0.461 -0.0307061
0.462 -0.0307061
0.472 -0.0307061
0.473 -0.0307061
0.483 -0.0307061
0.484 -0.0307061
0.494 -0.0307061
0.495 -0.0307061
0.505 -0.0307061
0.506 -0.0307061
0.516 -0.0307061
0.517 -0.0307061
0.527 -0.0307061
0.528 -0.0307061
0.538 -0.0307061
0.539 -0.0307061
0.549 -0.0307061
0.55 -0.0307061
0.56 -0.0307061
0.561 -0.0307061
0.571 -0.0307061
0.572 -0.0307061
0.582 -0.0307061
0.583 -0.0307061
0.593 -0.0307061
0.594 -0.0307061
0.604 -0.0307061
0.605 -0.0307061
0.615 -0.0307061
0.616 -0.0307061
0.626 -0.0307061
0.627 -0.0307061
0.637 -0.0307061
0.638 -0.0307061
0.648 -0.0307061
0.649 -0.0307061
0.659 -0.0307061
0.66 -0.0307061
0.67 -0.0307061
0.671 -0.0307061
0.681 -0.0307061
0.682 -0.0307061
0.692 -0.0307061
0.693 -0.0307061
0.703 -0.0307061
0.704 -0.0307061
0.714 -0.0307061
0.715 -0.0307061
0.725 -0.0307061
0.726 -0.0307061
0.736 -0.0307061
0.737 -0.0307061
0.747 -0.0307061
0.748 -0.0307061
0.758 -0.0307061
0.759 -0.0307061
0.769 -0.0307061
0.77 -0.0307061
0.78 -0.0307061
0.781 -0.0307061
0.791 -0.0307061
0.792 -0.0307061
0.802 -0.0307061
0.803 -0.0307061
0.813 -0.0307061
0.814 -0.0307061
0.824 -0.0307061
0.825 -0.0307061
0.835 -0.0307061
0.836 -0.0307061
0.846 -0.0307061
0.847 -0.0307061
0.857 -0.0307061
0.858 -0.0307061
0.868 -0.0307061
0.869 -0.0307061
0.879 -0.0307061
0.88 -0.0307061
0.89 -0.0307061
0.891 -0.0307061
0.901 -0.0307061
0.902 -0.0307061
0.912 -0.0307061
0.913 -0.0307061
0.923 -0.0307061
0.924 -0.0307061
0.934 -0.0307061
0.935 -0.0307061
0.945 -0.0307061
0.946 -0.0307061
0.956 -0.0307061
0.957 -0.0307061
0.967 -0.0307061
0.968 -0.0307061
0.978 -0.0307061
0.979 -0.0307061
0.989 -0.0307061
0.99 -0.0307061
1 -0.0307061
1.001 -0.0307061
1.011 -0.0307061
1.012 -0.0307061
1.022 -0.0307061
1.023 -0.0307061
1.033 -0.0307061
1.034 -0.0307061
1.044 -0.0307061
1.045 -0.0307061
1.055 -0.0307061
1.056 -0.0307061
1.066 -0.0307061
1.067 -0.0307061
1.077 -0.0307061
1.078 -0.0307061
1.088 -0.0307061
1.089 -0.0307061
1.099 -0.0307061
1.1 -0.0307061
1.11 -0.0307061
1.12 -0.0307061
1.13 -0.0307061
1.14 -0.0307061
1.15 -0.0307061
1.16 -0.0307061
1.17 -0.0307061
1.18 -0.0307061
1.19 -0.0307061
1.2 -0.0307061
1.21 -0.0307061
1.22 -0.0307061
1.23 -0.0307061
1.24 -0.0307061
1.25 -0.0307061
1.26 -0.0307061
1.27 -0.0307061
1.28 -0.0307061
1.29 -0.0307061
1.3 -0.0307061
1.31 -0.0307061
1.32 -0.0307061
