0.045 0.00372298
0.05 0.0119946
0.06 0.0480816
0.07 0.147382
0.0698282 0.14702
0.0696563 0.146658
0.0694845 0.146296
0.0693126 0.145935
0.0691408 0.145573
0.068969 0.145211
0.0687971 0.144849
0.0686253 0.144487
0.0684534 0.144126
0.0682816 0.143764
0.0681098 0.143402
0.0679379 0.14304
0.0677661 0.142678
0.0675942 0.142317
0.0674224 0.141955
0.0672505 0.141593
0.0670787 0.141231
0.0669069 0.140869
0.066735 0.140508
0.0665632 0.140146
0.0663913 0.139784
0.0662195 0.139422
0.0660477 0.13906
0.0658758 0.138699
0.065704 0.138337
0.0655321 0.137975
0.0653603 0.137613
0.0651885 0.137251
0.0650166 0.13689
0.0648448 0.136528
0.0646729 0.136166
0.0645011 0.135804
0.0643293 0.135442
0.0641574 0.13508
0.0639856 0.134719
0.0638137 0.134357
0.0636419 0.133995
0.0634701 0.133633
0.0632982 0.133271
0.0631264 0.13291
0.0629545 0.132548
0.0627827 0.132186
0.0626109 0.131824
0.062439 0.131462
0.0622672 0.131101
0.0620953 0.130739
0.0619235 0.130377
0.0617516 0.130015
0.0615798 0.129653
0.061408 0.129292
0.0612361 0.12893
0.0610643 0.128568
0.0608924 0.128206
0.0607206 0.127844
0.0605488 0.127483
0.0603769 0.127121
0.0602051 0.126759
0.0600332 0.126397
0.0598614 0.126035
0.0596896 0.125674
0.0595177 0.125312
0.0593459 0.12495
0.059174 0.124588
0.0590022 0.124226
0.0588304 0.123865
0.0586585 0.123503
0.0584867 0.123141
0.0583148 0.122779
0.058143 0.122417
0.0579712 0.122056
0.0577993 0.121694
0.0576275 0.121332
0.0574556 0.12097
0.0572838 0.120608
0.0571119 0.120247
0.0569401 0.119885
0.0567683 0.119523
0.0565964 0.119161
0.0564246 0.118799
0.0562527 0.118438
0.0560809 0.118076
0.0559091 0.117714
0.0557372 0.117352
0.0555654 0.11699
0.0553935 0.116629
0.0552217 0.116267
0.0550499 0.115905
0.054878 0.115543
0.0547062 0.115181
0.0545343 0.11482
0.0543625 0.114458
0.0541907 0.114096
0.0540188 0.113734
0.053847 0.113372
0.0536751 0.113011
0.0535033 0.112649
0.0533315 0.112287
0.0531596 0.111925
0.0529878 0.111563
0.0528159 0.111202
0.0526441 0.11084
0.0524723 0.110478
0.0523004 0.110116
0.0521286 0.109754
0.0519567 0.109393
0.0517849 0.109031
0.051613 0.108669
0.0514412 0.108307
0.0512694 0.107945
0.0510975 0.107583
0.0509257 0.107222
0.0507538 0.10686
0.050582 0.106498
0.0504102 0.106136
0.0502383 0.105774
0.0500665 0.105413
0.0498946 0.105051
0.0497228 0.104689
0.049551 0.104327
0.0493791 0.103965
0.0492073 0.103604
0.0490354 0.103242
0.0488636 0.10288
0.0486918 0.102518
0.0485199 0.102156
0.0483481 0.101795
0.0481762 0.101433
0.0480044 0.101071
0.0478326 0.100709
0.0476607 0.100347
0.0474889 0.0999856
0.047317 0.0996238
0.0471452 0.099262
0.0469733 0.0989002
0.0468015 0.0985384
0.0466297 0.0981766
0.0464578 0.0978148
0.046286 0.097453
0.0461141 0.0970912
0.0459423 0.0967294
0.0457705 0.0963676
0.0455986 0.0960058
0.0454268 0.095644
0.0452549 0.0952822
0.0450831 0.0949204
0.0449113 0.0945586
0.0447394 0.0941968
0.0445676 0.093835
0.0443957 0.0934732
0.0442239 0.0931114
0.0440521 0.0927496
0.0438802 0.0923878
0.0437084 0.092026
0.0435365 0.0916642
0.0433647 0.0913024
0.0431929 0.0909406
0.043021 0.0905788
0.0428492 0.090217
0.0426773 0.0898552
0.0425055 0.0894934
0.0423337 0.0891316
0.0421618 0.0887698
0.04199 0.0884079
0.0418181 0.0880461
0.0416463 0.0876843
0.0414744 0.0873225
0.0413026 0.0869607
0.0411308 0.0865989
0.0409589 0.0862371
0.0407871 0.0858753
0.0406152 0.0855135
0.0404434 0.0851517
0.0402716 0.0847899
0.0400997 0.0844281
0.0399279 0.0840663
0.039756 0.0837045
0.0395842 0.0833427
0.0394124 0.0829809
0.0392405 0.0826191
0.0390687 0.0822573
0.0388968 0.0818955
0.038725 0.0815337
0.0385532 0.0811719
0.0383813 0.0808101
0.0382095 0.0804483
0.0380376 0.0800865
0.0378658 0.0797247
0.037694 0.0793629
0.0375221 0.0790011
0.0373503 0.0786393
0.0371784 0.0782775
0.0370066 0.0779157
0.0368347 0.0775539
0.0366629 0.0771921
0.0364911 0.0768303
0.0363192 0.0764685
0.0361474 0.0761067
0.0359755 0.0757449
0.0358037 0.0753831
0.0356319 0.0750213
0.03546 0.0746594
0.0352882 0.0742976
0.0351163 0.0739358
0.0349445 0.073574
0.0347727 0.0732122
0.0346008 0.0728504
0.034429 0.0724886
0.0342571 0.0721268
0.0340853 0.071765
0.0339135 0.0714032
0.0337416 0.0710414
0.0335698 0.0706796
0.0333979 0.0703178
0.0332261 0.069956
0.0330543 0.0695942
0.0328824 0.0692324
0.0327106 0.0688706
0.0325387 0.0685088
0.0323669 0.068147
0.0321951 0.0677852
0.0320232 0.0674234
0.0318514 0.0670616
0.0316795 0.0666998
0.0315077 0.066338
0.0313358 0.0659762
0.031164 0.0656144
0.0309922 0.0652526
0.0308203 0.0648908
0.0306485 0.064529
0.0304766 0.0641672
0.0303048 0.0638054
0.030133 0.0634436
0.0299611 0.0630818
0.0297893 0.06272
0.0296174 0.0623582
0.0294456 0.0619964
0.0292738 0.0616346
0.0291019 0.0612728
0.0289301 0.0609109
0.0287582 0.0605491
0.0285864 0.0601873
0.0284146 0.0598255
0.0282427 0.0594637
0.0280709 0.0591019
0.027899 0.0587401
0.0277272 0.0583783
0.0275554 0.0580165
0.0273835 0.0576547
0.0272117 0.0572929
0.0270398 0.0569311
0.026868 0.0565693
0.0266961 0.0562075
0.0265243 0.0558457
0.0263525 0.0554839
0.0261806 0.0551221
0.0260088 0.0547603
0.0258369 0.0543985
0.0256651 0.0540367
0.0254933 0.0536749
0.0253214 0.0533131
0.0251496 0.0529513
0.0249777 0.0525895
0.0248059 0.0522277
0.0246341 0.0518659
0.0244622 0.0515041
0.0242904 0.0511423
0.0241185 0.0507805
0.0239467 0.0504187
0.0237749 0.0500569
0.023603 0.0496951
0.0234312 0.0493333
0.0232593 0.0489715
0.0230875 0.0486097
0.0229157 0.0482479
0.0227438 0.0478861
0.022572 0.0475242
0.0224001 0.0471624
0.0222283 0.0468006
0.0220565 0.0464388
0.0218846 0.046077
0.0217128 0.0457152
0.0215409 0.0453534
0.0213691 0.0449916
0.0211972 0.0446298
0.0210254 0.044268
0.0208536 0.0439062
0.0206817 0.0435444
0.0205099 0.0431826
0.020338 0.0428208
0.0201662 0.042459
0.0199944 0.0420972
0.0198225 0.0417354
0.0196507 0.0413736
0.0194788 0.0410118
0.019307 0.04065
0.0191352 0.0402882
0.0189633 0.0399264
0.0187915 0.0395646
0.0186196 0.0392028
0.0184478 0.038841
0.018276 0.0384792
0.0181041 0.0381174
0.0179323 0.0377556
0.0177604 0.0373938
0.0175886 0.037032
0.0174168 0.0366702
0.0172449 0.0363084
0.0170731 0.0359466
0.0169012 0.0355848
0.0167294 0.035223
0.0165575 0.0348612
0.0163857 0.0344994
0.0162139 0.0341376
0.016042 0.0337757
0.0158702 0.0334139
0.0156983 0.0330521
0.0155265 0.0326903
0.0153547 0.0323285
0.0151828 0.0319667
0.015011 0.0316049
0.0148391 0.0312431
0.0146673 0.0308813
0.0144955 0.0305195
0.0143236 0.0301577
0.0141518 0.0297959
0.0139799 0.0294341
0.0138081 0.0290723
0.0136363 0.0287105
0.0134644 0.0283487
0.0132926 0.0279869
0.0131207 0.0276251
0.0129489 0.0272633
0.0127771 0.0269015
0.0126052 0.0265397
0.0124334 0.0261779
0.0122615 0.0258161
0.0120897 0.0254543
0.0119179 0.0250925
0.011746 0.0247307
0.0115742 0.0243689
0.0114023 0.0240071
0.0112305 0.0236453
0.0110586 0.0232835
0.0108868 0.0229217
0.010715 0.0225599
0.0105431 0.0221981
0.0103713 0.0218363
0.0101994 0.0214745
0.0100276 0.0211127
0.00985576 0.0207509
0.00968392 0.0203891
0.00951208 0.0200272
0.00934024 0.0196654
0.0091684 0.0193036
0.00899656 0.0189418
0.00882472 0.01858
0.00865288 0.0182182
0.00848104 0.0178564
0.0083092 0.0174946
0.00813736 0.0171328
0.00796552 0.016771
0.00779367 0.0164092
0.00762183 0.0160474
0.00744999 0.0156856
0.00727815 0.0153238
0.00710631 0.014962
0.00693447 0.0146002
0.00676263 0.0142384
0.00659079 0.0138766
0.00641895 0.0135148
0.00624711 0.013153
0.00607527 0.0127912
0.00590343 0.0124294
0.00573159 0.0120676
0.00555975 0.0117058
0.0053879 0.011344
0.00521606 0.0109822
0.00504422 0.0106204
0.00487238 0.0102586
0.00470054 0.00989677
0.0045287 0.00953497
0.00435686 0.00917317
0.00418502 0.00881137
0.00401318 0.00844956
0.00384134 0.00808776
0.0036695 0.00772596
0.00349766 0.00736416
0.00332582 0.00700235
0.00315398 0.00664055
0.00298214 0.00627875
0.00281029 0.00591695
0.00263845 0.00555514
0.00246661 0.00519334
0.00229477 0.00483154
0.00212293 0.00446973
0.00195109 0.00410793
0.00177925 0.00374613
0.00160741 0.00338433
0.00143557 0.00302252
0.00126373 0.00266072
0.00109189 0.00229892
0.000920047 0.00193712
0.000748207 0.00157531
0.000576366 0.00121351
0.000404525 0.000851708
0.000232685 0.000489906
6.08439e-05 0.000128103
-0.000133033 0.000167473
-0.000338988 0.000426749
-0.000544944 0.000686025
-0.0007509 0.000945302
-0.000956855 0.00120458
-0.00116281 0.00146385
-0.00136829 0.0017272
-0.00156787 0.00186592
-0.00176262 0.00173306
-0.00194325 -0.00102784
-0.00207373 -0.00225855
