0.01 0
0.011 0
0.021 0
0.022 0
0.032 0
0.033 0
0.043 0
0.044 0
0.054 0
0.055 0
0.065 0
0.066 0
0.076 0
0.077 0
0.087 0
0.088 0
0.098 0
0.099 0
0.109 0
0.11 0
0.12 0
0.121 0
0.131 0
0.132 0
0.142 0
0.143 0
0.153 0
0.154 0
0.164 0
0.165 0
0.175 0
0.176 0
0.186 0
0.187 0
0.197 0
0.198 0
0.208 0
0.209 0
0.219 0
0.22 0
0.23 0
0.231 0
0.241 0
0.242 0
0.252 0
0.253 0
0.263 0
0.264 0
0.274 0
0.275 0
0.285 0
0.286 0
0.296 0
0.297 0
0.307 0
0.308 0
0.318 0
0.319 0
0.329 0
0.33 0
0.34 0
0.341 0
0.351 0
0.352 0
0.362 0
0.363 0
0.373 0
0.374 0
0.384 0
0.385 0
0.395 0
0.396 0
0.406 0
0.407 0
0.417 0
0.418 0
0.428 0
0.429 0
0.439 0
0.44 0
0.45 0
0.451 0
0.461 0
0.462 0
0.472 0
0.473 0
0.483 0
0.484 0
0.494 0
0.495 0
0.505 0
0.506 0
0.516 0
0.517 0
0.527 0
0.528 0
0.538 0
0.539 0
0.549 0
0.55 0
0.56 0
0.561 0
0.571 0
0.572 0
0.582 0
0.583 0
0.593 0
0.594 0
0.604 0
0.605 0
0.615 0
0.616 0
0.626 0
0.627 0
0.637 0
0.638 0
0.648 0
0.649 0
0.659 0
0.66 0
0.67 0
0.671 0
0.681 0
0.682 0
0.692 0
0.693 0
0.703 0
0.704 0
0.714 0
0.715 0
0.725 0
0.726 0
0.736 0
0.737 0
0.747 0
0.748 0
0.758 0
0.759 0
0.769 0
0.77 0
0.78 0
0.781 0
0.791 0
0.792 0
0.802 0
0.803 0
0.813 0
0.814 0
0.824 0
0.825 0
0.835 0
0.836 0
0.846 0
0.847 0
0.857 0
0.858 0
0.868 0
0.869 0
0.879 0
0.88 0
0.89 0
0.891 0
0.901 0
0.902 0
0.912 0
0.913 0
0.923 0
0.924 0
0.934 0
0.935 0
0.945 0
0.946 0
0.956 0
0.957 0
0.967 0
0.968 0
0.978 0
0.979 0
0.989 0
0.99 0
1 0
1.001 0
1.011 0
1.012 0
1.022 0
1.023 0
1.033 0
1.034 0
1.044 0
1.045 0
1.055 0
1.056 0
1.066 0
1.067 0
1.077 0
1.078 0
1.088 0
1.089 0
1.099 0
1.1 0
1.11 0
1.12 0
1.13 0
1.14 0
1.15 0
1.16 0
1.17 0
1.18 0
1.19 0
1.2 0
1.21 0
1.22 0
1.23 0
1.24 0
1.25 0
1.26 0
1.27 0
1.28 0
1.29 0
1.3 0
1.31 0
1.32 0
1.33 0
1.34 0
1.35 0
1.36 0
1.37 0
1.38 0
1.39 0
1.4 0
1.41 0
1.42 0
1.43 0
1.44 0
1.45 0
1.46 0
1.47 0
1.48 0
1.49 0
1.5 0
1.51 0
1.52 0
1.53 0
1.54 0
1.55 0
1.56 0
1.57 0
1.58 0
1.59 0
1.6 0
1.61 0
1.62 0
1.63 0
1.64 0
1.65 0
1.66 0
1.67 0
1.68 0
1.69 0
1.7 0
1.71 0
1.72 0
1.73 0
1.74 0
1.75 0
1.76 0
1.77 0
1.78 0
1.79 0
1.8 0
1.81 0
1.82 0
1.83 0
1.84 0
1.85 0
1.86 0
1.87 0
1.88 0
1.89 0
1.9 0
1.91 0
1.92 0
1.93 0
1.94 0
1.95 0
1.96 0
1.97 0
1.98 0
1.99 0
2 0
2.01 0
2.02 0
2.03 0
2.04 0
2.05 0
2.06 0
2.07 0
2.08 0
2.09 0
2.1 0
