1.01 6.91923e-11
1.02 6.9115e-11
1.03 6.91313e-11
1.04 6.91382e-11
1.05 6.91427e-11
1.06 6.91455e-11
1.07 6.9147e-11
1.08 6.9148e-11
1.09 6.91485e-11
1.1 6.91488e-11
1.11 6.9149e-11
1.12 6.91491e-11
1.13 6.91491e-11
1.14 6.91491e-11
1.15 6.91492e-11
1.16 6.91492e-11
1.17 6.91492e-11
1.18 6.91492e-11
1.19 6.91492e-11
1.2 6.91492e-11
1.21 6.91492e-11
1.22 6.91492e-11
1.23 6.91492e-11
1.24 6.91492e-11
1.25 6.91492e-11
1.26 6.91492e-11
1.27 6.91492e-11
1.28 6.91492e-11
1.29 6.91492e-11
1.3 6.91492e-11
1.31 6.91492e-11
1.32 6.91492e-11
1.33 6.91492e-11
1.34 6.91492e-11
1.35 6.91492e-11
1.36 6.91492e-11
1.37 6.91492e-11
1.38 6.91492e-11
1.39 6.91492e-11
1.4 6.91492e-11
1.41 6.91492e-11
1.42 6.91492e-11
1.43 6.91492e-11
1.44 6.91492e-11
1.45 6.91492e-11
1.46 6.91492e-11
1.47 6.91492e-11
1.48 6.91492e-11
1.49 6.91492e-11
1.5 6.91492e-11
1.51 6.91492e-11
1.52 6.91492e-11
1.53 6.91492e-11
1.54 6.91492e-11
1.55 6.91492e-11
1.56 6.91492e-11
1.57 6.91492e-11
1.58 6.91492e-11
1.59 6.91492e-11
1.6 6.91492e-11
1.61 6.91492e-11
1.62 6.91492e-11
1.63 6.91492e-11
1.64 6.91492e-11
1.65 6.91492e-11
1.66 6.91492e-11
1.67 6.91492e-11
1.68 6.91492e-11
1.69 6.91492e-11
1.7 6.91492e-11
1.71 6.91492e-11
1.72 6.91492e-11
1.73 6.91492e-11
1.74 6.91492e-11
1.75 6.91492e-11
1.76 6.91492e-11
1.77 6.91492e-11
1.78 6.91492e-11
1.79 6.91492e-11
1.8 6.91492e-11
1.81 6.91492e-11
1.82 6.91492e-11
1.83 6.91492e-11
1.84 6.91492e-11
1.85 6.91492e-11
1.86 6.91492e-11
1.87 6.91492e-11
1.88 6.91492e-11
1.89 6.91492e-11
1.9 6.91492e-11
1.91 6.91492e-11
1.92 6.91492e-11
1.93 6.91492e-11
1.94 6.91492e-11
1.95 6.91492e-11
1.96 6.91492e-11
1.97 6.91492e-11
1.98 6.91492e-11
1.99 6.91492e-11
2 6.91492e-11
