0.01 -0.0307061
0.02 -0.0307061
0.03 -0.0307061
0.04 -0.0307061
0.05 -0.0307061
0.06 -0.0307061
0.07 -0.0307061
0.08 -0.0307061
0.09 -0.0307061
0.1 -0.0307061
0.11 -0.0307061
0.12 -0.0307061
0.13 -0.0307061
0.14 -0.0307061
0.15 -0.0307061
0.16 -0.0307061
0.17 -0.0307061
0.18 -0.0307061
0.19 -0.0307061
0.2 -0.0307061
0.21 -0.0307061
0.22 -0.0307061
0.23 -0.0307061
0.24 -0.0307061
0.25 -0.0307061
0.26 -0.0307061
0.27 -0.0307061
0.28 -0.0307061
0.29 -0.0307061
0.3 -0.0307061
0.31 -0.0307061
0.32 -0.0307061
0.33 -0.0307061
0.34 -0.0307061
0.35 -0.0307061
0.36 -0.0307061
0.37 -0.0307061
0.38 -0.0307061
0.39 -0.0307061
0.4 -0.0307061
0.41 -0.0307061
0.42 -0.0307061
0.43 -0.0307061
0.44 -0.0307061
0.45 -0.0307061
0.46 -0.0307061
0.47 -0.0307061
0.48 -0.0307061
0.49 -0.0307061
0.5 -0.0307061
0.51 -0.0307061
0.52 -0.0307061
0.53 -0.0307061
0.54 -0.0307061
0.55 -0.0307061
0.56 -0.0307061
0.57 -0.0307061
0.58 -0.0307061
0.59 -0.0307061
0.6 -0.0307061
0.61 -0.0307061
0.62 -0.0307061
0.63 -0.0307061
0.64 -0.0307061
0.65 -0.0307061
0.66 -0.0307061
0.67 -0.0307061
0.68 -0.0307061
0.69 -0.0307061
0.7 -0.0307061
0.71 -0.0307061
0.72 -0.0307061
0.73 -0.0307061
0.74 -0.0307061
0.75 -0.0307061
0.76 -0.0307061
0.77 -0.0307061
0.78 -0.0307061
0.79 -0.0307061
0.8 -0.0307061
0.81 -0.0307061
0.82 -0.0307061
0.83 -0.0307061
0.84 -0.0307061
0.85 -0.0307061
0.86 -0.0307061
0.87 -0.0307061
0.88 -0.0307061
0.89 -0.0307061
0.9 -0.0307061
0.91 -0.0307061
0.92 -0.0307061
0.93 -0.0307061
0.94 -0.0307061
0.95 -0.0307061
0.96 -0.0307061
0.97 -0.0307061
0.98 -0.0307061
0.99 -0.0307061
1 -0.0307061
1.01 -9.57551e-11
1.02 -9.57512e-11
1.03 -9.57446e-11
1.04 -9.5742e-11
1.05 -9.57405e-11
1.06 -9.57397e-11
1.07 -9.57392e-11
1.08 -9.57389e-11
1.09 -9.57387e-11
1.1 -9.57386e-11
1.11 -9.57386e-11
1.12 -9.57385e-11
1.13 -9.57385e-11
1.14 -9.57385e-11
1.15 -9.57385e-11
1.16 -9.57385e-11
1.17 -9.57385e-11
1.18 -9.57385e-11
1.19 -9.57385e-11
1.2 -9.57385e-11
1.21 -9.57385e-11
1.22 -9.57385e-11
1.23 -9.57385e-11
1.24 -9.57385e-11
1.25 -9.57385e-11
1.26 -9.57385e-11
1.27 -9.57385e-11
1.28 -9.57385e-11
1.29 -9.57385e-11
1.3 -9.57385e-11
1.31 -9.57385e-11
1.32 -9.57385e-11
1.33 -9.57385e-11
1.34 -9.57385e-11
1.35 -9.57385e-11
1.36 -9.57385e-11
1.37 -9.57385e-11
1.38 -9.57385e-11
1.39 -9.57385e-11
1.4 -9.57385e-11
1.41 -9.57385e-11
1.42 -9.57385e-11
1.43 -9.57385e-11
1.44 -9.57385e-11
1.45 -9.57385e-11
1.46 -9.57385e-11
1.47 -9.57385e-11
1.48 -9.57385e-11
1.49 -9.57385e-11
1.5 -9.57385e-11
1.51 -9.57385e-11
1.52 -9.57385e-11
1.53 -9.57385e-11
1.54 -9.57385e-11
1.55 -9.57385e-11
1.56 -9.57385e-11
1.57 -9.57385e-11
1.58 -9.57385e-11
1.59 -9.57385e-11
1.6 -9.57385e-11
1.61 -9.57385e-11
1.62 -9.57385e-11
1.63 -9.57385e-11
1.64 -9.57385e-11
1.65 -9.57385e-11
1.66 -9.57385e-11
1.67 -9.57385e-11
1.68 -9.57385e-11
1.69 -9.57385e-11
1.7 -9.57385e-11
1.71 -9.57385e-11
1.72 -9.57385e-11
1.73 -9.57385e-11
1.74 -9.57385e-11
1.75 -9.57385e-11
1.76 -9.57385e-11
1.77 -9.57385e-11
1.78 -9.57385e-11
1.79 -9.57385e-11
1.8 -9.57385e-11
1.81 -9.57385e-11
1.82 -9.57385e-11
1.83 -9.57385e-11
1.84 -9.57385e-11
1.85 -9.57385e-11
1.86 -9.57385e-11
1.87 -9.57385e-11
1.88 -9.57385e-11
1.89 -9.57385e-11
1.9 -9.57385e-11
1.91 -9.57385e-11
1.92 -9.57385e-11
1.93 -9.57385e-11
1.94 -9.57385e-11
1.95 -9.57385e-11
1.96 -9.57385e-11
1.97 -9.57385e-11
1.98 -9.57385e-11
1.99 -9.57385e-11
2 -9.57385e-11
2.01 -9.57385e-11
2.02 -9.57385e-11
2.03 -9.57385e-11
2.04 -9.57385e-11
2.05 -9.57385e-11
2.06 -9.57385e-11
2.07 -9.57385e-11
2.08 -9.57385e-11
2.09 -9.57385e-11
2.1 -9.57385e-11
2.11 -9.57385e-11
2.12 -9.57385e-11
2.13 -9.57385e-11
2.14 -9.57385e-11
2.15 -9.57385e-11
2.16 -9.57385e-11
2.17 -9.57385e-11
2.18 -9.57385e-11
2.19 -9.57385e-11
2.2 -9.57385e-11
2.21 -9.57385e-11
2.22 -9.57385e-11
2.23 -9.57385e-11
2.24 -9.57385e-11
2.25 -9.57385e-11
2.26 -9.57385e-11
2.27 -9.57385e-11
2.28 -9.57385e-11
2.29 -9.57385e-11
2.3 -9.57385e-11
2.31 -9.57385e-11
2.32 -9.57385e-11
2.33 -9.57385e-11
2.34 -9.57385e-11
2.35 -9.57385e-11
2.36 -9.57385e-11
2.37 -9.57385e-11
2.38 -9.57385e-11
2.39 -9.57385e-11
2.4 -9.57385e-11
2.41 -9.57385e-11
2.42 -9.57385e-11
2.43 -9.57385e-11
2.44 -9.57385e-11
2.45 -9.57385e-11
2.46 -9.57385e-11
2.47 -9.57385e-11
2.48 -9.57385e-11
2.49 -9.57385e-11
2.5 -9.57385e-11
2.51 -9.57385e-11
2.52 -9.57385e-11
2.53 -9.57385e-11
2.54 -9.57385e-11
2.55 -9.57385e-11
2.56 -9.57385e-11
2.57 -9.57385e-11
2.58 -9.57385e-11
2.59 -9.57385e-11
2.6 -9.57385e-11
2.61 -9.57385e-11
2.62 -9.57385e-11
2.63 -9.57385e-11
2.64 -9.57385e-11
2.65 -9.57385e-11
2.66 -9.57385e-11
2.67 -9.57385e-11
2.68 -9.57385e-11
2.69 -9.57385e-11
2.7 -9.57385e-11
2.71 -9.57385e-11
2.72 -9.57385e-11
2.73 -9.57385e-11
2.74 -9.57385e-11
2.75 -9.57385e-11
2.76 -9.57385e-11
2.77 -9.57385e-11
2.78 -9.57385e-11
2.79 -9.57385e-11
2.8 -9.57385e-11
2.81 -9.57385e-11
2.82 -9.57385e-11
2.83 -9.57385e-11
2.84 -9.57385e-11
2.85 -9.57385e-11
2.86 -9.57385e-11
2.87 -9.57385e-11
2.88 -9.57385e-11
2.89 -9.57385e-11
2.9 -9.57385e-11
2.91 -9.57385e-11
2.92 -9.57385e-11
2.93 -9.57385e-11
2.94 -9.57385e-11
2.95 -9.57385e-11
2.96 -9.57385e-11
2.97 -9.57385e-11
2.98 -9.57385e-11
2.99 -9.57385e-11
3 -9.57385e-11
3.01 -9.57385e-11
3.02 -9.57385e-11
3.03 -9.57385e-11
3.04 -9.57385e-11
3.05 -9.57385e-11
3.06 -9.57385e-11
3.07 -9.57385e-11
3.08 -9.57385e-11
3.09 -9.57385e-11
3.1 -9.57385e-11
3.11 -9.57385e-11
3.12 -9.57385e-11
3.13 -9.57385e-11
3.14 -9.57385e-11
3.15 -9.57385e-11
3.16 -9.57385e-11
3.17 -9.57385e-11
3.18 -9.57385e-11
3.19 -9.57385e-11
3.2 -9.57385e-11
3.21 -9.57385e-11
3.22 -9.57385e-11
3.23 -9.57385e-11
3.24 -9.57385e-11
3.25 -9.57385e-11
3.26 -9.57385e-11
3.27 -9.57385e-11
3.28 -9.57385e-11
3.29 -9.57385e-11
3.3 -9.57385e-11
3.31 -9.57385e-11
3.32 -9.57385e-11
3.33 -9.57385e-11
3.34 -9.57385e-11
3.35 -9.57385e-11
3.36 -9.57385e-11
3.37 -9.57385e-11
3.38 -9.57385e-11
3.39 -9.57385e-11
3.4 -9.57385e-11
3.41 -9.57385e-11
3.42 -9.57385e-11
3.43 -9.57385e-11
3.44 -9.57385e-11
3.45 -9.57385e-11
3.46 -9.57385e-11
3.47 -9.57385e-11
3.48 -9.57385e-11
3.49 -9.57385e-11
3.5 -9.57385e-11
3.51 -9.57385e-11
3.52 -9.57385e-11
3.53 -9.57385e-11
3.54 -9.57385e-11
3.55 -9.57385e-11
3.56 -9.57385e-11
3.57 -9.57385e-11
3.58 -9.57385e-11
3.59 -9.57385e-11
3.6 -9.57385e-11
3.61 -9.57385e-11
3.62 -9.57385e-11
3.63 -9.57385e-11
3.64 -9.57385e-11
3.65 -9.57385e-11
3.66 -9.57385e-11
3.67 -9.57385e-11
3.68 -9.57385e-11
3.69 -9.57385e-11
3.7 -9.57385e-11
3.71 -9.57385e-11
3.72 -9.57385e-11
3.73 -9.57385e-11
3.74 -9.57385e-11
3.75 -9.57385e-11
3.76 -9.57385e-11
3.77 -9.57385e-11
3.78 -9.57385e-11
3.79 -9.57385e-11
3.8 -9.57385e-11
3.81 -9.57385e-11
3.82 -9.57385e-11
3.83 -9.57385e-11
3.84 -9.57385e-11
3.85 -9.57385e-11
3.86 -9.57385e-11
3.87 -9.57385e-11
3.88 -9.57385e-11
3.89 -9.57385e-11
3.9 -9.57385e-11
3.91 -9.57385e-11
3.92 -9.57385e-11
3.93 -9.57385e-11
3.94 -9.57385e-11
3.95 -9.57385e-11
3.96 -9.57385e-11
3.97 -9.57385e-11
3.98 -9.57385e-11
3.99 -9.57385e-11
4 -9.57385e-11
4.01 -9.57385e-11
4.02 -9.57385e-11
4.03 -9.57385e-11
4.04 -9.57385e-11
4.05 -9.57385e-11
4.06 -9.57385e-11
4.07 -9.57385e-11
4.08 -9.57385e-11
4.09 -9.57385e-11
4.1 -9.57385e-11
4.11 -9.57385e-11
4.12 -9.57385e-11
4.13 -9.57385e-11
4.14 -9.57385e-11
4.15 -9.57385e-11
4.16 -9.57385e-11
4.17 -9.57385e-11
4.18 -9.57385e-11
4.19 -9.57385e-11
4.2 -9.57385e-11
4.21 -9.57385e-11
4.22 -9.57385e-11
4.23 -9.57385e-11
4.24 -9.57385e-11
4.25 -9.57385e-11
4.26 -9.57385e-11
4.27 -9.57385e-11
4.28 -9.57385e-11
4.29 -9.57385e-11
4.3 -9.57385e-11
4.31 -9.57385e-11
4.32 -9.57385e-11
4.33 -9.57385e-11
4.34 -9.57385e-11
4.35 -9.57385e-11
4.36 -9.57385e-11
4.37 -9.57385e-11
4.38 -9.57385e-11
4.39 -9.57385e-11
4.4 -9.57385e-11
4.41 -9.57385e-11
4.42 -9.57385e-11
4.43 -9.57385e-11
4.44 -9.57385e-11
4.45 -9.57385e-11
4.46 -9.57385e-11
4.47 -9.57385e-11
4.48 -9.57385e-11
4.49 -9.57385e-11
4.5 -9.57385e-11
4.51 -9.57385e-11
4.52 -9.57385e-11
4.53 -9.57385e-11
4.54 -9.57385e-11
4.55 -9.57385e-11
4.56 -9.57385e-11
4.57 -9.57385e-11
4.58 -9.57385e-11
4.59 -9.57385e-11
4.6 -9.57385e-11
4.61 -9.57385e-11
4.62 -9.57385e-11
4.63 -9.57385e-11
4.64 -9.57385e-11
4.65 -9.57385e-11
4.66 -9.57385e-11
4.67 -9.57385e-11
4.68 -9.57385e-11
4.69 -9.57385e-11
4.7 -9.57385e-11
4.71 -9.57385e-11
4.72 -9.57385e-11
4.73 -9.57385e-11
4.74 -9.57385e-11
4.75 -9.57385e-11
4.76 -9.57385e-11
4.77 -9.57385e-11
4.78 -9.57385e-11
4.79 -9.57385e-11
4.8 -9.57385e-11
4.81 -9.57385e-11
4.82 -9.57385e-11
4.83 -9.57385e-11
4.84 -9.57385e-11
4.85 -9.57385e-11
4.86 -9.57385e-11
4.87 -9.57385e-11
4.88 -9.57385e-11
4.89 -9.57385e-11
4.9 -9.57385e-11
4.91 -9.57385e-11
4.92 -9.57385e-11
4.93 -9.57385e-11
4.94 -9.57385e-11
4.95 -9.57385e-11
4.96 -9.57385e-11
4.97 -9.57385e-11
4.98 -9.57385e-11
4.99 -9.57385e-11
5 -9.57385e-11
5.01 -9.57385e-11
5.02 -9.57385e-11
5.03 -9.57385e-11
5.04 -9.57385e-11
5.05 -9.57385e-11
5.06 -9.57385e-11
5.07 -9.57385e-11
5.08 -9.57385e-11
5.09 -9.57385e-11
5.1 -9.57385e-11
5.11 -9.57385e-11
5.12 -9.57385e-11
5.13 -9.57385e-11
5.14 -9.57385e-11
5.15 -9.57385e-11
5.16 -9.57385e-11
5.17 -9.57385e-11
5.18 -9.57385e-11
5.19 -9.57385e-11
5.2 -9.57385e-11
5.21 -9.57385e-11
5.22 -9.57385e-11
5.23 -9.57385e-11
5.24 -9.57385e-11
5.25 -9.57385e-11
5.26 -9.57385e-11
5.27 -9.57385e-11
5.28 -9.57385e-11
5.29 -9.57385e-11
5.3 -9.57385e-11
5.31 -9.57385e-11
5.32 -9.57385e-11
5.33 -9.57385e-11
5.34 -9.57385e-11
5.35 -9.57385e-11
5.36 -9.57385e-11
5.37 -9.57385e-11
5.38 -9.57385e-11
5.39 -9.57385e-11
5.4 -9.57385e-11
5.41 -9.57385e-11
5.42 -9.57385e-11
5.43 -9.57385e-11
5.44 -9.57385e-11
5.45 -9.57385e-11
5.46 -9.57385e-11
5.47 -9.57385e-11
5.48 -9.57385e-11
5.49 -9.57385e-11
5.5 -9.57385e-11
5.51 -9.57385e-11
5.52 -9.57385e-11
5.53 -9.57385e-11
5.54 -9.57385e-11
5.55 -9.57385e-11
5.56 -9.57385e-11
5.57 -9.57385e-11
5.58 -9.57385e-11
5.59 -9.57385e-11
5.6 -9.57385e-11
5.61 -9.57385e-11
5.62 -9.57385e-11
5.63 -9.57385e-11
5.64 -9.57385e-11
5.65 -9.57385e-11
5.66 -9.57385e-11
5.67 -9.57385e-11
5.68 -9.57385e-11
5.69 -9.57385e-11
5.7 -9.57385e-11
5.71 -9.57385e-11
5.72 -9.57385e-11
5.73 -9.57385e-11
5.74 -9.57385e-11
5.75 -9.57385e-11
5.76 -9.57385e-11
5.77 -9.57385e-11
5.78 -9.57385e-11
5.79 -9.57385e-11
5.8 -9.57385e-11
5.81 -9.57385e-11
5.82 -9.57385e-11
5.83 -9.57385e-11
5.84 -9.57385e-11
5.85 -9.57385e-11
5.86 -9.57385e-11
5.87 -9.57385e-11
5.88 -9.57385e-11
5.89 -9.57385e-11
5.9 -9.57385e-11
5.91 -9.57385e-11
5.92 -9.57385e-11
5.93 -9.57385e-11
5.94 -9.57385e-11
5.95 -9.57385e-11
5.96 -9.57385e-11
5.97 -9.57385e-11
5.98 -9.57385e-11
5.99 -9.57385e-11
6 -9.57385e-11
6.01 -9.57385e-11
6.02 -9.57385e-11
6.03 -9.57385e-11
6.04 -9.57385e-11
6.05 -9.57385e-11
6.06 -9.57385e-11
6.07 -9.57385e-11
6.08 -9.57385e-11
6.09 -9.57385e-11
6.1 -9.57385e-11
6.11 -9.57385e-11
6.12 -9.57385e-11
6.13 -9.57385e-11
6.14 -9.57385e-11
6.15 -9.57385e-11
6.16 -9.57385e-11
6.17 -9.57385e-11
6.18 -9.57385e-11
6.19 -9.57385e-11
6.2 -9.57385e-11
6.21 -9.57385e-11
6.22 -9.57385e-11
6.23 -9.57385e-11
6.24 -9.57385e-11
6.25 -9.57385e-11
6.26 -9.57385e-11
6.27 -9.57385e-11
6.28 -9.57385e-11
6.29 -9.57385e-11
6.3 -9.57385e-11
6.31 -9.57385e-11
6.32 -9.57385e-11
6.33 -9.57385e-11
6.34 -9.57385e-11
6.35 -9.57385e-11
6.36 -9.57385e-11
6.37 -9.57385e-11
6.38 -9.57385e-11
6.39 -9.57385e-11
6.4 -9.57385e-11
6.41 -9.57385e-11
6.42 -9.57385e-11
6.43 -9.57385e-11
6.44 -9.57385e-11
6.45 -9.57385e-11
6.46 -9.57385e-11
6.47 -9.57385e-11
6.48 -9.57385e-11
6.49 -9.57385e-11
6.5 -9.57385e-11
6.51 -9.57385e-11
6.52 -9.57385e-11
6.53 -9.57385e-11
6.54 -9.57385e-11
6.55 -9.57385e-11
6.56 -9.57385e-11
6.57 -9.57385e-11
6.58 -9.57385e-11
6.59 -9.57385e-11
6.6 -9.57385e-11
6.61 -9.57385e-11
6.62 -9.57385e-11
6.63 -9.57385e-11
6.64 -9.57385e-11
6.65 -9.57385e-11
6.66 -9.57385e-11
6.67 -9.57385e-11
6.68 -9.57385e-11
6.69 -9.57385e-11
6.7 -9.57385e-11
6.71 -9.57385e-11
6.72 -9.57385e-11
6.73 -9.57385e-11
6.74 -9.57385e-11
6.75 -9.57385e-11
6.76 -9.57385e-11
6.77 -9.57385e-11
6.78 -9.57385e-11
6.79 -9.57385e-11
6.8 -9.57385e-11
6.81 -9.57385e-11
6.82 -9.57385e-11
6.83 -9.57385e-11
6.84 -9.57385e-11
6.85 -9.57385e-11
6.86 -9.57385e-11
6.87 -9.57385e-11
6.88 -9.57385e-11
6.89 -9.57385e-11
6.9 -9.57385e-11
6.91 -9.57385e-11
6.92 -9.57385e-11
6.93 -9.57385e-11
6.94 -9.57385e-11
6.95 -9.57385e-11
6.96 -9.57385e-11
6.97 -9.57385e-11
6.98 -9.57385e-11
6.99 -9.57385e-11
7 -9.57385e-11
7.01 -9.57385e-11
7.02 -9.57385e-11
7.03 -9.57385e-11
7.04 -9.57385e-11
7.05 -9.57385e-11
7.06 -9.57385e-11
7.07 -9.57385e-11
7.08 -9.57385e-11
7.09 -9.57385e-11
7.1 -9.57385e-11
7.11 -9.57385e-11
7.12 -9.57385e-11
7.13 -9.57385e-11
7.14 -9.57385e-11
7.15 -9.57385e-11
7.16 -9.57385e-11
7.17 -9.57385e-11
7.18 -9.57385e-11
7.19 -9.57385e-11
7.2 -9.57385e-11
7.21 -9.57385e-11
7.22 -9.57385e-11
7.23 -9.57385e-11
7.24 -9.57385e-11
7.25 -9.57385e-11
7.26 -9.57385e-11
7.27 -9.57385e-11
7.28 -9.57385e-11
7.29 -9.57385e-11
7.3 -9.57385e-11
7.31 -9.57385e-11
7.32 -9.57385e-11
7.33 -9.57385e-11
7.34 -9.57385e-11
7.35 -9.57385e-11
7.36 -9.57385e-11
7.37 -9.57385e-11
7.38 -9.57385e-11
7.39 -9.57385e-11
7.4 -9.57385e-11
7.41 -9.57385e-11
7.42 -9.57385e-11
7.43 -9.57385e-11
7.44 -9.57385e-11
7.45 -9.57385e-11
7.46 -9.57385e-11
7.47 -9.57385e-11
7.48 -9.57385e-11
7.49 -9.57385e-11
7.5 -9.57385e-11
