0.05 0.0119842
0.06 0.0480812
0.07 0.147382
0.0700698 0.148382
0.0701406 0.149382
0.0702092 0.150382
0.0702778 0.151382
0.0703474 0.152382
0.0704178 0.153382
0.0704896 0.154382
0.0705603 0.155382
0.0706305 0.156382
0.0706996 0.157382
0.0707714 0.158382
0.0708451 0.159382
0.070917 0.160382
0.0709866 0.161382
0.0710536 0.162382
0.0711235 0.163382
0.0711903 0.164382
0.0712562 0.165382
0.0713213 0.166382
0.071387 0.167382
0.0714522 0.168382
0.0715167 0.169382
0.0715803 0.170382
0.0716439 0.171382
0.0717061 0.172382
0.0717681 0.173382
0.0718284 0.174382
0.0718891 0.175382
0.0719501 0.176382
0.0720116 0.177382
0.0720711 0.178382
0.0721291 0.179382
0.0721875 0.180382
0.0722454 0.181382
0.0723024 0.182382
0.0723578 0.183382
0.0724137 0.184382
0.0724699 0.185382
0.0725271 0.186382
0.0725836 0.187382
0.0726401 0.188382
0.0726963 0.189382
0.0727512 0.190382
0.0728054 0.191382
0.0728586 0.192382
0.0729123 0.193382
0.0729656 0.194382
0.0730188 0.195382
0.0730712 0.196382
0.0731235 0.197382
0.0731776 0.198382
0.0732324 0.199382
0.0732862 0.200382
0.0733399 0.201382
0.0733929 0.202382
0.0734448 0.203382
0.0734957 0.204382
0.0735455 0.205382
0.0735963 0.206382
