1.01 6.91923e-11
1.02 6.9115e-11
1.03 6.91313e-11
1.04 6.91382e-11
1.05 6.91427e-11
1.06 6.91455e-11
1.07 6.9147e-11
1.08 6.9148e-11
1.09 6.91485e-11
1.1 6.91488e-11
1.11 6.9149e-11
1.12 6.91491e-11
1.13 6.91491e-11
1.14 6.91491e-11
1.15 6.91492e-11
1.16 6.91492e-11
1.17 6.91492e-11
1.18 6.91492e-11
1.19 6.91492e-11
1.2 6.91492e-11
1.21 6.91492e-11
1.22 6.91492e-11
1.23 6.91492e-11
1.24 6.91492e-11
1.25 6.91492e-11
1.26 6.91492e-11
1.27 6.91492e-11
1.28 6.91492e-11
1.29 6.91492e-11
1.3 6.91492e-11
1.31 6.91492e-11
1.32 6.91492e-11
1.33 6.91492e-11
1.34 6.91492e-11
1.35 6.91492e-11
1.36 6.91492e-11
1.37 6.91492e-11
1.38 6.91492e-11
1.39 6.91492e-11
1.4 6.91492e-11
1.41 6.91492e-11
1.42 6.91492e-11
1.43 6.91492e-11
1.44 6.91492e-11
1.45 6.91492e-11
1.46 6.91492e-11
1.47 6.91492e-11
1.48 6.91492e-11
1.49 6.91492e-11
1.5 6.91492e-11
1.51 6.91492e-11
1.52 6.91492e-11
1.53 6.91492e-11
1.54 6.91492e-11
1.55 6.91492e-11
1.56 6.91492e-11
1.57 6.91492e-11
1.58 6.91492e-11
1.59 6.91492e-11
1.6 6.91492e-11
1.61 6.91492e-11
1.62 6.91492e-11
1.63 6.91492e-11
1.64 6.91492e-11
1.65 6.91492e-11
1.66 6.91492e-11
1.67 6.91492e-11
1.68 6.91492e-11
1.69 6.91492e-11
1.7 6.91492e-11
1.71 6.91492e-11
1.72 6.91492e-11
1.73 6.91492e-11
1.74 6.91492e-11
1.75 6.91492e-11
1.76 6.91492e-11
1.77 6.91492e-11
1.78 6.91492e-11
1.79 6.91492e-11
1.8 6.91492e-11
1.81 6.91492e-11
1.82 6.91492e-11
1.83 6.91492e-11
1.84 6.91492e-11
1.85 6.91492e-11
1.86 6.91492e-11
1.87 6.91492e-11
1.88 6.91492e-11
1.89 6.91492e-11
1.9 6.91492e-11
1.91 6.91492e-11
1.92 6.91492e-11
1.93 6.91492e-11
1.94 6.91492e-11
1.95 6.91492e-11
1.96 6.91492e-11
1.97 6.91492e-11
1.98 6.91492e-11
1.99 6.91492e-11
2 6.91492e-11
2.01 6.91492e-11
2.02 6.91492e-11
2.03 6.91492e-11
2.04 6.91492e-11
2.05 6.91492e-11
2.06 6.91492e-11
2.07 6.91492e-11
2.08 6.91492e-11
2.09 6.91492e-11
2.1 6.91492e-11
2.11 6.91492e-11
2.12 6.91492e-11
2.13 6.91492e-11
2.14 6.91492e-11
2.15 6.91492e-11
2.16 6.91492e-11
2.17 6.91492e-11
2.18 6.91492e-11
2.19 6.91492e-11
2.2 6.91492e-11
2.21 6.91492e-11
2.22 6.91492e-11
2.23 6.91492e-11
2.24 6.91492e-11
2.25 6.91492e-11
2.26 6.91492e-11
2.27 6.91492e-11
2.28 6.91492e-11
2.29 6.91492e-11
2.3 6.91492e-11
2.31 6.91492e-11
2.32 6.91492e-11
2.33 6.91492e-11
2.34 6.91492e-11
2.35 6.91492e-11
2.36 6.91492e-11
2.37 6.91492e-11
2.38 6.91492e-11
2.39 6.91492e-11
2.4 6.91492e-11
2.41 6.91492e-11
2.42 6.91492e-11
2.43 6.91492e-11
2.44 6.91492e-11
2.45 6.91492e-11
2.46 6.91492e-11
2.47 6.91492e-11
2.48 6.91492e-11
2.49 6.91492e-11
2.5 6.91492e-11
2.51 6.91492e-11
2.52 6.91492e-11
2.53 6.91492e-11
2.54 6.91492e-11
2.55 6.91492e-11
2.56 6.91492e-11
2.57 6.91492e-11
2.58 6.91492e-11
2.59 6.91492e-11
2.6 6.91492e-11
2.61 6.91492e-11
2.62 6.91492e-11
2.63 6.91492e-11
2.64 6.91492e-11
2.65 6.91492e-11
2.66 6.91492e-11
2.67 6.91492e-11
2.68 6.91492e-11
2.69 6.91492e-11
2.7 6.91492e-11
2.71 6.91492e-11
2.72 6.91492e-11
2.73 6.91492e-11
2.74 6.91492e-11
2.75 6.91492e-11
2.76 6.91492e-11
2.77 6.91492e-11
2.78 6.91492e-11
2.79 6.91492e-11
2.8 6.91492e-11
2.81 6.91492e-11
2.82 6.91492e-11
2.83 6.91492e-11
2.84 6.91492e-11
2.85 6.91492e-11
2.86 6.91492e-11
2.87 6.91492e-11
2.88 6.91492e-11
2.89 6.91492e-11
2.9 6.91492e-11
2.91 6.91492e-11
2.92 6.91492e-11
2.93 6.91492e-11
2.94 6.91492e-11
2.95 6.91492e-11
2.96 6.91492e-11
2.97 6.91492e-11
2.98 6.91492e-11
2.99 6.91492e-11
3 6.91492e-11
3.01 6.91492e-11
3.02 6.91492e-11
3.03 6.91492e-11
3.04 6.91492e-11
3.05 6.91492e-11
3.06 6.91492e-11
3.07 6.91492e-11
3.08 6.91492e-11
3.09 6.91492e-11
3.1 6.91492e-11
3.11 6.91492e-11
3.12 6.91492e-11
3.13 6.91492e-11
3.14 6.91492e-11
3.15 6.91492e-11
3.16 6.91492e-11
3.17 6.91492e-11
3.18 6.91492e-11
3.19 6.91492e-11
3.2 6.91492e-11
3.21 6.91492e-11
3.22 6.91492e-11
3.23 6.91492e-11
3.24 6.91492e-11
3.25 6.91492e-11
3.26 6.91492e-11
3.27 6.91492e-11
3.28 6.91492e-11
3.29 6.91492e-11
3.3 6.91492e-11
3.31 6.91492e-11
3.32 6.91492e-11
3.33 6.91492e-11
3.34 6.91492e-11
3.35 6.91492e-11
3.36 6.91492e-11
3.37 6.91492e-11
3.38 6.91492e-11
3.39 6.91492e-11
3.4 6.91492e-11
3.41 6.91492e-11
3.42 6.91492e-11
3.43 6.91492e-11
3.44 6.91492e-11
3.45 6.91492e-11
3.46 6.91492e-11
3.47 6.91492e-11
3.48 6.91492e-11
3.49 6.91492e-11
3.5 6.91492e-11
3.51 6.91492e-11
3.52 6.91492e-11
3.53 6.91492e-11
3.54 6.91492e-11
3.55 6.91492e-11
3.56 6.91492e-11
3.57 6.91492e-11
3.58 6.91492e-11
3.59 6.91492e-11
3.6 6.91492e-11
3.61 6.91492e-11
3.62 6.91492e-11
3.63 6.91492e-11
3.64 6.91492e-11
3.65 6.91492e-11
3.66 6.91492e-11
3.67 6.91492e-11
3.68 6.91492e-11
3.69 6.91492e-11
3.7 6.91492e-11
3.71 6.91492e-11
3.72 6.91492e-11
3.73 6.91492e-11
3.74 6.91492e-11
3.75 6.91492e-11
3.76 6.91492e-11
3.77 6.91492e-11
3.78 6.91492e-11
3.79 6.91492e-11
3.8 6.91492e-11
3.81 6.91492e-11
3.82 6.91492e-11
3.83 6.91492e-11
3.84 6.91492e-11
3.85 6.91492e-11
3.86 6.91492e-11
3.87 6.91492e-11
3.88 6.91492e-11
3.89 6.91492e-11
3.9 6.91492e-11
3.91 6.91492e-11
3.92 6.91492e-11
3.93 6.91492e-11
3.94 6.91492e-11
3.95 6.91492e-11
3.96 6.91492e-11
3.97 6.91492e-11
3.98 6.91492e-11
3.99 6.91492e-11
4 6.91492e-11
4.01 6.91492e-11
4.02 6.91492e-11
4.03 6.91492e-11
4.04 6.91492e-11
4.05 6.91492e-11
4.06 6.91492e-11
4.07 6.91492e-11
4.08 6.91492e-11
4.09 6.91492e-11
4.1 6.91492e-11
4.11 6.91492e-11
4.12 6.91492e-11
4.13 6.91492e-11
4.14 6.91492e-11
4.15 6.91492e-11
4.16 6.91492e-11
4.17 6.91492e-11
4.18 6.91492e-11
4.19 6.91492e-11
4.2 6.91492e-11
4.21 6.91492e-11
4.22 6.91492e-11
4.23 6.91492e-11
4.24 6.91492e-11
4.25 6.91492e-11
4.26 6.91492e-11
4.27 6.91492e-11
4.28 6.91492e-11
4.29 6.91492e-11
4.3 6.91492e-11
4.31 6.91492e-11
4.32 6.91492e-11
4.33 6.91492e-11
4.34 6.91492e-11
4.35 6.91492e-11
4.36 6.91492e-11
4.37 6.91492e-11
4.38 6.91492e-11
4.39 6.91492e-11
4.4 6.91492e-11
4.41 6.91492e-11
4.42 6.91492e-11
4.43 6.91492e-11
4.44 6.91492e-11
4.45 6.91492e-11
4.46 6.91492e-11
4.47 6.91492e-11
4.48 6.91492e-11
4.49 6.91492e-11
4.5 6.91492e-11
4.51 6.91492e-11
4.52 6.91492e-11
4.53 6.91492e-11
4.54 6.91492e-11
4.55 6.91492e-11
4.56 6.91492e-11
4.57 6.91492e-11
4.58 6.91492e-11
4.59 6.91492e-11
4.6 6.91492e-11
4.61 6.91492e-11
4.62 6.91492e-11
4.63 6.91492e-11
4.64 6.91492e-11
4.65 6.91492e-11
4.66 6.91492e-11
4.67 6.91492e-11
4.68 6.91492e-11
4.69 6.91492e-11
4.7 6.91492e-11
4.71 6.91492e-11
4.72 6.91492e-11
4.73 6.91492e-11
4.74 6.91492e-11
4.75 6.91492e-11
4.76 6.91492e-11
4.77 6.91492e-11
4.78 6.91492e-11
4.79 6.91492e-11
4.8 6.91492e-11
4.81 6.91492e-11
4.82 6.91492e-11
4.83 6.91492e-11
4.84 6.91492e-11
4.85 6.91492e-11
4.86 6.91492e-11
4.87 6.91492e-11
4.88 6.91492e-11
4.89 6.91492e-11
4.9 6.91492e-11
4.91 6.91492e-11
4.92 6.91492e-11
4.93 6.91492e-11
4.94 6.91492e-11
4.95 6.91492e-11
4.96 6.91492e-11
4.97 6.91492e-11
4.98 6.91492e-11
4.99 6.91492e-11
5 6.91492e-11
5.01 6.91492e-11
5.02 6.91492e-11
5.03 6.91492e-11
5.04 6.91492e-11
5.05 6.91492e-11
5.06 6.91492e-11
5.07 6.91492e-11
5.08 6.91492e-11
5.09 6.91492e-11
5.1 6.91492e-11
5.11 6.91492e-11
5.12 6.91492e-11
5.13 6.91492e-11
5.14 6.91492e-11
5.15 6.91492e-11
5.16 6.91492e-11
5.17 6.91492e-11
5.18 6.91492e-11
5.19 6.91492e-11
5.2 6.91492e-11
5.21 6.91492e-11
5.22 6.91492e-11
5.23 6.91492e-11
5.24 6.91492e-11
5.25 6.91492e-11
5.26 6.91492e-11
5.27 6.91492e-11
5.28 6.91492e-11
5.29 6.91492e-11
5.3 6.91492e-11
5.31 6.91492e-11
5.32 6.91492e-11
5.33 6.91492e-11
5.34 6.91492e-11
5.35 6.91492e-11
5.36 6.91492e-11
5.37 6.91492e-11
5.38 6.91492e-11
5.39 6.91492e-11
5.4 6.91492e-11
5.41 6.91492e-11
5.42 6.91492e-11
5.43 6.91492e-11
5.44 6.91492e-11
5.45 6.91492e-11
5.46 6.91492e-11
5.47 6.91492e-11
5.48 6.91492e-11
5.49 6.91492e-11
5.5 6.91492e-11
5.51 6.91492e-11
5.52 6.91492e-11
5.53 6.91492e-11
5.54 6.91492e-11
5.55 6.91492e-11
5.56 6.91492e-11
5.57 6.91492e-11
5.58 6.91492e-11
5.59 6.91492e-11
5.6 6.91492e-11
5.61 6.91492e-11
5.62 6.91492e-11
5.63 6.91492e-11
5.64 6.91492e-11
5.65 6.91492e-11
5.66 6.91492e-11
5.67 6.91492e-11
5.68 6.91492e-11
5.69 6.91492e-11
5.7 6.91492e-11
5.71 6.91492e-11
5.72 6.91492e-11
5.73 6.91492e-11
5.74 6.91492e-11
5.75 6.91492e-11
5.76 6.91492e-11
5.77 6.91492e-11
5.78 6.91492e-11
5.79 6.91492e-11
5.8 6.91492e-11
5.81 6.91492e-11
5.82 6.91492e-11
5.83 6.91492e-11
5.84 6.91492e-11
5.85 6.91492e-11
5.86 6.91492e-11
5.87 6.91492e-11
5.88 6.91492e-11
5.89 6.91492e-11
5.9 6.91492e-11
5.91 6.91492e-11
5.92 6.91492e-11
5.93 6.91492e-11
5.94 6.91492e-11
5.95 6.91492e-11
5.96 6.91492e-11
5.97 6.91492e-11
5.98 6.91492e-11
5.99 6.91492e-11
6 6.91492e-11
6.01 6.91492e-11
6.02 6.91492e-11
6.03 6.91492e-11
6.04 6.91492e-11
6.05 6.91492e-11
6.06 6.91492e-11
6.07 6.91492e-11
6.08 6.91492e-11
6.09 6.91492e-11
6.1 6.91492e-11
6.11 6.91492e-11
6.12 6.91492e-11
6.13 6.91492e-11
6.14 6.91492e-11
6.15 6.91492e-11
6.16 6.91492e-11
6.17 6.91492e-11
6.18 6.91492e-11
6.19 6.91492e-11
6.2 6.91492e-11
6.21 6.91492e-11
6.22 6.91492e-11
6.23 6.91492e-11
6.24 6.91492e-11
6.25 6.91492e-11
6.26 6.91492e-11
6.27 6.91492e-11
6.28 6.91492e-11
6.29 6.91492e-11
6.3 6.91492e-11
6.31 6.91492e-11
6.32 6.91492e-11
6.33 6.91492e-11
6.34 6.91492e-11
6.35 6.91492e-11
6.36 6.91492e-11
6.37 6.91492e-11
6.38 6.91492e-11
6.39 6.91492e-11
6.4 6.91492e-11
6.41 6.91492e-11
6.42 6.91492e-11
6.43 6.91492e-11
6.44 6.91492e-11
6.45 6.91492e-11
6.46 6.91492e-11
6.47 6.91492e-11
6.48 6.91492e-11
6.49 6.91492e-11
6.5 6.91492e-11
6.51 6.91492e-11
6.52 6.91492e-11
6.53 6.91492e-11
6.54 6.91492e-11
6.55 6.91492e-11
6.56 6.91492e-11
6.57 6.91492e-11
6.58 6.91492e-11
6.59 6.91492e-11
6.6 6.91492e-11
6.61 6.91492e-11
6.62 6.91492e-11
6.63 6.91492e-11
6.64 6.91492e-11
6.65 6.91492e-11
6.66 6.91492e-11
6.67 6.91492e-11
6.68 6.91492e-11
6.69 6.91492e-11
6.7 6.91492e-11
6.71 6.91492e-11
6.72 6.91492e-11
6.73 6.91492e-11
6.74 6.91492e-11
6.75 6.91492e-11
6.76 6.91492e-11
6.77 6.91492e-11
6.78 6.91492e-11
6.79 6.91492e-11
6.8 6.91492e-11
6.81 6.91492e-11
6.82 6.91492e-11
6.83 6.91492e-11
6.84 6.91492e-11
6.85 6.91492e-11
6.86 6.91492e-11
6.87 6.91492e-11
6.88 6.91492e-11
6.89 6.91492e-11
6.9 6.91492e-11
6.91 6.91492e-11
6.92 6.91492e-11
6.93 6.91492e-11
6.94 6.91492e-11
6.95 6.91492e-11
6.96 6.91492e-11
6.97 6.91492e-11
6.98 6.91492e-11
6.99 6.91492e-11
7 6.91492e-11
7.01 6.91492e-11
7.02 6.91492e-11
7.03 6.91492e-11
7.04 6.91492e-11
7.05 6.91492e-11
7.06 6.91492e-11
7.07 6.91492e-11
7.08 6.91492e-11
7.09 6.91492e-11
7.1 6.91492e-11
7.11 6.91492e-11
7.12 6.91492e-11
7.13 6.91492e-11
7.14 6.91492e-11
7.15 6.91492e-11
7.16 6.91492e-11
7.17 6.91492e-11
7.18 6.91492e-11
7.19 6.91492e-11
7.2 6.91492e-11
7.21 6.91492e-11
7.22 6.91492e-11
7.23 6.91492e-11
7.24 6.91492e-11
7.25 6.91492e-11
7.26 6.91492e-11
7.27 6.91492e-11
7.28 6.91492e-11
7.29 6.91492e-11
7.3 6.91492e-11
7.31 6.91492e-11
7.32 6.91492e-11
7.33 6.91492e-11
7.34 6.91492e-11
7.35 6.91492e-11
7.36 6.91492e-11
7.37 6.91492e-11
7.38 6.91492e-11
7.39 6.91492e-11
7.4 6.91492e-11
7.41 6.91492e-11
7.42 6.91492e-11
7.43 6.91492e-11
7.44 6.91492e-11
7.45 6.91492e-11
7.46 6.91492e-11
7.47 6.91492e-11
7.48 6.91492e-11
7.49 6.91492e-11
7.5 6.91492e-11
