1.002 6.91923e-11
1.004 6.9115e-11
1.006 6.91313e-11
1.008 6.91382e-11
1.01 6.91427e-11
1.012 6.91455e-11
1.014 6.9147e-11
1.016 6.9148e-11
1.018 6.91485e-11
1.02 6.91488e-11
1.022 6.9149e-11
1.024 6.91491e-11
1.026 6.91491e-11
1.028 6.91491e-11
1.03 6.91492e-11
1.032 6.91492e-11
1.034 6.91492e-11
1.036 6.91492e-11
1.038 6.91492e-11
1.04 6.91492e-11
1.042 6.91492e-11
1.044 6.91492e-11
1.046 6.91492e-11
1.048 6.91492e-11
1.05 6.91492e-11
1.052 6.91492e-11
1.054 6.91492e-11
1.056 6.91492e-11
1.058 6.91492e-11
1.06 6.91492e-11
1.062 6.91492e-11
1.064 6.91492e-11
1.066 6.91492e-11
1.068 6.91492e-11
1.07 6.91492e-11
1.072 6.91492e-11
1.074 6.91492e-11
1.076 6.91492e-11
1.078 6.91492e-11
1.08 6.91492e-11
1.082 6.91492e-11
1.084 6.91492e-11
1.086 6.91492e-11
1.088 6.91492e-11
1.09 6.91492e-11
1.092 6.91492e-11
1.094 6.91492e-11
1.096 6.91492e-11
1.098 6.91492e-11
1.1 6.91492e-11
1.102 6.91492e-11
1.104 6.91492e-11
1.106 6.91492e-11
1.108 6.91492e-11
1.11 6.91492e-11
1.112 6.91492e-11
1.114 6.91492e-11
1.116 6.91492e-11
1.118 6.91492e-11
1.12 6.91492e-11
1.122 6.91492e-11
1.124 6.91492e-11
1.126 6.91492e-11
1.128 6.91492e-11
1.13 6.91492e-11
1.132 6.91492e-11
1.134 6.91492e-11
1.136 6.91492e-11
1.138 6.91492e-11
1.14 6.91492e-11
1.142 6.91492e-11
1.144 6.91492e-11
1.146 6.91492e-11
1.148 6.91492e-11
1.15 6.91492e-11
1.152 6.91492e-11
1.154 6.91492e-11
1.156 6.91492e-11
1.158 6.91492e-11
1.16 6.91492e-11
1.162 6.91492e-11
1.164 6.91492e-11
1.166 6.91492e-11
1.168 6.91492e-11
1.17 6.91492e-11
1.172 6.91492e-11
1.174 6.91492e-11
1.176 6.91492e-11
1.178 6.91492e-11
1.18 6.91492e-11
1.182 6.91492e-11
1.184 6.91492e-11
1.186 6.91492e-11
1.188 6.91492e-11
1.19 6.91492e-11
1.192 6.91492e-11
1.194 6.91492e-11
1.196 6.91492e-11
1.198 6.91492e-11
1.2 6.91492e-11
1.202 6.91492e-11
1.204 6.91492e-11
1.206 6.91492e-11
1.208 6.91492e-11
1.21 6.91492e-11
1.212 6.91492e-11
1.214 6.91492e-11
1.216 6.91492e-11
1.218 6.91492e-11
1.22 6.91492e-11
1.222 6.91492e-11
1.224 6.91492e-11
1.226 6.91492e-11
1.228 6.91492e-11
1.23 6.91492e-11
1.232 6.91492e-11
1.234 6.91492e-11
1.236 6.91492e-11
1.238 6.91492e-11
1.24 6.91492e-11
1.242 6.91492e-11
1.244 6.91492e-11
1.246 6.91492e-11
1.248 6.91492e-11
1.25 6.91492e-11
1.252 6.91492e-11
1.254 6.91492e-11
1.256 6.91492e-11
1.258 6.91492e-11
1.26 6.91492e-11
1.262 6.91492e-11
1.264 6.91492e-11
1.266 6.91492e-11
1.268 6.91492e-11
1.27 6.91492e-11
1.272 6.91492e-11
1.274 6.91492e-11
1.276 6.91492e-11
1.278 6.91492e-11
1.28 6.91492e-11
1.282 6.91492e-11
1.284 6.91492e-11
1.286 6.91492e-11
1.288 6.91492e-11
1.29 6.91492e-11
1.292 6.91492e-11
1.294 6.91492e-11
1.296 6.91492e-11
1.298 6.91492e-11
1.3 6.91492e-11
1.302 6.91492e-11
1.304 6.91492e-11
1.306 6.91492e-11
1.308 6.91492e-11
1.31 6.91492e-11
1.312 6.91492e-11
1.314 6.91492e-11
1.316 6.91492e-11
1.318 6.91492e-11
1.32 6.91492e-11
1.322 6.91492e-11
1.324 6.91492e-11
1.326 6.91492e-11
1.328 6.91492e-11
1.33 6.91492e-11
1.332 6.91492e-11
1.334 6.91492e-11
1.336 6.91492e-11
1.338 6.91492e-11
1.34 6.91492e-11
1.342 6.91492e-11
1.344 6.91492e-11
1.346 6.91492e-11
1.348 6.91492e-11
1.35 6.91492e-11
1.352 6.91492e-11
1.354 6.91492e-11
1.356 6.91492e-11
1.358 6.91492e-11
1.36 6.91492e-11
1.362 6.91492e-11
1.364 6.91492e-11
1.366 6.91492e-11
1.368 6.91492e-11
1.37 6.91492e-11
1.372 6.91492e-11
1.374 6.91492e-11
1.376 6.91492e-11
1.378 6.91492e-11
1.38 6.91492e-11
1.382 6.91492e-11
1.384 6.91492e-11
1.386 6.91492e-11
1.388 6.91492e-11
1.39 6.91492e-11
1.392 6.91492e-11
1.394 6.91492e-11
1.396 6.91492e-11
1.398 6.91492e-11
1.4 6.91492e-11
1.402 6.91492e-11
1.404 6.91492e-11
1.406 6.91492e-11
1.408 6.91492e-11
1.41 6.91492e-11
1.412 6.91492e-11
1.414 6.91492e-11
1.416 6.91492e-11
1.418 6.91492e-11
1.42 6.91492e-11
1.422 6.91492e-11
1.424 6.91492e-11
1.426 6.91492e-11
1.428 6.91492e-11
1.43 6.91492e-11
1.432 6.91492e-11
1.434 6.91492e-11
