0.01 -0.307061
0.02 -0.614122
0.03 -0.929901
0.04 -1.33705
0.041 -1.38664
0.0411 -1.39171
0.0412 -1.39678
0.0413 -1.40187
0.0414 -1.40698
0.0424 -1.45939
0.0425 -1.46476
0.0426 -1.47014
0.0427 -1.47555
0.0428 -1.48099
0.0438 -1.53639
0.0439 -1.54204
0.044 -1.54772
0.0441 -1.55344
0.0442 -1.55917
0.0452 -1.61772
0.0453 -1.62372
0.0454 -1.62973
0.0455 -1.63577
0.0456 -1.64183
0.0466 -1.70369
0.0467 -1.71
0.0468 -1.71633
0.0469 -1.72268
0.047 -1.72905
0.048 -1.79414
0.0481 -1.80081
0.0482 -1.80751
0.0483 -1.81423
0.0484 -1.82097
0.0494 -1.8896
0.0495 -1.8966
0.0496 -1.90362
0.0497 -1.91067
0.0498 -1.91775
0.0508 -1.99036
0.0509 -1.99776
0.051 -2.00519
0.0511 -2.01265
0.0512 -2.02012
0.0522 -2.09651
0.0523 -2.10433
0.0524 -2.11217
0.0525 -2.12005
0.0526 -2.12795
0.0536 -2.20841
0.0537 -2.21662
0.0538 -2.22485
0.0539 -2.23312
0.054 -2.24143
0.0541 -2.24978
0.0542 -2.25816
0.0543 -2.26659
0.0544 -2.27504
0.0545 -2.28352
0.0546 -2.29202
0.0547 -2.30056
0.0548 -2.30913
0.0549 -2.31772
0.055 -2.32634
0.0551 -2.335
0.0552 -2.34369
0.0553 -2.35241
0.0554 -2.36118
0.0555 -2.37
0.0556 -2.37884
0.0557 -2.38773
0.0558 -2.39665
0.0559 -2.40561
0.056 -2.41461
0.0561 -2.42364
0.0562 -2.4327
0.0563 -2.4418
0.0564 -2.45092
0.0565 -2.46008
0.0566 -2.46926
0.0567 -2.47848
0.0568 -2.48772
0.0569 -2.49701
0.057 -2.50635
0.0571 -2.51571
0.0572 -2.52511
0.0573 -2.53455
0.0574 -2.544
0.0575 -2.5535
0.0576 -2.56304
0.0577 -2.5726
0.0578 -2.5822
0.0579 -2.59183
0.058 -2.60149
0.0581 -2.6112
0.0582 -2.62094
0.0583 -2.63071
0.0584 -2.64051
0.0585 -2.65035
0.0586 -2.66023
0.0587 -2.67015
0.0588 -2.6801
0.0589 -2.6901
0.059 -2.70014
0.0591 -2.71022
0.0592 -2.72035
0.0593 -2.73051
0.0594 -2.74071
0.0595 -2.75093
0.0596 -2.76118
0.0597 -2.77147
0.0598 -2.7818
0.0599 -2.79217
0.06 -2.80258
0.0601 -2.81304
0.0602 -2.82357
0.0603 -2.83413
0.0604 -2.84473
0.0605 -2.85536
0.0606 -2.86603
0.0607 -2.87673
0.0608 -2.88746
0.0609 -2.89823
0.061 -2.90904
0.0611 -2.91989
0.0612 -2.93078
0.0613 -2.94169
0.0614 -2.95264
0.0615 -2.96364
0.0616 -2.97469
0.0617 -2.9858
0.0618 -2.99694
0.0619 -3.00813
0.062 -3.01935
0.0621 -3.03061
0.0622 -3.04192
0.0623 -3.05326
0.0624 -3.06465
0.0625 -3.07608
0.0626 -3.08755
0.0627 -3.09907
0.0628 -3.11064
0.0629 -3.12226
0.063 -3.13392
0.0631 -3.14564
0.0632 -3.15739
0.0633 -3.16917
0.0634 -3.18099
0.0635 -3.19286
0.0636 -3.2048
0.0637 -3.21678
0.0638 -3.22881
0.0639 -3.2409
0.064 -3.25304
0.0641 -3.26523
0.0642 -3.27745
0.0643 -3.28972
0.0644 -3.30203
0.0645 -3.31438
0.0646 -3.32677
0.0647 -3.3392
0.0648 -3.35167
0.0649 -3.36419
0.065 -3.37677
0.0651 -3.3894
0.0652 -3.40207
0.0653 -3.4148
0.0654 -3.42759
0.0655 -3.44043
0.0656 -3.4533
0.0657 -3.46622
0.0658 -3.47919
