1 -0.0291889
1 -0.0308161
0.0696708 -0.0289737
-0.154685 -0.0296668
-0.379038 -0.0303599
-0.603368 -0.031053
-0.826219 -0.0317438
-1.04367 -0.032392
-1.24365 -0.032843
-1.42969 -0.033229
-1.60188 -0.0335017
-1.76284 -0.0336881
-1.91098 -0.0337486
-2.04489 -0.0336925
-2.16592 -0.033518
-2.27697 -0.0332458
-2.37893 -0.0328344
-2.473 -0.0323107
-2.55987 -0.0317272
-2.64109 -0.0310965
-2.71724 -0.0303678
-2.78785 -0.0295218
-2.85368 -0.0285811
-2.91519 -0.0275207
-2.97282 -0.0263649
-3.02678 -0.0251078
-3.0773 -0.0237616
-3.12489 -0.0223237
-3.16971 -0.0207877
-3.21212 -0.0191617
-3.25247 -0.0174758
-3.29101 -0.015741
-3.32782 -0.0139623
-3.36286 -0.0121221
-3.39645 -0.0102639
-3.42864 -0.00836686
-3.45932 -0.00641964
-3.48867 -0.00442358
-3.51688 -0.00238915
-3.54372 -0.0002937
-3.56963 0.00182366
-3.59446 0.00399525
-3.61832 0.00621404
-3.64138 0.00846141
-3.66349 0.010775
-3.68492 0.0131199
-3.70566 0.0154648
-3.72569 0.0178275
-3.74503 0.0202161
-3.76372 0.0226433
-3.7818 0.0251029
-3.79934 0.0276046
-3.81631 0.0301409
-3.83283 0.0326871
-3.84856 0.0353522
-3.864 0.0379746
-3.87877 0.040726
-3.89328 0.0434244
-3.90713 0.0462473
-3.92075 0.0489756
-3.93366 0.0518374
-3.94639 0.0546263
-3.95847 0.0575575
-3.97035 0.0604732
-3.98185 0.0634191
-3.99298 0.0664109
-4.00378 0.0694378
-4.0141 0.0724184
-4.02437 0.07559
-4.03407 0.0786331
-4.04371 0.0818669
-4.05291 0.0850281
-4.06167 0.0883494
-4.07019 0.091676
-4.07849 0.0949645
-4.08634 0.0984294
-4.09396 0.101885
-4.10125 0.105396
-4.1082 0.108968
-4.11498 0.112485
-4.12135 0.116162
-4.12753 0.119819
-4.1334 0.123541
-4.13917 0.12719
-4.14425 0.131074
-4.14921 0.13494
-4.15383 0.138854
-4.15815 0.1428
-4.16223 0.146756
-4.16579 0.150834
-4.16911 0.154906
-4.17206 0.159057
-4.17463 0.163292
-4.17699 0.167524
-4.17884 0.171846
-4.18046 0.176163
-4.1816 0.18058
-4.18227 0.185051
-4.18228 0.189602
-4.18184 0.194209
-4.18129 0.198838
-4.17909 0.203602
-4.17658 0.208426
-4.17323 0.213355
-4.16876 0.218382
-4.16383 0.223463
-4.15826 0.228603
-4.15115 0.233848
-4.14388 0.23912
-4.1361 0.244432
-4.12663 0.249858
-4.1183 0.255235
-4.10888 0.260684
-4.09766 0.266252
-4.08634 0.27186
-4.07518 0.277478
-4.0632 0.283166
-4.05089 0.288892
-4.03833 0.294633
-4.0251 0.300472
-4.01209 0.306293
-3.99956 0.312089
-3.98411 0.318121
-3.97043 0.324043
-3.95605 0.330033
-3.94097 0.33609
-3.92646 0.342122
-3.91218 0.348158
-3.89609 0.35434
-3.88105 0.360468
-3.86596 0.366624
-3.85121 0.372782
-3.83644 0.378947
-3.82099 0.385189
-3.80723 0.391312
-3.79096 0.397656
-3.7771 0.403839
-3.76271 0.410076
-3.74924 0.41626
-3.73585 0.422463
-3.72108 0.428791
-3.7079 0.435022
-3.69231 0.441458
-3.67668 0.447936
-3.66473 0.454111
-3.65145 0.460391
-3.64184 0.466483
-3.62233 0.473295
-3.60961 0.479592
-3.59762 0.485856
-3.58253 0.492433
-3.57012 0.49877
-3.55815 0.505087
-3.54415 0.511636
-3.53242 0.517962
-3.51855 0.524538
-3.50561 0.53103
-3.4932 0.537475
-3.48373 0.54373
-3.46891 0.550356
-3.45668 0.556836
-3.44466 0.563315
-3.43347 0.569713
-3.42034 0.576362
-3.40859 0.582862
-3.39667 0.589397
-3.38603 0.595784
-3.3743 0.602334
-3.36346 0.608786
-3.35186 0.615352
-3.34068 0.621882
-3.33014 0.628332
-3.31968 0.634805
-3.30877 0.641333
-3.29803 0.647869
-3.2886 0.654242
-3.27795 0.660777
-3.26752 0.667309
-3.25711 0.673864
-3.24756 0.680277
-3.23753 0.686803
-3.22829 0.693203
-3.2186 0.699693
-3.20949 0.706117
-3.19982 0.712621
-3.19055 0.719095
-3.18214 0.725415
-3.1732 0.731872
-3.16464 0.738267
-3.15571 0.744726
-3.14691 0.751203
-3.13853 0.757608
-3.13043 0.76398
-3.12206 0.770368
-3.11366 0.776852
-3.10591 0.783199
-3.09803 0.789592
-3.09008 0.795995
-3.08214 0.802418
-3.07465 0.808781
-3.06718 0.815147
-3.05946 0.821577
-3.05208 0.827957
-3.04482 0.834326
-3.03758 0.840702
-3.03048 0.847075
-3.0233 0.853471
-3.0173 0.859731
-3.01013 0.86607
-3.0033 0.872443
-2.9966 0.878798
-2.98976 0.885194
-2.98409 0.891446
-2.97741 0.89777
-2.97149 0.904057
-2.96422 0.91055
-2.95884 0.916783
-2.95239 0.92311
-2.94635 0.929455
-2.94059 0.935732
-2.93453 0.942097
-2.92883 0.94837
-2.92337 0.954619
-2.91758 0.960948
-2.91206 0.967235
-2.90709 0.973442
-2.90128 0.979774
-2.89615 0.986005
-2.8908 0.99229
-2.88624 0.998476
-2.88055 1.0048
-2.87618 1.01097
-2.87428 1.01685
-2.8662 1.02348
-2.86143 1.0297
-2.85696 1.0359
-2.85237 1.04211
-2.84793 1.04831
-2.8433 1.05455
-2.8393 1.06071
-2.83748 1.06659
-2.83048 1.07308
-2.82613 1.07931
-2.82169 1.08557
-2.81759 1.09175
-2.81391 1.09789
-2.80964 1.10407
-2.80592 1.11022
-2.80175 1.11641
-2.79822 1.12255
-2.79389 1.12877
-2.7903 1.13491
-2.78632 1.14111
-2.78253 1.14729
-2.77938 1.15341
-2.77579 1.1595
-2.77194 1.16566
-2.76813 1.17186
-2.7647 1.17801
-2.76163 1.18411
-2.75771 1.19031
-2.75473 1.19641
-2.75133 1.20249
-2.74794 1.20864
-2.74463 1.21479
-2.74151 1.22088
-2.73874 1.22697
-2.73524 1.2331
-2.73212 1.23922
-2.72909 1.24532
-2.72611 1.25141
-2.72311 1.25751
-2.72011 1.26362
-2.71714 1.26973
-2.71426 1.27581
-2.71139 1.28191
-2.70851 1.288
-2.70565 1.2941
-2.70286 1.30019
-2.7001 1.30627
-2.69738 1.31235
-2.69466 1.31843
-2.69195 1.32451
-2.68957 1.33058
-2.68668 1.33664
-2.68435 1.34271
-2.6816 1.34876
-2.67892 1.35487
-2.67631 1.36096
-2.67385 1.36701
-2.67166 1.37306
-2.66898 1.37912
-2.66659 1.38517
-2.66419 1.39123
-2.66182 1.39728
-2.6595 1.40332
-2.65718 1.40937
-2.65513 1.4154
-2.65262 1.42145
-2.65055 1.42748
-2.64811 1.43352
-2.64613 1.43955
-2.64368 1.4456
-2.64152 1.45165
-2.63958 1.45767
-2.63719 1.46371
-2.63511 1.46975
-2.63298 1.47578
-2.63091 1.48181
-2.62887 1.48783
-2.62702 1.49384
-2.62482 1.49985
-2.62287 1.50588
-2.62085 1.51191
-2.61894 1.51792
-2.61702 1.52393
-2.6151 1.52995
-2.61339 1.53595
-2.61135 1.54195
-2.6097 1.54796
-2.60768 1.55397
-2.60591 1.55997
-2.60428 1.56597
-2.60234 1.57196
-2.60074 1.57796
-2.59878 1.58395
-2.59722 1.58995
-2.59535 1.59594
-2.59366 1.60194
-2.592 1.60792
-2.59047 1.61391
-2.58861 1.61989
-2.58712 1.62588
-2.58531 1.63186
-2.58384 1.63785
-2.58206 1.64383
-2.58051 1.64983
-2.57886 1.65583
-2.57731 1.6618
-2.57589 1.66778
-2.57443 1.67374
-2.57269 1.67972
-2.57116 1.68569
-2.56977 1.69167
-2.56837 1.69764
-2.56665 1.70361
-2.56516 1.70958
-2.56382 1.71555
-2.56246 1.72151
-2.5608 1.72749
-2.55948 1.73345
-2.55813 1.7394
-2.55653 1.74534
-2.55525 1.75131
-2.55371 1.75729
-2.55245 1.76325
-2.55117 1.76921
-2.54962 1.77517
-2.54838 1.78112
-2.54713 1.78708
-2.54561 1.79302
-2.54439 1.79898
-2.54316 1.80493
-2.54166 1.81089
-2.54047 1.81684
-2.53926 1.82279
-2.53779 1.82871
-2.53663 1.83467
-2.53544 1.84061
-2.534 1.84661
-2.53281 1.85254
-2.53151 1.85846
-2.53028 1.86442
-2.52917 1.87037
-2.52803 1.87631
-2.52688 1.88224
-2.52572 1.88816
-2.52456 1.89409
-2.5234 1.90001
-2.52195 1.90594
-2.52088 1.9119
-2.51961 1.91785
-2.51856 1.9238
-2.51749 1.92972
-2.51621 1.93566
-2.51519 1.9416
-2.51397 1.94751
-2.51296 1.95346
-2.51177 1.95938
-2.51078 1.96532
-2.50961 1.97124
-2.50863 1.97719
-2.50758 1.9831
-2.50642 1.98902
-2.50546 1.99496
-2.50443 2.00088
-2.50345 2.00681
-2.50226 2.01272
-2.50133 2.01866
-2.50038 2.02459
-2.49942 2.0305
-2.49824 2.03641
-2.49733 2.04235
-2.49624 2.04826
-2.49535 2.05419
-2.49444 2.06012
-2.49353 2.06603
-2.4924 2.07196
-2.49152 2.07788
-2.49062 2.0838
-2.48957 2.08969
-2.48871 2.09562
-2.48771 2.10153
-2.48686 2.10745
-2.486 2.11337
-2.48508 2.11926
-2.48422 2.12518
-2.48317 2.13112
-2.48235 2.13704
-2.48152 2.14295
-2.48054 2.14882
-2.47974 2.15475
-2.47878 2.16065
-2.47799 2.16657
-2.47718 2.17248
-2.47633 2.17837
-2.47552 2.18428
-2.47466 2.19017
-2.47385 2.19608
-2.47304 2.20198
-2.47222 2.20788
-2.4714 2.21378
-2.47059 2.21968
-2.46979 2.22559
-2.46899 2.23148
-2.46818 2.23738
-2.46738 2.24329
-2.46659 2.24919
-2.4656 2.25511
-2.46487 2.26103
-2.46412 2.26693
-2.46321 2.27285
-2.46238 2.27876
-2.46167 2.28468
-2.46084 2.29057
-2.46014 2.29648
-2.45932 2.30237
-2.45862 2.30828
-2.45788 2.31418
-2.45717 2.32008
-2.45642 2.32597
-2.4557 2.33187
-2.45484 2.33778
-2.45417 2.34369
-2.45337 2.34957
-2.45271 2.35548
-2.45203 2.36138
-2.45122 2.36725
-2.45056 2.37316
-2.44988 2.37906
-2.44908 2.38494
-2.44844 2.39085
-2.44768 2.39673
-2.44705 2.40264
-2.4464 2.40854
-2.44562 2.41441
-2.44499 2.42032
-2.44425 2.42619
-2.44363 2.4321
-2.4429 2.43798
-2.44229 2.44389
-2.44157 2.44976
-2.44097 2.45567
-2.44036 2.46156
-2.4397 2.46744
-2.43909 2.47333
-2.43834 2.47921
-2.43776 2.48511
-2.43707 2.49098
-2.43649 2.49688
-2.4359 2.50278
-2.4352 2.50866
-2.43463 2.51455
-2.43405 2.52044
-2.43336 2.52629
-2.43281 2.53219
-2.43224 2.53809
-2.43158 2.54395
-2.43103 2.54984
-2.43048 2.55573
-2.42981 2.56161
-2.42927 2.5675
-2.42865 2.57337
-2.42812 2.57926
-2.42749 2.58513
-2.42697 2.59102
-2.42643 2.59691
-2.42579 2.60278
-2.42528 2.60868
-2.42466 2.61454
-2.42416 2.62043
-2.42364 2.62632
-2.42303 2.63217
-2.42253 2.63806
-2.42202 2.64394
-2.4215 2.64982
-2.42089 2.65567
-2.4204 2.66157
-2.41983 2.66745
-2.41935 2.67334
-2.41886 2.67923
-2.4183 2.68509
-2.41783 2.69098
-2.41735 2.69686
-2.41678 2.70273
-2.41632 2.70862
-2.41584 2.7145
-2.41529 2.72036
-2.41483 2.72625
-2.41437 2.73213
-2.41383 2.73798
-2.41339 2.74387
-2.41294 2.74975
-2.41241 2.75561
-2.41197 2.76149
-2.41153 2.76737
-2.41101 2.77323
-2.41058 2.77912
-2.4101 2.78497
-2.40967 2.79086
-2.40924 2.79674
-2.40871 2.80258
-2.4083 2.80847
-2.40788 2.81435
-2.40738 2.8202
-2.40697 2.82609
-2.40656 2.83197
-2.40607 2.83781
-2.40566 2.8437
-2.4052 2.84957
-2.4048 2.85545
-2.40439 2.86133
-2.40393 2.86717
-2.40354 2.87306
-2.40308 2.87892
-2.40269 2.8848
-2.40225 2.89065
-2.40186 2.89653
-2.40147 2.90241
-2.40101 2.90826
-2.40064 2.91414
-2.40025 2.92002
-2.39986 2.92589
-2.3994 2.93173
-2.39902 2.93761
-2.39865 2.94349
-2.39827 2.94937
-2.39783 2.95521
-2.39747 2.96109
-2.3971 2.96697
-2.39666 2.97282
-2.39631 2.9787
-2.39594 2.98458
-2.39551 2.99043
-2.39516 2.99631
-2.39475 3.00216
-2.39441 3.00805
-2.39405 3.01392
-2.3937 3.01979
-2.39334 3.02565
-2.39298 3.03152
-2.39262 3.03738
-2.39227 3.04324
-2.39191 3.0491
-2.39155 3.05496
-2.3912 3.06082
-2.39074 3.06665
-2.39037 3.07255
-2.39004 3.07843
-2.38971 3.08431
-2.38937 3.09018
-2.38904 3.09604
-2.3887 3.1019
-2.38829 3.10773
-2.38798 3.11361
-2.38765 3.11948
-2.38733 3.12535
-2.387 3.13121
-2.38667 3.13707
-2.38635 3.14293
-2.38602 3.14879
-2.38569 3.15465
-2.38528 3.16048
-2.38498 3.16636
-2.38462 3.17223
-2.38432 3.1781
-2.38402 3.18397
-2.38372 3.18984
-2.38341 3.1957
-2.38311 3.20156
-2.3828 3.20742
-2.38242 3.21324
-2.38214 3.21912
-2.38184 3.22499
-2.38155 3.23085
-2.38125 3.23671
-2.38096 3.24257
-2.38059 3.2484
-2.38031 3.25427
-2.38003 3.26014
-2.37974 3.266
-2.37945 3.27187
-2.37916 3.27772
-2.37887 3.28358
-2.37858 3.28944
-2.37829 3.29529
-2.37793 3.30112
-2.37766 3.307
-2.37739 3.31286
-2.37712 3.31872
-2.37684 3.32458
-2.37656 3.33044
-2.37629 3.3363
-2.37601 3.34215
-2.37573 3.34801
-2.37545 3.35386
-2.3751 3.35969
-2.37485 3.36556
-2.37457 3.37141
-2.37431 3.37729
-2.37406 3.38315
-2.37373 3.38899
-2.37349 3.39486
-2.37323 3.40071
-2.37298 3.40658
-2.37273 3.41244
-2.37248 3.4183
-2.37223 3.42416
-2.37198 3.43001
-2.37173 3.43587
-2.37147 3.44172
-2.37122 3.44757
-2.37091 3.4534
-2.37068 3.45927
-2.3704 3.46512
-2.37017 3.47099
-2.36994 3.47685
-2.3697 3.48271
-2.36946 3.48857
-2.36923 3.49442
-2.36899 3.50027
-2.36875 3.50613
-2.36851 3.51198
-2.36827 3.51783
-2.36804 3.52368
-2.3678 3.52953
-2.3675 3.53536
-2.36729 3.54123
-2.36706 3.54709
-2.36684 3.55295
-2.36656 3.55878
-2.36636 3.56465
-2.36614 3.57051
-2.3659 3.57633
-2.36569 3.58221
-2.36547 3.58806
-2.36525 3.59392
-2.36503 3.59977
-2.36482 3.60563
-2.36457 3.61145
-2.36436 3.61732
-2.36415 3.62318
-2.36394 3.62903
-2.36372 3.63488
-2.36351 3.64073
-2.36329 3.64658
-2.36308 3.65243
-2.36287 3.65828
-2.36266 3.66413
-2.36245 3.66998
-2.36224 3.67583
-2.36204 3.68168
-2.36183 3.68753
-2.36163 3.69337
-2.36143 3.69922
-2.36123 3.70507
-2.36101 3.7109
-2.36082 3.71676
-2.36063 3.72262
-2.3604 3.72845
-2.36022 3.73432
-2.36004 3.74018
-2.35985 3.74602
-2.35966 3.75187
-2.35947 3.75772
-2.35928 3.76357
-2.35907 3.76939
-2.35889 3.77526
-2.35871 3.7811
-2.35851 3.78693
-2.35833 3.7928
-2.35816 3.79865
-2.35797 3.80449
-2.35776 3.81033
-2.35757 3.81617
-2.3574 3.82204
-2.35723 3.82789
-2.35706 3.83375
-2.35689 3.8396
-2.35668 3.8454
-2.35651 3.85127
-2.35634 3.85711
-2.35617 3.86296
-2.35597 3.86879
-2.35581 3.87466
-2.35565 3.88052
-2.35549 3.88637
-2.35532 3.89221
-2.35512 3.89802
-2.35496 3.90387
-2.35479 3.90973
-2.35461 3.91556
-2.35445 3.92143
-2.35429 3.92727
-2.35413 3.93312
-2.35394 3.93895
-2.35379 3.94482
-2.35362 3.95065
-2.35347 3.95651
-2.35331 3.96236
-2.35315 3.96821
-2.35297 3.97403
-2.35282 3.97989
-2.35266 3.98574
-2.35251 3.99158
-2.35233 3.99741
-2.35218 4.00327
-2.35203 4.00911
-2.35185 4.01495
-2.35171 4.02081
-2.35156 4.02665
-2.35139 4.03248
-2.35125 4.03834
-2.3511 4.04419
-2.35095 4.05003
-2.3508 4.05588
-2.35063 4.0617
-2.35049 4.06756
-2.35033 4.07339
-2.35019 4.07925
-2.35003 4.08508
-2.34989 4.09094
-2.34973 4.09677
-2.3496 4.10263
-2.34944 4.10846
-2.3493 4.11431
-2.34916 4.12016
-2.349 4.12598
-2.34887 4.13184
-2.34871 4.13766
-2.34858 4.14353
-2.34844 4.14937
-2.3483 4.15521
-2.34817 4.16106
-2.34803 4.1669
-2.34789 4.17274
-2.34775 4.17858
-2.34761 4.18443
-2.34746 4.19024
-2.34733 4.1961
-2.34719 4.20194
-2.34706 4.20779
-2.34692 4.21363
-2.34679 4.21947
-2.34664 4.22529
-2.34651 4.23115
-2.34636 4.23697
-2.34624 4.24283
-2.34611 4.24867
-2.34599 4.25452
-2.34586 4.26036
-2.34571 4.26618
-2.34559 4.27204
-2.34547 4.27788
-2.34532 4.2837
-2.3452 4.28956
-2.34508 4.2954
-2.34496 4.30124
-2.34483 4.30708
-2.34469 4.3129
-2.34457 4.31876
-2.34445 4.3246
-2.34433 4.33044
-2.34419 4.33626
-2.34407 4.34212
-2.34395 4.34795
-2.34383 4.3538
-2.34371 4.35963
-2.34359 4.36548
-2.34345 4.37129
-2.34334 4.37715
-2.34322 4.38299
