1.11 -7.85832e-05
1.12 -7.85832e-05
1.13 -7.85832e-05
1.14 -7.85832e-05
1.15 -7.85832e-05
1.16 -7.85832e-05
1.17 -7.85832e-05
1.18 -7.85832e-05
1.19 -7.85832e-05
1.2 -7.85832e-05
1.21 -7.85832e-05
1.22 -7.85832e-05
1.23 -7.85832e-05
1.24 -7.85832e-05
1.25 -7.85832e-05
1.26 -7.85832e-05
1.27 -7.85832e-05
1.28 -7.85832e-05
1.29 -7.85832e-05
1.3 -7.85832e-05
1.31 -7.85832e-05
1.32 -7.85832e-05
1.33 -7.85832e-05
1.34 -7.85832e-05
1.35 -7.85832e-05
1.36 -7.85832e-05
1.37 -7.85832e-05
1.38 -7.85832e-05
1.39 -7.85832e-05
1.4 -7.85832e-05
1.41 -7.85832e-05
1.42 -7.85832e-05
1.43 -7.85832e-05
1.44 -7.85832e-05
1.45 -7.85832e-05
1.46 -7.85832e-05
1.47 -7.85832e-05
1.48 -7.85832e-05
1.49 -7.85832e-05
1.5 -7.85832e-05
1.51 -7.85832e-05
1.52 -7.85832e-05
1.53 -7.85832e-05
1.54 -7.85832e-05
1.55 -7.85832e-05
1.56 -7.85832e-05
1.57 -7.85832e-05
1.58 -7.85832e-05
1.59 -7.85832e-05
1.6 -7.85832e-05
1.61 -7.85832e-05
1.62 -7.85832e-05
1.63 -7.85832e-05
1.64 -7.85832e-05
1.65 -7.85832e-05
1.66 -7.85832e-05
1.67 -7.85832e-05
1.68 -7.85832e-05
1.69 -7.85832e-05
1.7 -7.85832e-05
1.71 -7.85832e-05
1.72 -7.85832e-05
1.73 -7.85832e-05
1.74 -7.85832e-05
1.75 -7.85832e-05
1.76 -7.85832e-05
1.77 -7.85832e-05
1.78 -7.85832e-05
1.79 -7.85832e-05
1.8 -7.85832e-05
1.81 -7.85832e-05
1.82 -7.85832e-05
1.83 -7.85832e-05
1.84 -7.85832e-05
1.85 -7.85832e-05
1.86 -7.85832e-05
1.87 -7.85832e-05
1.88 -7.85832e-05
1.89 -7.85832e-05
1.9 -7.85832e-05
1.91 -7.85832e-05
1.92 -7.85832e-05
1.93 -7.85832e-05
1.94 -7.85832e-05
1.95 -7.85832e-05
1.96 -7.85832e-05
1.97 -7.85832e-05
1.98 -7.85832e-05
1.99 -7.85832e-05
2 -7.85832e-05
2.01 -7.85832e-05
2.02 -7.85832e-05
2.03 -7.85832e-05
2.04 -7.85832e-05
2.05 -7.85832e-05
2.06 -7.85832e-05
2.07 -7.85832e-05
2.08 -7.85832e-05
2.09 -7.85832e-05
2.1 -7.85832e-05
