1.1001 0.640337
1.1002 0.640406
1.1003 0.640475
1.1004 0.640544
1.1005 0.640613
1.1006 0.640682
1.1007 0.640751
1.1008 0.640821
1.1009 0.64089
1.101 0.640959
1.1011 0.641028
1.1012 0.641097
1.1013 0.641166
1.1014 0.641235
1.1015 0.641304
1.1016 0.641373
1.1017 0.641442
1.1018 0.641511
1.1019 0.64158
1.102 0.641649
1.1021 0.641718
1.1022 0.641787
1.1023 0.641856
1.1024 0.641925
1.1025 0.641994
1.1026 0.642063
1.1027 0.642132
1.1028 0.642201
1.1029 0.64227
1.103 0.642339
1.1031 0.642408
1.1032 0.642477
1.1033 0.642546
1.1034 0.642615
1.1035 0.642684
1.1036 0.642753
1.1037 0.642822
1.1038 0.642891
1.1039 0.64296
1.104 0.643029
1.1041 0.643098
1.1042 0.643167
1.1043 0.643236
1.1044 0.643305
1.1045 0.643374
1.1046 0.643443
1.1047 0.643512
1.1048 0.643581
1.1049 0.64365
1.105 0.643719
1.1051 0.643788
1.1052 0.643857
1.1053 0.643926
1.1054 0.643996
1.1055 0.644065
1.1056 0.644134
1.1057 0.644203
1.1058 0.644272
1.1059 0.644341
1.106 0.64441
1.1061 0.644479
1.1062 0.644548
1.1063 0.644617
1.1064 0.644686
1.1065 0.644755
1.1066 0.644824
1.1067 0.644893
1.1068 0.644962
1.1069 0.645031
1.107 0.6451
1.1071 0.645169
1.1072 0.645239
1.1073 0.645308
1.1074 0.645377
1.1075 0.645446
1.1076 0.645515
1.1077 0.645584
1.1078 0.645653
1.1079 0.645723
1.108 0.645792
1.1081 0.645861
1.1082 0.64593
1.1083 0.645999
1.1084 0.646068
1.1085 0.646137
1.1086 0.646207
1.1087 0.646276
1.1088 0.646345
1.1089 0.646414
1.109 0.646483
1.1091 0.646552
1.1092 0.646621
1.1093 0.646691
1.1094 0.64676
1.1095 0.646829
1.1096 0.646898
1.1097 0.646967
1.1098 0.647036
1.1099 0.647105
1.11 0.647175
1.1101 0.647244
