0.01 -0.307061
0.02 -0.614122
0.03 -0.929901
0.04 -1.33705
0.05 -1.93202
0.06 -2.80258
0.0601649 -2.81986
0.0603271 -2.83701
0.0604847 -2.85373
0.0606329 -2.86955
0.0607701 -2.88424
0.0609064 -2.89891
0.0610463 -2.91405
0.0611875 -2.92942
0.0613226 -2.94416
0.0614559 -2.95878
0.061594 -2.97402
0.0617435 -2.99065
0.0618937 -3.00742
0.0620354 -3.02334
0.0621665 -3.03813
0.0622953 -3.05272
0.0624221 -3.06717
0.0625494 -3.08174
0.0626702 -3.09563
0.0627912 -3.10962
0.0629168 -3.12422
0.0630406 -3.13867
0.0631638 -3.15313
0.0632825 -3.1671
0.0633993 -3.1809
0.0635119 -3.19429
0.0636279 -3.20813
0.063744 -3.22207
0.0638599 -3.23604
0.0639871 -3.25147
0.0641159 -3.26717
0.0642394 -3.28228
0.0643545 -3.29642
0.0644642 -3.30995
0.0645695 -3.32298
0.0646731 -3.33585
0.064775 -3.34855
0.0648753 -3.36109
0.0649789 -3.37411
0.0650851 -3.38751
0.0651861 -3.40031
0.0652844 -3.41281
0.0653829 -3.4254
0.0654785 -3.43767
0.0655699 -3.44942
0.0656586 -3.46087
0.0657475 -3.47237
0.0658371 -3.48401
0.0659293 -3.49604
0.0660206 -3.50798
0.0661099 -3.51972
0.0661993 -3.5315
0.0662897 -3.54344
0.0663784 -3.55519
0.0664665 -3.56691
0.0665578 -3.57912
0.0666475 -3.59114
0.0667366 -3.60313
0.0668263 -3.61525
0.0669159 -3.62738
0.0670075 -3.63984
0.0670982 -3.65222
0.0671898 -3.66476
0.06728 -3.67717
0.0673702 -3.68961
0.0674539 -3.70122
0.0675359 -3.71261
0.0676199 -3.72433
0.0677041 -3.73612
0.0677885 -3.74799
0.0678705 -3.75953
0.0679506 -3.77085
0.0680313 -3.7823
0.0681098 -3.79347
0.0681861 -3.80436
0.0682627 -3.81532
0.0683367 -3.82593
0.0684108 -3.83658
0.0684876 -3.84768
0.0685662 -3.85907
0.068644 -3.87036
0.0687218 -3.8817
0.0687962 -3.89256
0.0688703 -3.90341
0.0689462 -3.91458
0.0690216 -3.9257
0.0690956 -3.93665
0.0691693 -3.9476
0.0692422 -3.95846
0.0693179 -3.96979
0.0693952 -3.98141
0.0694721 -3.993
0.0695468 -4.00429
0.0696207 -4.0155
0.0696933 -4.02653
0.0697651 -4.03748
0.0698367 -4.04843
0.0699072 -4.05925
0.069979 -4.0703
0.0700485 -4.08103
0.0701194 -4.092
0.070189 -4.10279
0.0702573 -4.11342
0.0703265 -4.12422
0.0703965 -4.13518
0.0704682 -4.14645
0.0705389 -4.1576
0.0706096 -4.16878
0.0706789 -4.17976
0.0707495 -4.19099
0.0708229 -4.2027
0.0708957 -4.21438
0.0709662 -4.22571
0.0710332 -4.2365
0.0711028 -4.24775
0.0711704 -4.25872
0.0712365 -4.26946
0.0713017 -4.28009
0.0713672 -4.29081
0.0714326 -4.30153
0.0714976 -4.31221
0.071561 -4.32266
0.0716248 -4.3332
0.0716875 -4.34358
0.0717495 -4.35387
0.0718105 -4.36401
0.0718708 -4.37406
0.0719317 -4.38425
0.0719931 -4.39456
0.0720535 -4.40471
0.0721118 -4.41454
0.0721698 -4.42435
0.0722281 -4.43421
0.0722855 -4.44397
0.0723412 -4.45346
0.0723969 -4.46298
0.0724528 -4.47255
0.0725099 -4.48235
0.0725667 -4.49212
0.072623 -4.50183
0.0726797 -4.51162
0.0727348 -4.52116
0.0727891 -4.53059
0.0728425 -4.53989
0.0728964 -4.54928
0.0729495 -4.55858
0.0730029 -4.56796
0.0730555 -4.57721
0.0731077 -4.58641
0.073161 -4.59582
0.0732159 -4.60554
0.0732701 -4.61515
0.0733237 -4.62469
0.0733772 -4.63423
0.0734292 -4.64352
0.0734805 -4.65271
0.0735305 -4.66169
0.0735809 -4.67075
0.0736323 -4.68001
0.0736834 -4.68925
0.0737339 -4.69839
0.0737835 -4.70739
