0.01 -7.85832e-05
0.02 -7.85832e-05
0.03 -7.85832e-05
0.04 -7.85832e-05
0.05 -7.85832e-05
0.06 -7.85832e-05
0.07 -7.85832e-05
0.08 -7.85832e-05
0.09 -7.85832e-05
0.1 -7.85832e-05
0.11 -7.85832e-05
0.12 -7.85832e-05
0.13 -7.85832e-05
0.14 -7.85832e-05
0.15 -7.85832e-05
0.16 -7.85832e-05
0.17 -7.85832e-05
0.18 -7.85832e-05
0.19 -7.85832e-05
0.2 -7.85832e-05
0.21 -7.85832e-05
0.22 -7.85832e-05
0.23 -7.85832e-05
0.24 -7.85832e-05
0.25 -7.85832e-05
0.26 -7.85832e-05
0.27 -7.85832e-05
0.28 -7.85832e-05
0.29 -7.85832e-05
0.3 -7.85832e-05
0.31 -7.85832e-05
0.32 -7.85832e-05
0.33 -7.85832e-05
0.34 -7.85832e-05
0.35 -7.85832e-05
0.36 -7.85832e-05
0.37 -7.85832e-05
0.38 -7.85832e-05
0.39 -7.85832e-05
0.4 -7.85832e-05
0.41 -7.85832e-05
0.42 -7.85832e-05
0.43 -7.85832e-05
0.44 -7.85832e-05
0.45 -7.85832e-05
0.46 -7.85832e-05
0.47 -7.85832e-05
0.48 -7.85832e-05
0.49 -7.85832e-05
0.5 -7.85832e-05
0.51 -7.85832e-05
0.52 -7.85832e-05
0.53 -7.85832e-05
0.54 -7.85832e-05
0.55 -7.85832e-05
0.56 -7.85832e-05
0.57 -7.85832e-05
0.58 -7.85832e-05
0.59 -7.85832e-05
0.6 -7.85832e-05
0.61 -7.85832e-05
0.62 -7.85832e-05
0.63 -7.85832e-05
0.64 -7.85832e-05
0.65 -7.85832e-05
0.66 -7.85832e-05
0.67 -7.85832e-05
0.68 -7.85832e-05
0.69 -7.85832e-05
0.7 -7.85832e-05
0.71 -7.85832e-05
0.72 -7.85832e-05
0.73 -7.85832e-05
0.74 -7.85832e-05
0.75 -7.85832e-05
0.76 -7.85832e-05
0.77 -7.85832e-05
0.78 -7.85832e-05
0.79 -7.85832e-05
0.8 -7.85832e-05
0.81 -7.85832e-05
0.82 -7.85832e-05
0.83 -7.85832e-05
0.84 -7.85832e-05
0.85 -7.85832e-05
0.86 -7.85832e-05
0.87 -7.85832e-05
0.88 -7.85832e-05
0.89 -7.85832e-05
0.9 -7.85832e-05
0.91 -7.85832e-05
0.92 -7.85832e-05
0.93 -7.85832e-05
0.94 -7.85832e-05
0.95 -7.85832e-05
0.96 -7.85832e-05
0.97 -7.85832e-05
0.98 -7.85832e-05
0.99 -7.85832e-05
1 -7.85832e-05
