0.005 -0.00015353
0.01 -0.000307061
0.015 -0.000460591
0.02 -0.000614122
0.025 -0.000767652
0.03 -0.000921182
0.035 -0.00107471
0.04 -0.00122824
0.045 -0.00138177
0.05 -0.0015353
0.055 -0.00168883
0.06 -0.00184236
0.065 -0.0019959
0.07 -0.00214943
0.075 -0.00230296
0.08 -0.00245649
0.085 -0.00261002
0.09 -0.00276355
0.095 -0.00291708
0.1 -0.00307061
0.105 -0.00322414
0.11 -0.00337767
0.115 -0.0035312
0.12 -0.00368473
0.125 -0.00383826
0.13 -0.00399179
0.135 -0.00414532
0.14 -0.00429885
0.145 -0.00445238
0.15 -0.00460591
0.155 -0.00475944
0.16 -0.00491297
0.165 -0.0050665
0.17 -0.00522003
0.175 -0.00537356
0.18 -0.00552709
0.185 -0.00568062
0.19 -0.00583415
0.195 -0.00598769
0.2 -0.00614122
0.205 -0.00629475
0.21 -0.00644828
0.215 -0.00660181
0.22 -0.00675534
0.225 -0.00690887
0.23 -0.0070624
0.235 -0.00721593
0.24 -0.00736946
0.245 -0.00752299
0.25 -0.00767652
0.255 -0.00783005
0.26 -0.00798358
0.265 -0.00813711
0.27 -0.00829064
0.275 -0.00844417
0.28 -0.0085977
0.285 -0.00875123
0.29 -0.00890476
0.295 -0.00905829
0.3 -0.00921182
0.305 -0.00936535
0.31 -0.00951888
0.315 -0.00967241
0.32 -0.00982594
0.325 -0.00997948
0.33 -0.010133
0.335 -0.0102865
0.34 -0.0104401
0.345 -0.0105936
0.35 -0.0107471
0.355 -0.0109007
0.36 -0.0110542
0.365 -0.0112077
0.37 -0.0113612
0.375 -0.0115148
0.38 -0.0116683
0.385 -0.0118218
0.39 -0.0119754
0.395 -0.0121289
0.4 -0.0122824
0.405 -0.012436
0.41 -0.0125895
0.415 -0.012743
0.42 -0.0128966
0.425 -0.0130501
0.43 -0.0132036
0.435 -0.0133571
0.44 -0.0135107
0.445 -0.0136642
0.45 -0.0138177
0.455 -0.0139713
0.46 -0.0141248
0.465 -0.0142783
0.47 -0.0144319
0.475 -0.0145854
0.48 -0.0147389
0.485 -0.0148924
0.49 -0.015046
0.495 -0.0151995
0.5 -0.015353
0.505 -0.0155066
0.51 -0.0156601
0.515 -0.0158136
0.52 -0.0159672
0.525 -0.0161207
0.53 -0.0162742
0.535 -0.0164278
0.54 -0.0165813
0.545 -0.0167348
0.55 -0.0168883
0.555 -0.0170419
0.56 -0.0171954
0.565 -0.0173489
0.57 -0.0175025
0.575 -0.017656
0.58 -0.0178095
0.585 -0.0179631
0.59 -0.0181166
0.595 -0.0182701
0.6 -0.0184236
0.605 -0.0185772
0.61 -0.0187307
0.615 -0.0188842
0.62 -0.0190378
0.625 -0.0191913
0.63 -0.0193448
0.635 -0.0194984
0.64 -0.0196519
0.645 -0.0198054
0.65 -0.019959
0.655 -0.0201125
0.66 -0.020266
0.665 -0.0204195
0.67 -0.0205731
0.675 -0.0207266
0.68 -0.0208801
0.685 -0.0210337
0.69 -0.0211872
0.695 -0.0213407
0.7 -0.0214943
0.705 -0.0216478
0.71 -0.0218013
0.715 -0.0219548
0.72 -0.0221084
0.725 -0.0222619
0.73 -0.0224154
0.735 -0.022569
0.74 -0.0227225
0.745 -0.022876
0.75 -0.0230296
0.755 -0.0231831
0.76 -0.0233366
0.765 -0.0234901
0.77 -0.0236437
0.775 -0.0237972
0.78 -0.0239507
0.785 -0.0241043
0.79 -0.0242578
0.795 -0.0244113
0.8 -0.0245649
0.805 -0.0247184
0.81 -0.0248719
0.815 -0.0250255
0.82 -0.025179
0.825 -0.0253325
0.83 -0.025486
0.835 -0.0256396
0.84 -0.0257931
0.845 -0.0259466
0.85 -0.0261002
0.855 -0.0262537
0.86 -0.0264072
0.865 -0.0265608
0.87 -0.0267143
0.875 -0.0268678
0.88 -0.0270213
0.885 -0.0271749
0.89 -0.0273284
0.895 -0.0274819
0.9 -0.0276355
0.905 -0.027789
0.91 -0.0279425
0.915 -0.0280961
0.92 -0.0282496
0.925 -0.0284031
0.93 -0.0285567
0.935 -0.0287102
0.94 -0.0288637
0.945 -0.0290172
0.95 -0.0291708
0.955 -0.0293243
0.96 -0.0294778
0.965 -0.0296314
0.97 -0.0297849
0.975 -0.0299384
0.98 -0.030092
0.985 -0.0302455
0.99 -0.030399
0.995 -0.0305525
1 -0.0307061
