1.002 6.91923e-11
1.004 6.9115e-11
1.006 6.91313e-11
1.008 6.91382e-11
1.01 6.91427e-11
1.012 6.91455e-11
1.014 6.9147e-11
1.016 6.9148e-11
1.018 6.91485e-11
1.02 6.91488e-11
1.022 6.9149e-11
1.024 6.91491e-11
1.026 6.91491e-11
1.028 6.91491e-11
1.03 6.91492e-11
1.032 6.91492e-11
1.034 6.91492e-11
1.036 6.91492e-11
1.038 6.91492e-11
1.04 6.91492e-11
1.042 6.91492e-11
1.044 6.91492e-11
1.046 6.91492e-11
1.048 6.91492e-11
1.05 6.91492e-11
1.052 6.91492e-11
1.054 6.91492e-11
1.056 6.91492e-11
1.058 6.91492e-11
1.06 6.91492e-11
1.062 6.91492e-11
1.064 6.91492e-11
1.066 6.91492e-11
1.068 6.91492e-11
1.07 6.91492e-11
1.072 6.91492e-11
1.074 6.91492e-11
1.076 6.91492e-11
1.078 6.91492e-11
1.08 6.91492e-11
1.082 6.91492e-11
1.084 6.91492e-11
1.086 6.91492e-11
1.088 6.91492e-11
1.09 6.91492e-11
1.092 6.91492e-11
1.094 6.91492e-11
1.096 6.91492e-11
1.098 6.91492e-11
1.1 6.91492e-11
1.102 6.91492e-11
1.104 6.91492e-11
1.106 6.91492e-11
1.108 6.91492e-11
1.11 6.91492e-11
1.112 6.91492e-11
1.114 6.91492e-11
1.116 6.91492e-11
1.118 6.91492e-11
1.12 6.91492e-11
1.122 6.91492e-11
1.124 6.91492e-11
1.126 6.91492e-11
1.128 6.91492e-11
1.13 6.91492e-11
1.132 6.91492e-11
1.134 6.91492e-11
1.136 6.91492e-11
1.138 6.91492e-11
1.14 6.91492e-11
1.142 6.91492e-11
1.144 6.91492e-11
1.146 6.91492e-11
1.148 6.91492e-11
1.15 6.91492e-11
1.152 6.91492e-11
1.154 6.91492e-11
1.156 6.91492e-11
1.158 6.91492e-11
1.16 6.91492e-11
1.162 6.91492e-11
1.164 6.91492e-11
1.166 6.91492e-11
1.168 6.91492e-11
1.17 6.91492e-11
1.172 6.91492e-11
1.174 6.91492e-11
1.176 6.91492e-11
1.178 6.91492e-11
1.18 6.91492e-11
1.182 6.91492e-11
1.184 6.91492e-11
1.186 6.91492e-11
1.188 6.91492e-11
1.19 6.91492e-11
1.192 6.91492e-11
1.194 6.91492e-11
1.196 6.91492e-11
1.198 6.91492e-11
1.2 6.91492e-11
1.202 6.91492e-11
1.204 6.91492e-11
1.206 6.91492e-11
1.208 6.91492e-11
1.21 6.91492e-11
1.212 6.91492e-11
1.214 6.91492e-11
1.216 6.91492e-11
1.218 6.91492e-11
1.22 6.91492e-11
1.222 6.91492e-11
1.224 6.91492e-11
1.226 6.91492e-11
1.228 6.91492e-11
1.23 6.91492e-11
1.232 6.91492e-11
1.234 6.91492e-11
1.236 6.91492e-11
1.238 6.91492e-11
1.24 6.91492e-11
1.242 6.91492e-11
1.244 6.91492e-11
1.246 6.91492e-11
1.248 6.91492e-11
1.25 6.91492e-11
1.252 6.91492e-11
1.254 6.91492e-11
1.256 6.91492e-11
1.258 6.91492e-11
1.26 6.91492e-11
1.262 6.91492e-11
1.264 6.91492e-11
1.266 6.91492e-11
1.268 6.91492e-11
1.27 6.91492e-11
1.272 6.91492e-11
1.274 6.91492e-11
1.276 6.91492e-11
1.278 6.91492e-11
1.28 6.91492e-11
1.282 6.91492e-11
1.284 6.91492e-11
1.286 6.91492e-11
1.288 6.91492e-11
1.29 6.91492e-11
1.292 6.91492e-11
1.294 6.91492e-11
1.296 6.91492e-11
1.298 6.91492e-11
1.3 6.91492e-11
1.302 6.91492e-11
1.304 6.91492e-11
1.306 6.91492e-11
1.308 6.91492e-11
1.31 6.91492e-11
1.312 6.91492e-11
1.314 6.91492e-11
1.316 6.91492e-11
1.318 6.91492e-11
1.32 6.91492e-11
1.322 6.91492e-11
1.324 6.91492e-11
1.326 6.91492e-11
1.328 6.91492e-11
1.33 6.91492e-11
1.332 6.91492e-11
1.334 6.91492e-11
1.336 6.91492e-11
1.338 6.91492e-11
1.34 6.91492e-11
1.342 6.91492e-11
1.344 6.91492e-11
1.346 6.91492e-11
1.348 6.91492e-11
1.35 6.91492e-11
1.352 6.91492e-11
1.354 6.91492e-11
1.356 6.91492e-11
1.358 6.91492e-11
1.36 6.91492e-11
1.362 6.91492e-11
1.364 6.91492e-11
1.366 6.91492e-11
1.368 6.91492e-11
1.37 6.91492e-11
1.372 6.91492e-11
1.374 6.91492e-11
1.376 6.91492e-11
1.378 6.91492e-11
1.38 6.91492e-11
1.382 6.91492e-11
1.384 6.91492e-11
1.386 6.91492e-11
1.388 6.91492e-11
1.39 6.91492e-11
1.392 6.91492e-11
1.394 6.91492e-11
1.396 6.91492e-11
1.398 6.91492e-11
1.4 6.91492e-11
1.402 6.91492e-11
1.404 6.91492e-11
1.406 6.91492e-11
1.408 6.91492e-11
1.41 6.91492e-11
1.412 6.91492e-11
1.414 6.91492e-11
1.416 6.91492e-11
1.418 6.91492e-11
1.42 6.91492e-11
1.422 6.91492e-11
1.424 6.91492e-11
1.426 6.91492e-11
1.428 6.91492e-11
1.43 6.91492e-11
1.432 6.91492e-11
1.434 6.91492e-11
1.436 6.91492e-11
1.438 6.91492e-11
1.44 6.91492e-11
1.442 6.91492e-11
1.444 6.91492e-11
1.446 6.91492e-11
1.448 6.91492e-11
1.45 6.91492e-11
1.452 6.91492e-11
1.454 6.91492e-11
1.456 6.91492e-11
1.458 6.91492e-11
1.46 6.91492e-11
1.462 6.91492e-11
1.464 6.91492e-11
1.466 6.91492e-11
1.468 6.91492e-11
1.47 6.91492e-11
1.472 6.91492e-11
1.474 6.91492e-11
1.476 6.91492e-11
1.478 6.91492e-11
1.48 6.91492e-11
1.482 6.91492e-11
1.484 6.91492e-11
1.486 6.91492e-11
1.488 6.91492e-11
1.49 6.91492e-11
1.492 6.91492e-11
1.494 6.91492e-11
1.496 6.91492e-11
1.498 6.91492e-11
1.5 6.91492e-11
1.502 6.91492e-11
1.504 6.91492e-11
1.506 6.91492e-11
1.508 6.91492e-11
1.51 6.91492e-11
1.512 6.91492e-11
1.514 6.91492e-11
1.516 6.91492e-11
1.518 6.91492e-11
1.52 6.91492e-11
1.522 6.91492e-11
1.524 6.91492e-11
1.526 6.91492e-11
1.528 6.91492e-11
1.53 6.91492e-11
1.532 6.91492e-11
1.534 6.91492e-11
1.536 6.91492e-11
1.538 6.91492e-11
1.54 6.91492e-11
1.542 6.91492e-11
1.544 6.91492e-11
1.546 6.91492e-11
1.548 6.91492e-11
1.55 6.91492e-11
1.552 6.91492e-11
1.554 6.91492e-11
1.556 6.91492e-11
1.558 6.91492e-11
1.56 6.91492e-11
1.562 6.91492e-11
1.564 6.91492e-11
1.566 6.91492e-11
1.568 6.91492e-11
1.57 6.91492e-11
1.572 6.91492e-11
1.574 6.91492e-11
1.576 6.91492e-11
1.578 6.91492e-11
1.58 6.91492e-11
1.582 6.91492e-11
1.584 6.91492e-11
1.586 6.91492e-11
1.588 6.91492e-11
1.59 6.91492e-11
1.592 6.91492e-11
1.594 6.91492e-11
1.596 6.91492e-11
1.598 6.91492e-11
1.6 6.91492e-11
1.602 6.91492e-11
1.604 6.91492e-11
1.606 6.91492e-11
1.608 6.91492e-11
1.61 6.91492e-11
1.612 6.91492e-11
1.614 6.91492e-11
1.616 6.91492e-11
1.618 6.91492e-11
1.62 6.91492e-11
1.622 6.91492e-11
1.624 6.91492e-11
1.626 6.91492e-11
1.628 6.91492e-11
1.63 6.91492e-11
1.632 6.91492e-11
1.634 6.91492e-11
1.636 6.91492e-11
1.638 6.91492e-11
1.64 6.91492e-11
1.642 6.91492e-11
1.644 6.91492e-11
1.646 6.91492e-11
1.648 6.91492e-11
1.65 6.91492e-11
1.652 6.91492e-11
1.654 6.91492e-11
1.656 6.91492e-11
1.658 6.91492e-11
1.66 6.91492e-11
1.662 6.91492e-11
1.664 6.91492e-11
1.666 6.91492e-11
1.668 6.91492e-11
1.67 6.91492e-11
1.672 6.91492e-11
1.674 6.91492e-11
1.676 6.91492e-11
1.678 6.91492e-11
1.68 6.91492e-11
1.682 6.91492e-11
1.684 6.91492e-11
1.686 6.91492e-11
1.688 6.91492e-11
1.69 6.91492e-11
1.692 6.91492e-11
1.694 6.91492e-11
1.696 6.91492e-11
1.698 6.91492e-11
1.7 6.91492e-11
1.702 6.91492e-11
1.704 6.91492e-11
1.706 6.91492e-11
1.708 6.91492e-11
1.71 6.91492e-11
1.712 6.91492e-11
1.714 6.91492e-11
1.716 6.91492e-11
1.718 6.91492e-11
1.72 6.91492e-11
1.722 6.91492e-11
1.724 6.91492e-11
1.726 6.91492e-11
1.728 6.91492e-11
1.73 6.91492e-11
1.732 6.91492e-11
1.734 6.91492e-11
1.736 6.91492e-11
1.738 6.91492e-11
1.74 6.91492e-11
1.742 6.91492e-11
1.744 6.91492e-11
1.746 6.91492e-11
1.748 6.91492e-11
1.75 6.91492e-11
1.752 6.91492e-11
1.754 6.91492e-11
1.756 6.91492e-11
1.758 6.91492e-11
1.76 6.91492e-11
1.762 6.91492e-11
1.764 6.91492e-11
1.766 6.91492e-11
1.768 6.91492e-11
1.77 6.91492e-11
1.772 6.91492e-11
1.774 6.91492e-11
1.776 6.91492e-11
1.778 6.91492e-11
1.78 6.91492e-11
1.782 6.91492e-11
1.784 6.91492e-11
1.786 6.91492e-11
1.788 6.91492e-11
1.79 6.91492e-11
1.792 6.91492e-11
1.794 6.91492e-11
1.796 6.91492e-11
1.798 6.91492e-11
1.8 6.91492e-11
1.802 6.91492e-11
1.804 6.91492e-11
1.806 6.91492e-11
1.808 6.91492e-11
1.81 6.91492e-11
1.812 6.91492e-11
1.814 6.91492e-11
1.816 6.91492e-11
1.818 6.91492e-11
1.82 6.91492e-11
1.822 6.91492e-11
1.824 6.91492e-11
1.826 6.91492e-11
1.828 6.91492e-11
1.83 6.91492e-11
1.832 6.91492e-11
1.834 6.91492e-11
1.836 6.91492e-11
1.838 6.91492e-11
1.84 6.91492e-11
1.842 6.91492e-11
1.844 6.91492e-11
1.846 6.91492e-11
1.848 6.91492e-11
1.85 6.91492e-11
1.852 6.91492e-11
1.854 6.91492e-11
1.856 6.91492e-11
1.858 6.91492e-11
1.86 6.91492e-11
1.862 6.91492e-11
1.864 6.91492e-11
1.866 6.91492e-11
1.868 6.91492e-11
1.87 6.91492e-11
1.872 6.91492e-11
1.874 6.91492e-11
1.876 6.91492e-11
1.878 6.91492e-11
1.88 6.91492e-11
1.882 6.91492e-11
1.884 6.91492e-11
1.886 6.91492e-11
1.888 6.91492e-11
1.89 6.91492e-11
1.892 6.91492e-11
1.894 6.91492e-11
1.896 6.91492e-11
1.898 6.91492e-11
1.9 6.91492e-11
1.902 6.91492e-11
1.904 6.91492e-11
1.906 6.91492e-11
1.908 6.91492e-11
1.91 6.91492e-11
1.912 6.91492e-11
1.914 6.91492e-11
1.916 6.91492e-11
1.918 6.91492e-11
1.92 6.91492e-11
1.922 6.91492e-11
1.924 6.91492e-11
1.926 6.91492e-11
1.928 6.91492e-11
1.93 6.91492e-11
1.932 6.91492e-11
1.934 6.91492e-11
1.936 6.91492e-11
1.938 6.91492e-11
1.94 6.91492e-11
1.942 6.91492e-11
1.944 6.91492e-11
1.946 6.91492e-11
1.948 6.91492e-11
1.95 6.91492e-11
1.952 6.91492e-11
1.954 6.91492e-11
1.956 6.91492e-11
1.958 6.91492e-11
1.96 6.91492e-11
1.962 6.91492e-11
1.964 6.91492e-11
1.966 6.91492e-11
1.968 6.91492e-11
1.97 6.91492e-11
1.972 6.91492e-11
1.974 6.91492e-11
1.976 6.91492e-11
1.978 6.91492e-11
1.98 6.91492e-11
1.982 6.91492e-11
1.984 6.91492e-11
1.986 6.91492e-11
1.988 6.91492e-11
1.99 6.91492e-11
1.992 6.91492e-11
1.994 6.91492e-11
1.996 6.91492e-11
1.998 6.91492e-11
2 6.91492e-11
