0.01 -0.307061
0.02 -0.614122
0.03 -0.929901
0.04 -1.33705
0.045 -1.60582
0.05 -1.93203
0.06 -2.80258
0.07 -4.07354
0.0698282 -4.06354
0.0696563 -4.05354
0.0694845 -4.04354
0.0693126 -4.03354
0.0691408 -4.02354
0.068969 -4.01354
0.0687971 -4.00354
0.0686253 -3.99354
0.0684534 -3.98354
0.0682816 -3.97354
0.0681098 -3.96354
0.0679379 -3.95354
0.0677661 -3.94354
0.0675942 -3.93354
0.0674224 -3.92354
0.0672505 -3.91354
0.0670787 -3.90354
0.0669069 -3.89354
0.066735 -3.88354
0.0665632 -3.87354
0.0663913 -3.86354
0.0662195 -3.85354
0.0660477 -3.84354
0.0658758 -3.83354
0.065704 -3.82354
0.0655321 -3.81354
0.0653603 -3.80354
0.0651885 -3.79354
0.0650166 -3.78354
0.0648448 -3.77354
0.0646729 -3.76354
0.0645011 -3.75354
0.0643293 -3.74354
0.0641574 -3.73354
0.0639856 -3.72354
0.0638137 -3.71354
0.0636419 -3.70354
0.0634701 -3.69354
0.0632982 -3.68354
0.0631264 -3.67354
0.0629545 -3.66354
0.0627827 -3.65354
0.0626109 -3.64354
0.062439 -3.63354
0.0622672 -3.62354
0.0620953 -3.61354
0.0619235 -3.60354
0.0617516 -3.59354
0.0615798 -3.58354
0.061408 -3.57354
0.0612361 -3.56354
0.0610643 -3.55354
0.0608924 -3.54354
0.0607206 -3.53354
0.0605488 -3.52354
0.0603769 -3.51354
0.0602051 -3.50354
0.0600332 -3.49354
0.0598614 -3.48354
0.0596896 -3.47354
0.0595177 -3.46354
0.0593459 -3.45354
0.059174 -3.44354
0.0590022 -3.43354
0.0588304 -3.42354
0.0586585 -3.41354
0.0584867 -3.40354
0.0583148 -3.39354
0.058143 -3.38354
0.0579712 -3.37354
0.0577993 -3.36354
0.0576275 -3.35354
0.0574556 -3.34354
0.0572838 -3.33354
0.0571119 -3.32354
0.0569401 -3.31354
0.0567683 -3.30354
0.0565964 -3.29354
0.0564246 -3.28354
0.0562527 -3.27354
0.0560809 -3.26354
0.0559091 -3.25354
0.0557372 -3.24354
0.0555654 -3.23354
0.0553935 -3.22354
0.0552217 -3.21354
0.0550499 -3.20354
0.054878 -3.19354
0.0547062 -3.18354
0.0545343 -3.17354
0.0543625 -3.16354
0.0541907 -3.15354
0.0540188 -3.14354
0.053847 -3.13354
0.0536751 -3.12354
0.0535033 -3.11354
0.0533315 -3.10354
0.0531596 -3.09354
0.0529878 -3.08354
0.0528159 -3.07354
0.0526441 -3.06354
0.0524723 -3.05354
0.0523004 -3.04354
0.0521286 -3.03354
0.0519567 -3.02354
0.0517849 -3.01354
0.051613 -3.00354
0.0514412 -2.99354
0.0512694 -2.98354
0.0510975 -2.97354
0.0509257 -2.96354
0.0507538 -2.95354
0.050582 -2.94354
0.0504102 -2.93354
0.0502383 -2.92354
0.0500665 -2.91354
0.0498946 -2.90354
0.0497228 -2.89354
0.049551 -2.88354
0.0493791 -2.87354
0.0492073 -2.86354
0.0490354 -2.85354
0.0488636 -2.84354
0.0486918 -2.83354
0.0485199 -2.82354
0.0483481 -2.81354
0.0481762 -2.80354
0.0480044 -2.79354
0.0478326 -2.78354
0.0476607 -2.77354
0.0474889 -2.76354
0.047317 -2.75354
0.0471452 -2.74354
0.0469733 -2.73354
0.0468015 -2.72354
0.0466297 -2.71354
0.0464578 -2.70354
0.046286 -2.69354
0.0461141 -2.68354
0.0459423 -2.67354
0.0457705 -2.66354
0.0455986 -2.65354
0.0454268 -2.64354
0.0452549 -2.63354
0.0450831 -2.62354
0.0449113 -2.61354
0.0447394 -2.60354
0.0445676 -2.59354
0.0443957 -2.58354
0.0442239 -2.57354
0.0440521 -2.56354
0.0438802 -2.55354
0.0437084 -2.54354
0.0435365 -2.53354
0.0433647 -2.52354
0.0431929 -2.51354
0.043021 -2.50354
0.0428492 -2.49354
0.0426773 -2.48354
0.0425055 -2.47354
0.0423337 -2.46354
0.0421618 -2.45354
0.04199 -2.44354
0.0418181 -2.43354
0.0416463 -2.42354
0.0414744 -2.41354
0.0413026 -2.40354
0.0411308 -2.39354
0.0409589 -2.38354
0.0407871 -2.37354
0.0406152 -2.36354
0.0404434 -2.35354
0.0402716 -2.34354
0.0400997 -2.33354
0.0399279 -2.32354
0.039756 -2.31354
0.0395842 -2.30354
0.0394124 -2.29354
0.0392405 -2.28354
0.0390687 -2.27354
0.0388968 -2.26354
0.038725 -2.25354
0.0385532 -2.24354
0.0383813 -2.23354
0.0382095 -2.22354
0.0380376 -2.21354
0.0378658 -2.20354
0.037694 -2.19354
0.0375221 -2.18354
0.0373503 -2.17354
0.0371784 -2.16354
0.0370066 -2.15354
0.0368347 -2.14354
0.0366629 -2.13354
0.0364911 -2.12354
0.0363192 -2.11354
0.0361474 -2.10354
0.0359755 -2.09354
0.0358037 -2.08354
0.0356319 -2.07354
0.03546 -2.06354
0.0352882 -2.05354
0.0351163 -2.04354
0.0349445 -2.03354
0.0347727 -2.02354
0.0346008 -2.01354
0.034429 -2.00354
0.0342571 -1.99354
0.0340853 -1.98354
0.0339135 -1.97354
0.0337416 -1.96354
0.0335698 -1.95354
0.0333979 -1.94354
0.0332261 -1.93354
0.0330543 -1.92354
0.0328824 -1.91354
0.0327106 -1.90354
0.0325387 -1.89354
0.0323669 -1.88354
0.0321951 -1.87354
0.0320232 -1.86354
0.0318514 -1.85354
0.0316795 -1.84354
0.0315077 -1.83354
0.0313358 -1.82354
0.031164 -1.81354
0.0309922 -1.80354
0.0308203 -1.79354
0.0306485 -1.78354
0.0304766 -1.77354
0.0303048 -1.76354
0.030133 -1.75354
0.0299611 -1.74354
0.0297893 -1.73354
0.0296174 -1.72354
0.0294456 -1.71354
0.0292738 -1.70354
0.0291019 -1.69354
0.0289301 -1.68354
0.0287582 -1.67354
0.0285864 -1.66354
0.0284146 -1.65354
0.0282427 -1.64354
0.0280709 -1.63354
0.027899 -1.62354
0.0277272 -1.61354
0.0275554 -1.60354
0.0273835 -1.59354
0.0272117 -1.58354
0.0270398 -1.57354
0.026868 -1.56354
0.0266961 -1.55354
0.0265243 -1.54354
0.0263525 -1.53354
0.0261806 -1.52354
0.0260088 -1.51354
0.0258369 -1.50354
0.0256651 -1.49354
0.0254933 -1.48354
0.0253214 -1.47354
0.0251496 -1.46354
0.0249777 -1.45354
0.0248059 -1.44354
0.0246341 -1.43354
0.0244622 -1.42354
0.0242904 -1.41354
0.0241185 -1.40354
0.0239467 -1.39354
0.0237749 -1.38354
0.023603 -1.37354
0.0234312 -1.36354
0.0232593 -1.35354
0.0230875 -1.34354
0.0229157 -1.33354
0.0227438 -1.32354
0.022572 -1.31354
0.0224001 -1.30354
0.0222283 -1.29354
0.0220565 -1.28354
0.0218846 -1.27354
0.0217128 -1.26354
0.0215409 -1.25354
0.0213691 -1.24354
0.0211972 -1.23354
0.0210254 -1.22354
0.0208536 -1.21354
0.0206817 -1.20354
0.0205099 -1.19354
0.020338 -1.18354
0.0201662 -1.17354
0.0199944 -1.16354
0.0198225 -1.15354
0.0196507 -1.14354
0.0194788 -1.13354
0.019307 -1.12354
0.0191352 -1.11354
0.0189633 -1.10354
0.0187915 -1.09354
0.0186196 -1.08354
0.0184478 -1.07354
0.018276 -1.06354
0.0181041 -1.05354
0.0179323 -1.04354
0.0177604 -1.03354
0.0175886 -1.02354
0.0174168 -1.01354
0.0172449 -1.00354
0.0170731 -0.993541
0.0169012 -0.983541
0.0167294 -0.973541
0.0165575 -0.963541
0.0163857 -0.953541
0.0162139 -0.943541
0.016042 -0.933541
0.0158702 -0.923541
0.0156983 -0.913541
0.0155265 -0.903541
0.0153547 -0.893541
0.0151828 -0.883541
0.015011 -0.873541
0.0148391 -0.863541
0.0146673 -0.853541
0.0144955 -0.843541
0.0143236 -0.833541
0.0141518 -0.823541
0.0139799 -0.813541
0.0138081 -0.803541
0.0136363 -0.793541
0.0134644 -0.783541
0.0132926 -0.773541
0.0131207 -0.763541
0.0129489 -0.753541
0.0127771 -0.743541
0.0126052 -0.733541
0.0124334 -0.723541
0.0122615 -0.713541
0.0120897 -0.703541
0.0119179 -0.693541
0.011746 -0.683541
0.0115742 -0.673541
0.0114023 -0.663541
0.0112305 -0.653541
0.0110586 -0.643541
0.0108868 -0.633541
0.010715 -0.623541
0.0105431 -0.613541
0.0103713 -0.603541
0.0101994 -0.593541
0.0100276 -0.583541
0.00985576 -0.573541
0.00968392 -0.563541
0.00951208 -0.553541
0.00934024 -0.543541
0.0091684 -0.533541
0.00899656 -0.523541
0.00882472 -0.513541
0.00865288 -0.503541
0.00848104 -0.493541
0.0083092 -0.483541
0.00813736 -0.473541
0.00796552 -0.463541
0.00779367 -0.453541
0.00762183 -0.443541
0.00744999 -0.433541
0.00727815 -0.423541
0.00710631 -0.413541
0.00693447 -0.403541
0.00676263 -0.393541
0.00659079 -0.383541
0.00641895 -0.373541
0.00624711 -0.363541
0.00607527 -0.353541
0.00590343 -0.343541
0.00573159 -0.333541
0.00555975 -0.323541
0.0053879 -0.313541
0.00521606 -0.303541
0.00504422 -0.293541
0.00487238 -0.283541
0.00470054 -0.273541
0.0045287 -0.263541
0.00435686 -0.253541
0.00418502 -0.243541
0.00401318 -0.233541
0.00384134 -0.223541
0.0036695 -0.213541
0.00349766 -0.203541
0.00332582 -0.193541
0.00315398 -0.183541
0.00298214 -0.173541
0.00281029 -0.163541
0.00263845 -0.153541
0.00246661 -0.143541
0.00229477 -0.133541
0.00212293 -0.123541
0.00195109 -0.113541
0.00177925 -0.103541
0.00160741 -0.0935407
0.00143557 -0.0835407
0.00126373 -0.0735407
0.00109189 -0.0635407
0.000920047 -0.0535407
0.000748207 -0.0435407
0.000576366 -0.0335407
0.000404525 -0.0235407
0.000232685 -0.0135407
6.08439e-05 -0.00354074
-0.000133033 0.00645926
-0.000338988 0.0164593
-0.000544944 0.0264593
-0.0007509 0.0364593
-0.000956855 0.0464593
-0.00116281 0.0564593
-0.00136829 0.0664593
-0.00156787 0.0764593
-0.00176262 0.0864593
-0.00194325 0.0964593
-0.00207373 0.106459
