0.01 -0.0307061
0.011 -0.0307061
0.021 -0.0307061
0.022 -0.0307061
0.032 -0.0307061
0.033 -0.0307061
0.043 -0.0307061
0.044 -0.0307061
0.054 -0.0307061
0.055 -0.0307061
0.065 -0.0307061
0.066 -0.0307061
0.076 -0.0307061
0.077 -0.0307061
0.087 -0.0307061
0.088 -0.0307061
0.098 -0.0307061
0.099 -0.0307061
0.109 -0.0307061
0.11 -0.0307061
0.12 -0.0307061
0.121 -0.0307061
0.131 -0.0307061
0.132 -0.0307061
0.142 -0.0307061
0.143 -0.0307061
0.153 -0.0307061
0.154 -0.0307061
0.164 -0.0307061
0.165 -0.0307061
0.175 -0.0307061
0.176 -0.0307061
0.186 -0.0307061
0.187 -0.0307061
0.197 -0.0307061
0.198 -0.0307061
0.208 -0.0307061
0.209 -0.0307061
0.219 -0.0307061
0.22 -0.0307061
0.23 -0.0307061
0.231 -0.0307061
0.241 -0.0307061
0.242 -0.0307061
0.252 -0.0307061
0.253 -0.0307061
0.263 -0.0307061
0.264 -0.0307061
0.274 -0.0307061
0.275 -0.0307061
0.285 -0.0307061
0.286 -0.0307061
0.296 -0.0307061
0.297 -0.0307061
0.307 -0.0307061
0.308 -0.0307061
0.318 -0.0307061
0.319 -0.0307061
0.329 -0.0307061
0.33 -0.0307061
0.34 -0.0307061
0.341 -0.0307061
0.351 -0.0307061
0.352 -0.0307061
0.362 -0.0307061
0.363 -0.0307061
0.373 -0.0307061
0.374 -0.0307061
0.384 -0.0307061
0.385 -0.0307061
0.395 -0.0307061
0.396 -0.0307061
0.406 -0.0307061
0.407 -0.0307061
0.417 -0.0307061
0.418 -0.0307061
0.428 -0.0307061
0.429 -0.0307061
0.439 -0.0307061
0.44 -0.0307061
0.45 -0.0307061
0.451 -0.0307061
0.461 -0.0307061
0.462 -0.0307061
0.472 -0.0307061
0.473 -0.0307061
0.483 -0.0307061
0.484 -0.0307061
0.494 -0.0307061
0.495 -0.0307061
0.505 -0.0307061
0.506 -0.0307061
0.516 -0.0307061
0.517 -0.0307061
0.527 -0.0307061
0.528 -0.0307061
0.538 -0.0307061
0.539 -0.0307061
0.549 -0.0307061
0.55 -0.0307061
0.56 -0.0307061
0.561 -0.0307061
0.571 -0.0307061
0.572 -0.0307061
0.582 -0.0307061
0.583 -0.0307061
0.593 -0.0307061
0.594 -0.0307061
0.604 -0.0307061
0.605 -0.0307061
0.615 -0.0307061
0.616 -0.0307061
0.626 -0.0307061
0.627 -0.0307061
0.637 -0.0307061
0.638 -0.0307061
0.648 -0.0307061
0.649 -0.0307061
0.659 -0.0307061
0.66 -0.0307061
0.67 -0.0307061
0.671 -0.0307061
0.681 -0.0307061
0.682 -0.0307061
0.692 -0.0307061
0.693 -0.0307061
0.703 -0.0307061
0.704 -0.0307061
0.714 -0.0307061
0.715 -0.0307061
0.725 -0.0307061
0.726 -0.0307061
0.736 -0.0307061
0.737 -0.0307061
0.747 -0.0307061
0.748 -0.0307061
0.758 -0.0307061
0.759 -0.0307061
0.769 -0.0307061
0.77 -0.0307061
0.78 -0.0307061
0.781 -0.0307061
0.791 -0.0307061
0.792 -0.0307061
0.802 -0.0307061
0.803 -0.0307061
0.813 -0.0307061
0.814 -0.0307061
0.824 -0.0307061
0.825 -0.0307061
0.835 -0.0307061
0.836 -0.0307061
0.846 -0.0307061
0.847 -0.0307061
0.857 -0.0307061
0.858 -0.0307061
0.868 -0.0307061
0.869 -0.0307061
0.879 -0.0307061
0.88 -0.0307061
0.89 -0.0307061
0.891 -0.0307061
0.901 -0.0307061
0.902 -0.0307061
0.912 -0.0307061
0.913 -0.0307061
0.923 -0.0307061
0.924 -0.0307061
0.934 -0.0307061
0.935 -0.0307061
0.945 -0.0307061
0.946 -0.0307061
0.956 -0.0307061
0.957 -0.0307061
0.967 -0.0307061
0.968 -0.0307061
0.978 -0.0307061
0.979 -0.0307061
0.989 -0.0307061
0.99 -0.0307061
1 -0.0307061
1.001 -0.0307061
1.011 -0.0307061
1.012 -0.0307061
1.022 -0.0307061
1.023 -0.0307061
1.033 -0.0307061
1.034 -0.0307061
1.044 -0.0307061
1.045 -0.0307061
1.055 -0.0307061
1.056 -0.0307061
1.066 -0.0307061
1.067 -0.0307061
1.077 -0.0307061
1.078 -0.0307061
1.088 -0.0307061
1.089 -0.0307061
1.099 -0.0307061
1.1 -0.0307061
1.1001 0.052686
1.1002 0.0526952
1.1003 0.0527044
1.1004 0.0527136
1.1005 0.0527228
1.1006 0.052732
1.1007 0.0527412
1.1008 0.0527504
1.1009 0.0527595
1.101 0.0527687
1.1011 0.0527779
1.1012 0.0527871
1.1013 0.0527963
1.1014 0.0528055
1.1015 0.0528147
1.1016 0.0528239
1.1017 0.052833
1.1018 0.0528422
1.1019 0.0528514
1.102 0.0528606
1.1021 0.0528698
1.1022 0.052879
1.1023 0.0528882
1.1024 0.0528974
1.1025 0.0529065
1.1026 0.0529157
1.1027 0.0529249
1.1028 0.0529341
1.1029 0.0529433
1.103 0.0529525
1.1031 0.0529617
1.1032 0.0529709
1.1033 0.05298
1.1034 0.0529892
1.1035 0.0529984
1.1036 0.0530076
1.1037 0.0530168
1.1038 0.053026
1.1039 0.0530352
1.104 0.0530444
1.1041 0.0530536
1.1042 0.0530627
1.1043 0.0530719
1.1044 0.0530811
1.1045 0.0530903
1.1046 0.0530995
1.1047 0.0531087
1.1048 0.0531179
1.1049 0.0531271
1.105 0.0531362
1.1051 0.0531454
1.1052 0.0531546
1.1053 0.0531638
1.1054 0.053173
1.1055 0.0531822
1.1056 0.0531914
1.1057 0.0532006
1.1058 0.0532098
1.1059 0.0532189
1.106 0.0532281
1.1061 0.0532373
1.1062 0.0532465
1.1063 0.0532557
1.1064 0.0532649
1.1065 0.0532741
1.1066 0.0532833
1.1067 0.0532925
1.1068 0.0533017
1.1069 0.0533109
1.107 0.0533201
1.1071 0.0533293
1.1072 0.0533385
1.1073 0.0533478
1.1074 0.053357
1.1075 0.0533662
1.1076 0.0533754
1.1077 0.0533846
1.1078 0.0533938
1.1079 0.053403
1.108 0.0534123
1.1081 0.0534215
1.1082 0.0534307
1.1083 0.0534399
1.1084 0.0534491
1.1085 0.0534583
1.1086 0.0534675
1.1087 0.0534768
1.1088 0.053486
1.1089 0.0534952
1.109 0.0535044
1.1091 0.0535136
1.1092 0.0535228
1.1093 0.053532
1.1094 0.0535413
1.1095 0.0535505
1.1096 0.0535597
1.1097 0.0535689
1.1098 0.0535781
1.1099 0.0535873
1.11 0.0535965
1.1101 0.0536058
